<?xml version="1.0" encoding="UTF-8"?>
<testsuite xmlns:xsi="http://www.w3.org/2001/XMLSchema-instance" xsi:noNamespaceSchemaLocation="https://maven.apache.org/surefire/maven-failsafe-plugin/xsd/failsafe-test-report-3.0.xsd" version="3.0" name="runners.UnitTestRunner" time="30.693" tests="5" errors="1" skipped="0" failures="0">
  <properties>
[...]
</properties>
  <testcase name="user login successful" classname="user login to the page successful" time="13.256">
    <error message="Timed out after 2 seconds. Element not found&#10;For documentation on this error, please visit: https://selenium.dev/exceptions/#no_such_element&#10;Build info: version: &apos;4.1.3&apos;, revision: &apos;7b1ebf28ef&apos;&#10;System info: host: &apos;LAPDELL-0226&apos;, ip: &apos;192.168.137.230&apos;, os.name: &apos;Windows 10&apos;, os.arch: &apos;amd64&apos;, os.version: &apos;10.0&apos;, java.version: &apos;1.8.0_321&apos;&#10;Driver info: driver.version: unknown" type="org.openqa.selenium.NoSuchElementException"><![CDATA[org.openqa.selenium.NoSuchElementException: 
Timed out after 2 seconds. Element not found
For documentation on this error, please visit: https://selenium.dev/exceptions/#no_such_element
Build info: version: '4.1.3', revision: '7b1ebf28ef'
System info: host: 'LAPDELL-0226', ip: '192.168.137.230', os.name: 'Windows 10', os.arch: 'amd64', os.version: '10.0', java.version: '1.8.0_321'
Driver info: driver.version: unknown
]]></error>
    <system-out><![CDATA[02:11:10.364 [main] INFO io.cucumber.core.plugin.SerenityReporter - Running feature from file:///D:/Pratice/serenity_homework/src/test/resources/features.login/login_sucess.feature
02:11:10.364 [main] WARN io.cucumber.core.plugin.SerenityReporter - Feature from file:///D:/Pratice/serenity_homework/src/test/resources/features.login/login_sucess.feature is not under the 'features' directory. Requirements report will not be correctly generated!
02:11:10.366 [main] DEBUG net.thucydides.core.steps.StepEventBus - Test suite started for story net.thucydides.core.model.Story@b5de0373
02:11:10.366 [main] INFO  - Test Suite Started: user login to the page successful
02:11:10.385 [main] INFO io.cucumber.core.plugin.SerenityReporter - Running feature from file:///D:/Pratice/serenity_homework/src/test/resources/features.login/login_unsuccess.feature
02:11:10.385 [main] WARN io.cucumber.core.plugin.SerenityReporter - Feature from file:///D:/Pratice/serenity_homework/src/test/resources/features.login/login_unsuccess.feature is not under the 'features' directory. Requirements report will not be correctly generated!
02:11:10.387 [main] DEBUG net.thucydides.core.steps.StepEventBus - Test suite started for story net.thucydides.core.model.Story@d30bc052
02:11:10.388 [main] INFO  - Test Suite Started: user login to the page unsuccessful
02:11:10.390 [main] INFO io.cucumber.core.plugin.SerenityReporter - Running feature from file:///D:/Pratice/serenity_homework/src/test/resources/features.login/login_sucess.feature
02:11:10.390 [main] WARN io.cucumber.core.plugin.SerenityReporter - Feature from file:///D:/Pratice/serenity_homework/src/test/resources/features.login/login_sucess.feature is not under the 'features' directory. Requirements report will not be correctly generated!
02:11:10.391 [main] DEBUG net.thucydides.core.steps.StepEventBus - Test suite started for story net.thucydides.core.model.Story@b5de0373
02:11:10.391 [main] INFO  - Test Suite Started: user login to the page successful

@unit123
Scenario Outline: user login successful                              &amp#27;[90m# src/test/resources/features.login/login_sucess.feature:9&amp#27;[0m
02:11:10.402 [main] INFO io.cucumber.core.plugin.SerenityReporter - Running feature from file:///D:/Pratice/serenity_homework/src/test/resources/features.login/login_sucess.feature
02:11:10.402 [main] WARN io.cucumber.core.plugin.SerenityReporter - Feature from file:///D:/Pratice/serenity_homework/src/test/resources/features.login/login_sucess.feature is not under the 'features' directory. Requirements report will not be correctly generated!
02:11:10.403 [main] INFO  - 
  _____   ___   ___   _____     ___   _____     _     ___   _____   ___   ___  
 |_   _| | __| / __| |_   _|   / __| |_   _|   /_\   | _ \ |_   _| | __| |   \ 
   | |   | _|  \__ \   | |     \__ \   | |    / _ \  |   /   | |   | _|  | |) |
   |_|   |___| |___/   |_|     |___/   |_|   /_/ \_\ |_|_\   |_|   |___| |___/ 

user login successful(user-login-to-the-page-successful;user-login-successful)
--------------------------------------------------------------------------------
02:11:10.427 [main] DEBUG io.github.bonigarcia.wdm.cache.ResolutionCache - Resolution chrome=100 in cache (valid until 02:23:33 21/04/2022 ICT)
02:11:10.427 [main] DEBUG io.github.bonigarcia.wdm.cache.ResolutionCache - Resolution chrome100=100.0.4896.60 in cache (valid until 15:25:50 21/04/2022 ICT)
02:11:10.427 [main] INFO io.github.bonigarcia.wdm.WebDriverManager - Using chromedriver 100.0.4896.60 (resolved driver for Chrome 100)
02:11:10.431 [main] DEBUG io.github.bonigarcia.wdm.WebDriverManager - Driver chromedriver 100.0.4896.60 found in cache
02:11:10.433 [main] INFO io.github.bonigarcia.wdm.WebDriverManager - Exporting webdriver.chrome.driver as C:\Users\dung.nguyenanh\.cache\selenium\chromedriver\win32\100.0.4896.60\chromedriver.exe
02:11:10.434 [main] INFO net.serenitybdd.core.webdriver.driverproviders.ChromeDriverProvider - Using automatically driver download
02:11:10.531 [main] DEBUG io.github.bonigarcia.wdm.cache.ResolutionCache - Resolution chrome=100 in cache (valid until 02:23:33 21/04/2022 ICT)
02:11:10.531 [main] DEBUG io.github.bonigarcia.wdm.cache.ResolutionCache - Resolution chrome100=100.0.4896.60 in cache (valid until 15:25:50 21/04/2022 ICT)
02:11:10.531 [main] INFO io.github.bonigarcia.wdm.WebDriverManager - Using chromedriver 100.0.4896.60 (resolved driver for Chrome 100)
02:11:10.535 [main] DEBUG io.github.bonigarcia.wdm.WebDriverManager - Driver chromedriver 100.0.4896.60 found in cache
02:11:10.535 [main] INFO io.github.bonigarcia.wdm.WebDriverManager - Exporting webdriver.chrome.driver as C:\Users\dung.nguyenanh\.cache\selenium\chromedriver\win32\100.0.4896.60\chromedriver.exe
02:11:10.631 [main] DEBUG net.serenitybdd.core.webdriver.driverproviders.ProvideNewDriver - Instantiating driver
02:11:10.631 [main] DEBUG net.serenitybdd.core.webdriver.driverproviders.ProvideNewDriver - Driver capabilities: Capabilities {acceptInsecureCerts: false, autodownload: true, base.url: https://demo.guru99.com/V1/..., browserName: chrome, goog:chromeOptions: {args: [], extensions: []}}
02:11:11.171 [AsyncHttpClient-1-8] DEBUG org.asynchttpclient.netty.channel.NettyConnectListener - Using new Channel '[id: 0x0bd4093f, L:/127.0.0.1:61649 - R:localhost/127.0.0.1:61524]' for 'POST' to '/session'
02:11:11.942 [AsyncHttpClient-1-8] DEBUG org.asynchttpclient.netty.handler.HttpHandler - 

Request DefaultHttpRequest(decodeResult: success, version: HTTP/1.1)
POST /session HTTP/1.1
User-Agent: selenium/4.1.3 (java windows)
Content-Length: 539
Content-Type: application/json; charset=utf-8
host: localhost:61524
accept: */*

Response DefaultHttpResponse(decodeResult: success, version: HTTP/1.1)
HTTP/1.1 200 OK
Content-Type: application/json; charset=utf-8
cache-control: no-cache
content-length: 795

02:11:11.942 [AsyncHttpClient-1-8] DEBUG org.asynchttpclient.netty.channel.ChannelManager - Adding key: http://localhost:61524 for channel [id: 0x0bd4093f, L:/127.0.0.1:61649 - R:localhost/127.0.0.1:61524]
02:11:11.962 [AsyncHttpClient-1-1] DEBUG org.asynchttpclient.netty.channel.DefaultChannelPool - Entry count for : http://localhost:61524 : 1
02:11:11.965 [AsyncHttpClient-1-9] DEBUG org.asynchttpclient.netty.channel.NettyConnectListener - Using new Channel '[id: 0xd58ec547, L:/127.0.0.1:61658 - R:localhost/127.0.0.1:61652]' for 'GET' to '/json/version'
02:11:11.966 [AsyncHttpClient-1-9] DEBUG org.asynchttpclient.netty.handler.HttpHandler - 

Request DefaultFullHttpRequest(decodeResult: success, version: HTTP/1.1, content: EmptyByteBufBE)
GET /json/version HTTP/1.1
User-Agent: selenium/4.1.3 (java windows)
host: localhost:61652
accept: */*

Response DefaultHttpResponse(decodeResult: success, version: HTTP/1.1)
HTTP/1.1 200 OK
Content-Type: application/json; charset=UTF-8
content-length: 429

02:11:11.966 [AsyncHttpClient-1-9] DEBUG org.asynchttpclient.netty.channel.ChannelManager - Adding key: http://localhost:61652 for channel [id: 0xd58ec547, L:/127.0.0.1:61658 - R:localhost/127.0.0.1:61652]
02:11:11.972 [AsyncHttpClient-1-10] DEBUG org.asynchttpclient.netty.channel.NettyConnectListener - Using new Channel '[id: 0x560af41c, L:/127.0.0.1:61659 - R:localhost/127.0.0.1:61652]' for 'GET' to '/devtools/browser/8ea9c76a-a6be-408d-bfb2-53918ad6c7e1'
02:11:11.973 [AsyncHttpClient-1-10] DEBUG org.asynchttpclient.netty.handler.WebSocketHandler - 

Request DefaultFullHttpRequest(decodeResult: success, version: HTTP/1.1, content: EmptyByteBufBE)
GET /devtools/browser/8ea9c76a-a6be-408d-bfb2-53918ad6c7e1 HTTP/1.1
upgrade: websocket
connection: upgrade
sec-websocket-key: 6kljKnPJ3V4TdVhJDlMeQg==
sec-websocket-version: 13
origin: http://localhost:61652
host: localhost:61652
accept: */*
user-agent: AHC/2.1

Response DefaultHttpResponse(decodeResult: success, version: HTTP/1.1)
HTTP/1.1 101 WebSocket Protocol Handshake
Upgrade: WebSocket
Connection: Upgrade
Sec-WebSocket-Accept: g1nvZIIXHNsDb2f8o82jP9KuV8o=

02:11:11.991 [Forwarding get on session a58d05be41b001e9350017e91cd995e7 to remote] DEBUG org.asynchttpclient.netty.request.NettyRequestSender - Using pooled Channel '[id: 0x0bd4093f, L:/127.0.0.1:61649 - R:localhost/127.0.0.1:61524]' for 'POST' to 'http://localhost:61524/session/a58d05be41b001e9350017e91cd995e7/url'
02:11:11.991 [Forwarding get on session a58d05be41b001e9350017e91cd995e7 to remote] DEBUG org.asynchttpclient.netty.request.NettyRequestSender - Using open Channel [id: 0x0bd4093f, L:/127.0.0.1:61649 - R:localhost/127.0.0.1:61524] for POST '/session/a58d05be41b001e9350017e91cd995e7/url'
02:11:13.059 [AsyncHttpClient-1-1] DEBUG org.asynchttpclient.netty.channel.DefaultChannelPool - Entry count for : http://localhost:61652 : 1
02:11:14.162 [AsyncHttpClient-1-1] DEBUG org.asynchttpclient.netty.channel.DefaultChannelPool - Entry count for : http://localhost:61652 : 1
02:11:15.258 [AsyncHttpClient-1-1] DEBUG org.asynchttpclient.netty.channel.DefaultChannelPool - Entry count for : http://localhost:61652 : 1
02:11:15.983 [AsyncHttpClient-1-8] DEBUG org.asynchttpclient.netty.handler.HttpHandler - 

Request DefaultHttpRequest(decodeResult: success, version: HTTP/1.1)
POST /session/a58d05be41b001e9350017e91cd995e7/url HTTP/1.1
User-Agent: selenium/4.1.3 (java windows)
Content-Length: 94
Content-Type: application/json; charset=utf-8
host: localhost:61524
accept: */*

Response DefaultHttpResponse(decodeResult: success, version: HTTP/1.1)
HTTP/1.1 200 OK
Content-Type: application/json; charset=utf-8
cache-control: no-cache
content-length: 14

02:11:15.984 [AsyncHttpClient-1-8] DEBUG org.asynchttpclient.netty.channel.ChannelManager - Adding key: http://localhost:61524 for channel [id: 0x0bd4093f, L:/127.0.0.1:61649 - R:localhost/127.0.0.1:61524]
02:11:15.985 [Forwarding setTimeout on session a58d05be41b001e9350017e91cd995e7 to remote] DEBUG org.asynchttpclient.netty.request.NettyRequestSender - Using pooled Channel '[id: 0x0bd4093f, L:/127.0.0.1:61649 - R:localhost/127.0.0.1:61524]' for 'POST' to 'http://localhost:61524/session/a58d05be41b001e9350017e91cd995e7/timeouts'
02:11:15.985 [Forwarding setTimeout on session a58d05be41b001e9350017e91cd995e7 to remote] DEBUG org.asynchttpclient.netty.request.NettyRequestSender - Using open Channel [id: 0x0bd4093f, L:/127.0.0.1:61649 - R:localhost/127.0.0.1:61524] for POST '/session/a58d05be41b001e9350017e91cd995e7/timeouts'
02:11:15.987 [AsyncHttpClient-1-8] DEBUG org.asynchttpclient.netty.handler.HttpHandler - 

Request DefaultHttpRequest(decodeResult: success, version: HTTP/1.1)
POST /session/a58d05be41b001e9350017e91cd995e7/timeouts HTTP/1.1
User-Agent: selenium/4.1.3 (java windows)
Content-Length: 22
Content-Type: application/json; charset=utf-8
host: localhost:61524
accept: */*

Response DefaultHttpResponse(decodeResult: success, version: HTTP/1.1)
HTTP/1.1 200 OK
Content-Type: application/json; charset=utf-8
cache-control: no-cache
content-length: 14

02:11:15.987 [AsyncHttpClient-1-8] DEBUG org.asynchttpclient.netty.channel.ChannelManager - Adding key: http://localhost:61524 for channel [id: 0x0bd4093f, L:/127.0.0.1:61649 - R:localhost/127.0.0.1:61524]
02:11:15.988 [Forwarding getCurrentUrl on session a58d05be41b001e9350017e91cd995e7 to remote] DEBUG org.asynchttpclient.netty.request.NettyRequestSender - Using pooled Channel '[id: 0x0bd4093f, L:/127.0.0.1:61649 - R:localhost/127.0.0.1:61524]' for 'GET' to 'http://localhost:61524/session/a58d05be41b001e9350017e91cd995e7/url'
02:11:15.989 [Forwarding getCurrentUrl on session a58d05be41b001e9350017e91cd995e7 to remote] DEBUG org.asynchttpclient.netty.request.NettyRequestSender - Using open Channel [id: 0x0bd4093f, L:/127.0.0.1:61649 - R:localhost/127.0.0.1:61524] for GET '/session/a58d05be41b001e9350017e91cd995e7/url'
02:11:15.994 [AsyncHttpClient-1-8] DEBUG org.asynchttpclient.netty.handler.HttpHandler - 

Request DefaultFullHttpRequest(decodeResult: success, version: HTTP/1.1, content: EmptyByteBufBE)
GET /session/a58d05be41b001e9350017e91cd995e7/url HTTP/1.1
User-Agent: selenium/4.1.3 (java windows)
Cache-Control: no-cache
Content-Type: application/json; charset=utf-8
host: localhost:61524
accept: */*

Response DefaultHttpResponse(decodeResult: success, version: HTTP/1.1)
HTTP/1.1 200 OK
Content-Type: application/json; charset=utf-8
cache-control: no-cache
content-length: 61

02:11:15.994 [AsyncHttpClient-1-8] DEBUG org.asynchttpclient.netty.channel.ChannelManager - Adding key: http://localhost:61524 for channel [id: 0x0bd4093f, L:/127.0.0.1:61649 - R:localhost/127.0.0.1:61524]
02:11:15.995 [Forwarding getCurrentUrl on session a58d05be41b001e9350017e91cd995e7 to remote] DEBUG org.asynchttpclient.netty.request.NettyRequestSender - Using pooled Channel '[id: 0x0bd4093f, L:/127.0.0.1:61649 - R:localhost/127.0.0.1:61524]' for 'GET' to 'http://localhost:61524/session/a58d05be41b001e9350017e91cd995e7/url'
02:11:15.995 [Forwarding getCurrentUrl on session a58d05be41b001e9350017e91cd995e7 to remote] DEBUG org.asynchttpclient.netty.request.NettyRequestSender - Using open Channel [id: 0x0bd4093f, L:/127.0.0.1:61649 - R:localhost/127.0.0.1:61524] for GET '/session/a58d05be41b001e9350017e91cd995e7/url'
02:11:15.998 [AsyncHttpClient-1-8] DEBUG org.asynchttpclient.netty.handler.HttpHandler - 

Request DefaultFullHttpRequest(decodeResult: success, version: HTTP/1.1, content: EmptyByteBufBE)
GET /session/a58d05be41b001e9350017e91cd995e7/url HTTP/1.1
User-Agent: selenium/4.1.3 (java windows)
Cache-Control: no-cache
Content-Type: application/json; charset=utf-8
host: localhost:61524
accept: */*

Response DefaultHttpResponse(decodeResult: success, version: HTTP/1.1)
HTTP/1.1 200 OK
Content-Type: application/json; charset=utf-8
cache-control: no-cache
content-length: 61

02:11:15.998 [AsyncHttpClient-1-8] DEBUG org.asynchttpclient.netty.channel.ChannelManager - Adding key: http://localhost:61524 for channel [id: 0x0bd4093f, L:/127.0.0.1:61649 - R:localhost/127.0.0.1:61524]
02:11:16.000 [Forwarding maximizeCurrentWindow on session a58d05be41b001e9350017e91cd995e7 to remote] DEBUG org.asynchttpclient.netty.request.NettyRequestSender - Using pooled Channel '[id: 0x0bd4093f, L:/127.0.0.1:61649 - R:localhost/127.0.0.1:61524]' for 'POST' to 'http://localhost:61524/session/a58d05be41b001e9350017e91cd995e7/window/maximize'
02:11:16.000 [Forwarding maximizeCurrentWindow on session a58d05be41b001e9350017e91cd995e7 to remote] DEBUG org.asynchttpclient.netty.request.NettyRequestSender - Using open Channel [id: 0x0bd4093f, L:/127.0.0.1:61649 - R:localhost/127.0.0.1:61524] for POST '/session/a58d05be41b001e9350017e91cd995e7/window/maximize'
02:11:16.126 [AsyncHttpClient-1-8] DEBUG org.asynchttpclient.netty.handler.HttpHandler - 

Request DefaultHttpRequest(decodeResult: success, version: HTTP/1.1)
POST /session/a58d05be41b001e9350017e91cd995e7/window/maximize HTTP/1.1
User-Agent: selenium/4.1.3 (java windows)
Content-Length: 3
Content-Type: application/json; charset=utf-8
host: localhost:61524
accept: */*

Response DefaultHttpResponse(decodeResult: success, version: HTTP/1.1)
HTTP/1.1 200 OK
Content-Type: application/json; charset=utf-8
cache-control: no-cache
content-length: 51

02:11:16.126 [AsyncHttpClient-1-8] DEBUG org.asynchttpclient.netty.channel.ChannelManager - Adding key: http://localhost:61524 for channel [id: 0x0bd4093f, L:/127.0.0.1:61649 - R:localhost/127.0.0.1:61524]
02:11:16.139 [main] DEBUG net.thucydides.core.steps.StepInterceptor - STARTING STEP: LoginStepDefs.the_user_enters_the_username_and_password - login
02:11:16.142 [Forwarding setTimeout on session a58d05be41b001e9350017e91cd995e7 to remote] DEBUG org.asynchttpclient.netty.request.NettyRequestSender - Using pooled Channel '[id: 0x0bd4093f, L:/127.0.0.1:61649 - R:localhost/127.0.0.1:61524]' for 'POST' to 'http://localhost:61524/session/a58d05be41b001e9350017e91cd995e7/timeouts'
02:11:16.142 [Forwarding setTimeout on session a58d05be41b001e9350017e91cd995e7 to remote] DEBUG org.asynchttpclient.netty.request.NettyRequestSender - Using open Channel [id: 0x0bd4093f, L:/127.0.0.1:61649 - R:localhost/127.0.0.1:61524] for POST '/session/a58d05be41b001e9350017e91cd995e7/timeouts'
02:11:16.143 [AsyncHttpClient-1-8] DEBUG org.asynchttpclient.netty.handler.HttpHandler - 

Request DefaultHttpRequest(decodeResult: success, version: HTTP/1.1)
POST /session/a58d05be41b001e9350017e91cd995e7/timeouts HTTP/1.1
User-Agent: selenium/4.1.3 (java windows)
Content-Length: 19
Content-Type: application/json; charset=utf-8
host: localhost:61524
accept: */*

Response DefaultHttpResponse(decodeResult: success, version: HTTP/1.1)
HTTP/1.1 200 OK
Content-Type: application/json; charset=utf-8
cache-control: no-cache
content-length: 14

02:11:16.143 [AsyncHttpClient-1-8] DEBUG org.asynchttpclient.netty.channel.ChannelManager - Adding key: http://localhost:61524 for channel [id: 0x0bd4093f, L:/127.0.0.1:61649 - R:localhost/127.0.0.1:61524]
02:11:16.144 [Forwarding findElement on session a58d05be41b001e9350017e91cd995e7 to remote] DEBUG org.asynchttpclient.netty.request.NettyRequestSender - Using pooled Channel '[id: 0x0bd4093f, L:/127.0.0.1:61649 - R:localhost/127.0.0.1:61524]' for 'POST' to 'http://localhost:61524/session/a58d05be41b001e9350017e91cd995e7/element'
02:11:16.144 [Forwarding findElement on session a58d05be41b001e9350017e91cd995e7 to remote] DEBUG org.asynchttpclient.netty.request.NettyRequestSender - Using open Channel [id: 0x0bd4093f, L:/127.0.0.1:61649 - R:localhost/127.0.0.1:61524] for POST '/session/a58d05be41b001e9350017e91cd995e7/element'
02:11:16.155 [AsyncHttpClient-1-8] DEBUG org.asynchttpclient.netty.handler.HttpHandler - 

Request DefaultHttpRequest(decodeResult: success, version: HTTP/1.1)
POST /session/a58d05be41b001e9350017e91cd995e7/element HTTP/1.1
User-Agent: selenium/4.1.3 (java windows)
Content-Length: 61
Content-Type: application/json; charset=utf-8
host: localhost:61524
accept: */*

Response DefaultHttpResponse(decodeResult: success, version: HTTP/1.1)
HTTP/1.1 200 OK
Content-Type: application/json; charset=utf-8
cache-control: no-cache
content-length: 88

02:11:16.155 [AsyncHttpClient-1-8] DEBUG org.asynchttpclient.netty.channel.ChannelManager - Adding key: http://localhost:61524 for channel [id: 0x0bd4093f, L:/127.0.0.1:61649 - R:localhost/127.0.0.1:61524]
02:11:16.156 [Forwarding setTimeout on session a58d05be41b001e9350017e91cd995e7 to remote] DEBUG org.asynchttpclient.netty.request.NettyRequestSender - Using pooled Channel '[id: 0x0bd4093f, L:/127.0.0.1:61649 - R:localhost/127.0.0.1:61524]' for 'POST' to 'http://localhost:61524/session/a58d05be41b001e9350017e91cd995e7/timeouts'
02:11:16.157 [Forwarding setTimeout on session a58d05be41b001e9350017e91cd995e7 to remote] DEBUG org.asynchttpclient.netty.request.NettyRequestSender - Using open Channel [id: 0x0bd4093f, L:/127.0.0.1:61649 - R:localhost/127.0.0.1:61524] for POST '/session/a58d05be41b001e9350017e91cd995e7/timeouts'
02:11:16.157 [AsyncHttpClient-1-8] DEBUG org.asynchttpclient.netty.handler.HttpHandler - 

Request DefaultHttpRequest(decodeResult: success, version: HTTP/1.1)
POST /session/a58d05be41b001e9350017e91cd995e7/timeouts HTTP/1.1
User-Agent: selenium/4.1.3 (java windows)
Content-Length: 22
Content-Type: application/json; charset=utf-8
host: localhost:61524
accept: */*

Response DefaultHttpResponse(decodeResult: success, version: HTTP/1.1)
HTTP/1.1 200 OK
Content-Type: application/json; charset=utf-8
cache-control: no-cache
content-length: 14

02:11:16.157 [AsyncHttpClient-1-8] DEBUG org.asynchttpclient.netty.channel.ChannelManager - Adding key: http://localhost:61524 for channel [id: 0x0bd4093f, L:/127.0.0.1:61649 - R:localhost/127.0.0.1:61524]
02:11:16.160 [Forwarding isElementDisplayed on session a58d05be41b001e9350017e91cd995e7 to remote] DEBUG org.asynchttpclient.netty.request.NettyRequestSender - Using pooled Channel '[id: 0x0bd4093f, L:/127.0.0.1:61649 - R:localhost/127.0.0.1:61524]' for 'POST' to 'http://localhost:61524/session/a58d05be41b001e9350017e91cd995e7/execute/sync'
02:11:16.160 [Forwarding isElementDisplayed on session a58d05be41b001e9350017e91cd995e7 to remote] DEBUG org.asynchttpclient.netty.request.NettyRequestSender - Using open Channel [id: 0x0bd4093f, L:/127.0.0.1:61649 - R:localhost/127.0.0.1:61524] for POST '/session/a58d05be41b001e9350017e91cd995e7/execute/sync'
02:11:16.173 [AsyncHttpClient-1-8] DEBUG org.asynchttpclient.netty.handler.HttpHandler - 

Request DefaultHttpRequest(decodeResult: success, version: HTTP/1.1)
POST /session/a58d05be41b001e9350017e91cd995e7/execute/sync HTTP/1.1
User-Agent: selenium/4.1.3 (java windows)
Content-Length: 48780
Content-Type: application/json; charset=utf-8
host: localhost:61524
accept: */*

Response DefaultHttpResponse(decodeResult: success, version: HTTP/1.1)
HTTP/1.1 200 OK
Content-Type: application/json; charset=utf-8
cache-control: no-cache
content-length: 14

02:11:16.174 [AsyncHttpClient-1-8] DEBUG org.asynchttpclient.netty.channel.ChannelManager - Adding key: http://localhost:61524 for channel [id: 0x0bd4093f, L:/127.0.0.1:61649 - R:localhost/127.0.0.1:61524]
02:11:16.176 [Forwarding clearElement on session a58d05be41b001e9350017e91cd995e7 to remote] DEBUG org.asynchttpclient.netty.request.NettyRequestSender - Using pooled Channel '[id: 0x0bd4093f, L:/127.0.0.1:61649 - R:localhost/127.0.0.1:61524]' for 'POST' to 'http://localhost:61524/session/a58d05be41b001e9350017e91cd995e7/element/925e8073-7230-4f66-ae3c-5c4a00c09d6a/clear'
02:11:16.176 [Forwarding clearElement on session a58d05be41b001e9350017e91cd995e7 to remote] DEBUG org.asynchttpclient.netty.request.NettyRequestSender - Using open Channel [id: 0x0bd4093f, L:/127.0.0.1:61649 - R:localhost/127.0.0.1:61524] for POST '/session/a58d05be41b001e9350017e91cd995e7/element/925e8073-7230-4f66-ae3c-5c4a00c09d6a/clear'
02:11:16.204 [AsyncHttpClient-1-8] DEBUG org.asynchttpclient.netty.handler.HttpHandler - 

Request DefaultHttpRequest(decodeResult: success, version: HTTP/1.1)
POST /session/a58d05be41b001e9350017e91cd995e7/element/925e8073-7230-4f66-ae3c-5c4a00c09d6a/clear HTTP/1.1
User-Agent: selenium/4.1.3 (java windows)
Content-Length: 50
Content-Type: application/json; charset=utf-8
host: localhost:61524
accept: */*

Response DefaultHttpResponse(decodeResult: success, version: HTTP/1.1)
HTTP/1.1 200 OK
Content-Type: application/json; charset=utf-8
cache-control: no-cache
content-length: 14

02:11:16.204 [AsyncHttpClient-1-8] DEBUG org.asynchttpclient.netty.channel.ChannelManager - Adding key: http://localhost:61524 for channel [id: 0x0bd4093f, L:/127.0.0.1:61649 - R:localhost/127.0.0.1:61524]
02:11:16.206 [Forwarding sendKeysToElement on session a58d05be41b001e9350017e91cd995e7 to remote] DEBUG org.asynchttpclient.netty.request.NettyRequestSender - Using pooled Channel '[id: 0x0bd4093f, L:/127.0.0.1:61649 - R:localhost/127.0.0.1:61524]' for 'POST' to 'http://localhost:61524/session/a58d05be41b001e9350017e91cd995e7/element/925e8073-7230-4f66-ae3c-5c4a00c09d6a/value'
02:11:16.206 [Forwarding sendKeysToElement on session a58d05be41b001e9350017e91cd995e7 to remote] DEBUG org.asynchttpclient.netty.request.NettyRequestSender - Using open Channel [id: 0x0bd4093f, L:/127.0.0.1:61649 - R:localhost/127.0.0.1:61524] for POST '/session/a58d05be41b001e9350017e91cd995e7/element/925e8073-7230-4f66-ae3c-5c4a00c09d6a/value'
02:11:16.253 [AsyncHttpClient-1-8] DEBUG org.asynchttpclient.netty.handler.HttpHandler - 

Request DefaultHttpRequest(decodeResult: success, version: HTTP/1.1)
POST /session/a58d05be41b001e9350017e91cd995e7/element/925e8073-7230-4f66-ae3c-5c4a00c09d6a/value HTTP/1.1
User-Agent: selenium/4.1.3 (java windows)
Content-Length: 181
Content-Type: application/json; charset=utf-8
host: localhost:61524
accept: */*

Response DefaultHttpResponse(decodeResult: success, version: HTTP/1.1)
HTTP/1.1 200 OK
Content-Type: application/json; charset=utf-8
cache-control: no-cache
content-length: 14

02:11:16.253 [AsyncHttpClient-1-8] DEBUG org.asynchttpclient.netty.channel.ChannelManager - Adding key: http://localhost:61524 for channel [id: 0x0bd4093f, L:/127.0.0.1:61649 - R:localhost/127.0.0.1:61524]
02:11:16.259 [Forwarding setTimeout on session a58d05be41b001e9350017e91cd995e7 to remote] DEBUG org.asynchttpclient.netty.request.NettyRequestSender - Using pooled Channel '[id: 0x0bd4093f, L:/127.0.0.1:61649 - R:localhost/127.0.0.1:61524]' for 'POST' to 'http://localhost:61524/session/a58d05be41b001e9350017e91cd995e7/timeouts'
02:11:16.260 [Forwarding setTimeout on session a58d05be41b001e9350017e91cd995e7 to remote] DEBUG org.asynchttpclient.netty.request.NettyRequestSender - Using open Channel [id: 0x0bd4093f, L:/127.0.0.1:61649 - R:localhost/127.0.0.1:61524] for POST '/session/a58d05be41b001e9350017e91cd995e7/timeouts'
02:11:16.260 [AsyncHttpClient-1-8] DEBUG org.asynchttpclient.netty.handler.HttpHandler - 

Request DefaultHttpRequest(decodeResult: success, version: HTTP/1.1)
POST /session/a58d05be41b001e9350017e91cd995e7/timeouts HTTP/1.1
User-Agent: selenium/4.1.3 (java windows)
Content-Length: 19
Content-Type: application/json; charset=utf-8
host: localhost:61524
accept: */*

Response DefaultHttpResponse(decodeResult: success, version: HTTP/1.1)
HTTP/1.1 200 OK
Content-Type: application/json; charset=utf-8
cache-control: no-cache
content-length: 14

02:11:16.261 [AsyncHttpClient-1-8] DEBUG org.asynchttpclient.netty.channel.ChannelManager - Adding key: http://localhost:61524 for channel [id: 0x0bd4093f, L:/127.0.0.1:61649 - R:localhost/127.0.0.1:61524]
02:11:16.263 [Forwarding findElement on session a58d05be41b001e9350017e91cd995e7 to remote] DEBUG org.asynchttpclient.netty.request.NettyRequestSender - Using pooled Channel '[id: 0x0bd4093f, L:/127.0.0.1:61649 - R:localhost/127.0.0.1:61524]' for 'POST' to 'http://localhost:61524/session/a58d05be41b001e9350017e91cd995e7/element'
02:11:16.263 [Forwarding findElement on session a58d05be41b001e9350017e91cd995e7 to remote] DEBUG org.asynchttpclient.netty.request.NettyRequestSender - Using open Channel [id: 0x0bd4093f, L:/127.0.0.1:61649 - R:localhost/127.0.0.1:61524] for POST '/session/a58d05be41b001e9350017e91cd995e7/element'
02:11:16.272 [AsyncHttpClient-1-8] DEBUG org.asynchttpclient.netty.handler.HttpHandler - 

Request DefaultHttpRequest(decodeResult: success, version: HTTP/1.1)
POST /session/a58d05be41b001e9350017e91cd995e7/element HTTP/1.1
User-Agent: selenium/4.1.3 (java windows)
Content-Length: 66
Content-Type: application/json; charset=utf-8
host: localhost:61524
accept: */*

Response DefaultHttpResponse(decodeResult: success, version: HTTP/1.1)
HTTP/1.1 200 OK
Content-Type: application/json; charset=utf-8
cache-control: no-cache
content-length: 88

02:11:16.272 [AsyncHttpClient-1-8] DEBUG org.asynchttpclient.netty.channel.ChannelManager - Adding key: http://localhost:61524 for channel [id: 0x0bd4093f, L:/127.0.0.1:61649 - R:localhost/127.0.0.1:61524]
02:11:16.274 [Forwarding setTimeout on session a58d05be41b001e9350017e91cd995e7 to remote] DEBUG org.asynchttpclient.netty.request.NettyRequestSender - Using pooled Channel '[id: 0x0bd4093f, L:/127.0.0.1:61649 - R:localhost/127.0.0.1:61524]' for 'POST' to 'http://localhost:61524/session/a58d05be41b001e9350017e91cd995e7/timeouts'
02:11:16.274 [Forwarding setTimeout on session a58d05be41b001e9350017e91cd995e7 to remote] DEBUG org.asynchttpclient.netty.request.NettyRequestSender - Using open Channel [id: 0x0bd4093f, L:/127.0.0.1:61649 - R:localhost/127.0.0.1:61524] for POST '/session/a58d05be41b001e9350017e91cd995e7/timeouts'
02:11:16.274 [AsyncHttpClient-1-8] DEBUG org.asynchttpclient.netty.handler.HttpHandler - 

Request DefaultHttpRequest(decodeResult: success, version: HTTP/1.1)
POST /session/a58d05be41b001e9350017e91cd995e7/timeouts HTTP/1.1
User-Agent: selenium/4.1.3 (java windows)
Content-Length: 22
Content-Type: application/json; charset=utf-8
host: localhost:61524
accept: */*

Response DefaultHttpResponse(decodeResult: success, version: HTTP/1.1)
HTTP/1.1 200 OK
Content-Type: application/json; charset=utf-8
cache-control: no-cache
content-length: 14

02:11:16.274 [AsyncHttpClient-1-8] DEBUG org.asynchttpclient.netty.channel.ChannelManager - Adding key: http://localhost:61524 for channel [id: 0x0bd4093f, L:/127.0.0.1:61649 - R:localhost/127.0.0.1:61524]
02:11:16.277 [Forwarding isElementDisplayed on session a58d05be41b001e9350017e91cd995e7 to remote] DEBUG org.asynchttpclient.netty.request.NettyRequestSender - Using pooled Channel '[id: 0x0bd4093f, L:/127.0.0.1:61649 - R:localhost/127.0.0.1:61524]' for 'POST' to 'http://localhost:61524/session/a58d05be41b001e9350017e91cd995e7/execute/sync'
02:11:16.278 [Forwarding isElementDisplayed on session a58d05be41b001e9350017e91cd995e7 to remote] DEBUG org.asynchttpclient.netty.request.NettyRequestSender - Using open Channel [id: 0x0bd4093f, L:/127.0.0.1:61649 - R:localhost/127.0.0.1:61524] for POST '/session/a58d05be41b001e9350017e91cd995e7/execute/sync'
02:11:16.288 [AsyncHttpClient-1-8] DEBUG org.asynchttpclient.netty.handler.HttpHandler - 

Request DefaultHttpRequest(decodeResult: success, version: HTTP/1.1)
POST /session/a58d05be41b001e9350017e91cd995e7/execute/sync HTTP/1.1
User-Agent: selenium/4.1.3 (java windows)
Content-Length: 48780
Content-Type: application/json; charset=utf-8
host: localhost:61524
accept: */*

Response DefaultHttpResponse(decodeResult: success, version: HTTP/1.1)
HTTP/1.1 200 OK
Content-Type: application/json; charset=utf-8
cache-control: no-cache
content-length: 14

02:11:16.288 [AsyncHttpClient-1-8] DEBUG org.asynchttpclient.netty.channel.ChannelManager - Adding key: http://localhost:61524 for channel [id: 0x0bd4093f, L:/127.0.0.1:61649 - R:localhost/127.0.0.1:61524]
02:11:16.289 [Forwarding clearElement on session a58d05be41b001e9350017e91cd995e7 to remote] DEBUG org.asynchttpclient.netty.request.NettyRequestSender - Using pooled Channel '[id: 0x0bd4093f, L:/127.0.0.1:61649 - R:localhost/127.0.0.1:61524]' for 'POST' to 'http://localhost:61524/session/a58d05be41b001e9350017e91cd995e7/element/081dd1df-5b68-4e26-abd2-f5c61cc769ae/clear'
02:11:16.289 [Forwarding clearElement on session a58d05be41b001e9350017e91cd995e7 to remote] DEBUG org.asynchttpclient.netty.request.NettyRequestSender - Using open Channel [id: 0x0bd4093f, L:/127.0.0.1:61649 - R:localhost/127.0.0.1:61524] for POST '/session/a58d05be41b001e9350017e91cd995e7/element/081dd1df-5b68-4e26-abd2-f5c61cc769ae/clear'
02:11:16.311 [AsyncHttpClient-1-8] DEBUG org.asynchttpclient.netty.handler.HttpHandler - 

Request DefaultHttpRequest(decodeResult: success, version: HTTP/1.1)
POST /session/a58d05be41b001e9350017e91cd995e7/element/081dd1df-5b68-4e26-abd2-f5c61cc769ae/clear HTTP/1.1
User-Agent: selenium/4.1.3 (java windows)
Content-Length: 50
Content-Type: application/json; charset=utf-8
host: localhost:61524
accept: */*

Response DefaultHttpResponse(decodeResult: success, version: HTTP/1.1)
HTTP/1.1 200 OK
Content-Type: application/json; charset=utf-8
cache-control: no-cache
content-length: 14

02:11:16.311 [AsyncHttpClient-1-8] DEBUG org.asynchttpclient.netty.channel.ChannelManager - Adding key: http://localhost:61524 for channel [id: 0x0bd4093f, L:/127.0.0.1:61649 - R:localhost/127.0.0.1:61524]
02:11:16.313 [Forwarding sendKeysToElement on session a58d05be41b001e9350017e91cd995e7 to remote] DEBUG org.asynchttpclient.netty.request.NettyRequestSender - Using pooled Channel '[id: 0x0bd4093f, L:/127.0.0.1:61649 - R:localhost/127.0.0.1:61524]' for 'POST' to 'http://localhost:61524/session/a58d05be41b001e9350017e91cd995e7/element/081dd1df-5b68-4e26-abd2-f5c61cc769ae/value'
02:11:16.313 [Forwarding sendKeysToElement on session a58d05be41b001e9350017e91cd995e7 to remote] DEBUG org.asynchttpclient.netty.request.NettyRequestSender - Using open Channel [id: 0x0bd4093f, L:/127.0.0.1:61649 - R:localhost/127.0.0.1:61524] for POST '/session/a58d05be41b001e9350017e91cd995e7/element/081dd1df-5b68-4e26-abd2-f5c61cc769ae/value'
02:11:16.355 [AsyncHttpClient-1-8] DEBUG org.asynchttpclient.netty.handler.HttpHandler - 

Request DefaultHttpRequest(decodeResult: success, version: HTTP/1.1)
POST /session/a58d05be41b001e9350017e91cd995e7/element/081dd1df-5b68-4e26-abd2-f5c61cc769ae/value HTTP/1.1
User-Agent: selenium/4.1.3 (java windows)
Content-Length: 151
Content-Type: application/json; charset=utf-8
host: localhost:61524
accept: */*

Response DefaultHttpResponse(decodeResult: success, version: HTTP/1.1)
HTTP/1.1 200 OK
Content-Type: application/json; charset=utf-8
cache-control: no-cache
content-length: 14

02:11:16.355 [AsyncHttpClient-1-8] DEBUG org.asynchttpclient.netty.channel.ChannelManager - Adding key: http://localhost:61524 for channel [id: 0x0bd4093f, L:/127.0.0.1:61649 - R:localhost/127.0.0.1:61524]
02:11:16.357 [AsyncHttpClient-1-1] DEBUG org.asynchttpclient.netty.channel.DefaultChannelPool - Entry count for : http://localhost:61652 : 1
02:11:16.357 [AsyncHttpClient-1-1] DEBUG org.asynchttpclient.netty.channel.DefaultChannelPool - Entry count for : http://localhost:61524 : 1
02:11:16.362 [Forwarding setTimeout on session a58d05be41b001e9350017e91cd995e7 to remote] DEBUG org.asynchttpclient.netty.request.NettyRequestSender - Using pooled Channel '[id: 0x0bd4093f, L:/127.0.0.1:61649 - R:localhost/127.0.0.1:61524]' for 'POST' to 'http://localhost:61524/session/a58d05be41b001e9350017e91cd995e7/timeouts'
02:11:16.362 [Forwarding setTimeout on session a58d05be41b001e9350017e91cd995e7 to remote] DEBUG org.asynchttpclient.netty.request.NettyRequestSender - Using open Channel [id: 0x0bd4093f, L:/127.0.0.1:61649 - R:localhost/127.0.0.1:61524] for POST '/session/a58d05be41b001e9350017e91cd995e7/timeouts'
02:11:16.363 [AsyncHttpClient-1-8] DEBUG org.asynchttpclient.netty.handler.HttpHandler - 

Request DefaultHttpRequest(decodeResult: success, version: HTTP/1.1)
POST /session/a58d05be41b001e9350017e91cd995e7/timeouts HTTP/1.1
User-Agent: selenium/4.1.3 (java windows)
Content-Length: 19
Content-Type: application/json; charset=utf-8
host: localhost:61524
accept: */*

Response DefaultHttpResponse(decodeResult: success, version: HTTP/1.1)
HTTP/1.1 200 OK
Content-Type: application/json; charset=utf-8
cache-control: no-cache
content-length: 14

02:11:16.363 [AsyncHttpClient-1-8] DEBUG org.asynchttpclient.netty.channel.ChannelManager - Adding key: http://localhost:61524 for channel [id: 0x0bd4093f, L:/127.0.0.1:61649 - R:localhost/127.0.0.1:61524]
02:11:16.366 [Forwarding findElement on session a58d05be41b001e9350017e91cd995e7 to remote] DEBUG org.asynchttpclient.netty.request.NettyRequestSender - Using pooled Channel '[id: 0x0bd4093f, L:/127.0.0.1:61649 - R:localhost/127.0.0.1:61524]' for 'POST' to 'http://localhost:61524/session/a58d05be41b001e9350017e91cd995e7/element'
02:11:16.366 [Forwarding findElement on session a58d05be41b001e9350017e91cd995e7 to remote] DEBUG org.asynchttpclient.netty.request.NettyRequestSender - Using open Channel [id: 0x0bd4093f, L:/127.0.0.1:61649 - R:localhost/127.0.0.1:61524] for POST '/session/a58d05be41b001e9350017e91cd995e7/element'
02:11:16.375 [AsyncHttpClient-1-8] DEBUG org.asynchttpclient.netty.handler.HttpHandler - 

Request DefaultHttpRequest(decodeResult: success, version: HTTP/1.1)
POST /session/a58d05be41b001e9350017e91cd995e7/element HTTP/1.1
User-Agent: selenium/4.1.3 (java windows)
Content-Length: 64
Content-Type: application/json; charset=utf-8
host: localhost:61524
accept: */*

Response DefaultHttpResponse(decodeResult: success, version: HTTP/1.1)
HTTP/1.1 200 OK
Content-Type: application/json; charset=utf-8
cache-control: no-cache
content-length: 88

02:11:16.375 [AsyncHttpClient-1-8] DEBUG org.asynchttpclient.netty.channel.ChannelManager - Adding key: http://localhost:61524 for channel [id: 0x0bd4093f, L:/127.0.0.1:61649 - R:localhost/127.0.0.1:61524]
02:11:16.378 [Forwarding setTimeout on session a58d05be41b001e9350017e91cd995e7 to remote] DEBUG org.asynchttpclient.netty.request.NettyRequestSender - Using pooled Channel '[id: 0x0bd4093f, L:/127.0.0.1:61649 - R:localhost/127.0.0.1:61524]' for 'POST' to 'http://localhost:61524/session/a58d05be41b001e9350017e91cd995e7/timeouts'
02:11:16.378 [Forwarding setTimeout on session a58d05be41b001e9350017e91cd995e7 to remote] DEBUG org.asynchttpclient.netty.request.NettyRequestSender - Using open Channel [id: 0x0bd4093f, L:/127.0.0.1:61649 - R:localhost/127.0.0.1:61524] for POST '/session/a58d05be41b001e9350017e91cd995e7/timeouts'
02:11:16.384 [AsyncHttpClient-1-8] DEBUG org.asynchttpclient.netty.handler.HttpHandler - 

Request DefaultHttpRequest(decodeResult: success, version: HTTP/1.1)
POST /session/a58d05be41b001e9350017e91cd995e7/timeouts HTTP/1.1
User-Agent: selenium/4.1.3 (java windows)
Content-Length: 22
Content-Type: application/json; charset=utf-8
host: localhost:61524
accept: */*

Response DefaultHttpResponse(decodeResult: success, version: HTTP/1.1)
HTTP/1.1 200 OK
Content-Type: application/json; charset=utf-8
cache-control: no-cache
content-length: 14

02:11:16.385 [AsyncHttpClient-1-8] DEBUG org.asynchttpclient.netty.channel.ChannelManager - Adding key: http://localhost:61524 for channel [id: 0x0bd4093f, L:/127.0.0.1:61649 - R:localhost/127.0.0.1:61524]
02:11:16.389 [Forwarding isElementDisplayed on session a58d05be41b001e9350017e91cd995e7 to remote] DEBUG org.asynchttpclient.netty.request.NettyRequestSender - Using pooled Channel '[id: 0x0bd4093f, L:/127.0.0.1:61649 - R:localhost/127.0.0.1:61524]' for 'POST' to 'http://localhost:61524/session/a58d05be41b001e9350017e91cd995e7/execute/sync'
02:11:16.389 [Forwarding isElementDisplayed on session a58d05be41b001e9350017e91cd995e7 to remote] DEBUG org.asynchttpclient.netty.request.NettyRequestSender - Using open Channel [id: 0x0bd4093f, L:/127.0.0.1:61649 - R:localhost/127.0.0.1:61524] for POST '/session/a58d05be41b001e9350017e91cd995e7/execute/sync'
02:11:16.412 [AsyncHttpClient-1-8] DEBUG org.asynchttpclient.netty.handler.HttpHandler - 

Request DefaultHttpRequest(decodeResult: success, version: HTTP/1.1)
POST /session/a58d05be41b001e9350017e91cd995e7/execute/sync HTTP/1.1
User-Agent: selenium/4.1.3 (java windows)
Content-Length: 48780
Content-Type: application/json; charset=utf-8
host: localhost:61524
accept: */*

Response DefaultHttpResponse(decodeResult: success, version: HTTP/1.1)
HTTP/1.1 200 OK
Content-Type: application/json; charset=utf-8
cache-control: no-cache
content-length: 14

02:11:16.412 [AsyncHttpClient-1-8] DEBUG org.asynchttpclient.netty.channel.ChannelManager - Adding key: http://localhost:61524 for channel [id: 0x0bd4093f, L:/127.0.0.1:61649 - R:localhost/127.0.0.1:61524]
02:11:16.414 [Forwarding getElementTagName on session a58d05be41b001e9350017e91cd995e7 to remote] DEBUG org.asynchttpclient.netty.request.NettyRequestSender - Using pooled Channel '[id: 0x0bd4093f, L:/127.0.0.1:61649 - R:localhost/127.0.0.1:61524]' for 'GET' to 'http://localhost:61524/session/a58d05be41b001e9350017e91cd995e7/element/ea6f024b-b571-4a03-8fc8-eccd4a319b00/name'
02:11:16.414 [Forwarding getElementTagName on session a58d05be41b001e9350017e91cd995e7 to remote] DEBUG org.asynchttpclient.netty.request.NettyRequestSender - Using open Channel [id: 0x0bd4093f, L:/127.0.0.1:61649 - R:localhost/127.0.0.1:61524] for GET '/session/a58d05be41b001e9350017e91cd995e7/element/ea6f024b-b571-4a03-8fc8-eccd4a319b00/name'
02:11:16.417 [AsyncHttpClient-1-8] DEBUG org.asynchttpclient.netty.handler.HttpHandler - 

Request DefaultFullHttpRequest(decodeResult: success, version: HTTP/1.1, content: EmptyByteBufBE)
GET /session/a58d05be41b001e9350017e91cd995e7/element/ea6f024b-b571-4a03-8fc8-eccd4a319b00/name HTTP/1.1
User-Agent: selenium/4.1.3 (java windows)
Cache-Control: no-cache
Content-Type: application/json; charset=utf-8
host: localhost:61524
accept: */*

Response DefaultHttpResponse(decodeResult: success, version: HTTP/1.1)
HTTP/1.1 200 OK
Content-Type: application/json; charset=utf-8
cache-control: no-cache
content-length: 17

02:11:16.417 [AsyncHttpClient-1-8] DEBUG org.asynchttpclient.netty.channel.ChannelManager - Adding key: http://localhost:61524 for channel [id: 0x0bd4093f, L:/127.0.0.1:61649 - R:localhost/127.0.0.1:61524]
02:11:16.418 [Forwarding getElementTagName on session a58d05be41b001e9350017e91cd995e7 to remote] DEBUG org.asynchttpclient.netty.request.NettyRequestSender - Using pooled Channel '[id: 0x0bd4093f, L:/127.0.0.1:61649 - R:localhost/127.0.0.1:61524]' for 'GET' to 'http://localhost:61524/session/a58d05be41b001e9350017e91cd995e7/element/ea6f024b-b571-4a03-8fc8-eccd4a319b00/name'
02:11:16.418 [Forwarding getElementTagName on session a58d05be41b001e9350017e91cd995e7 to remote] DEBUG org.asynchttpclient.netty.request.NettyRequestSender - Using open Channel [id: 0x0bd4093f, L:/127.0.0.1:61649 - R:localhost/127.0.0.1:61524] for GET '/session/a58d05be41b001e9350017e91cd995e7/element/ea6f024b-b571-4a03-8fc8-eccd4a319b00/name'
02:11:16.421 [AsyncHttpClient-1-8] DEBUG org.asynchttpclient.netty.handler.HttpHandler - 

Request DefaultFullHttpRequest(decodeResult: success, version: HTTP/1.1, content: EmptyByteBufBE)
GET /session/a58d05be41b001e9350017e91cd995e7/element/ea6f024b-b571-4a03-8fc8-eccd4a319b00/name HTTP/1.1
User-Agent: selenium/4.1.3 (java windows)
Cache-Control: no-cache
Content-Type: application/json; charset=utf-8
host: localhost:61524
accept: */*

Response DefaultHttpResponse(decodeResult: success, version: HTTP/1.1)
HTTP/1.1 200 OK
Content-Type: application/json; charset=utf-8
cache-control: no-cache
content-length: 17

02:11:16.421 [AsyncHttpClient-1-8] DEBUG org.asynchttpclient.netty.channel.ChannelManager - Adding key: http://localhost:61524 for channel [id: 0x0bd4093f, L:/127.0.0.1:61649 - R:localhost/127.0.0.1:61524]
02:11:16.422 [Forwarding isElementEnabled on session a58d05be41b001e9350017e91cd995e7 to remote] DEBUG org.asynchttpclient.netty.request.NettyRequestSender - Using pooled Channel '[id: 0x0bd4093f, L:/127.0.0.1:61649 - R:localhost/127.0.0.1:61524]' for 'GET' to 'http://localhost:61524/session/a58d05be41b001e9350017e91cd995e7/element/ea6f024b-b571-4a03-8fc8-eccd4a319b00/enabled'
02:11:16.422 [Forwarding isElementEnabled on session a58d05be41b001e9350017e91cd995e7 to remote] DEBUG org.asynchttpclient.netty.request.NettyRequestSender - Using open Channel [id: 0x0bd4093f, L:/127.0.0.1:61649 - R:localhost/127.0.0.1:61524] for GET '/session/a58d05be41b001e9350017e91cd995e7/element/ea6f024b-b571-4a03-8fc8-eccd4a319b00/enabled'
02:11:16.427 [AsyncHttpClient-1-8] DEBUG org.asynchttpclient.netty.handler.HttpHandler - 

Request DefaultFullHttpRequest(decodeResult: success, version: HTTP/1.1, content: EmptyByteBufBE)
GET /session/a58d05be41b001e9350017e91cd995e7/element/ea6f024b-b571-4a03-8fc8-eccd4a319b00/enabled HTTP/1.1
User-Agent: selenium/4.1.3 (java windows)
Cache-Control: no-cache
Content-Type: application/json; charset=utf-8
host: localhost:61524
accept: */*

Response DefaultHttpResponse(decodeResult: success, version: HTTP/1.1)
HTTP/1.1 200 OK
Content-Type: application/json; charset=utf-8
cache-control: no-cache
content-length: 14

02:11:16.428 [AsyncHttpClient-1-8] DEBUG org.asynchttpclient.netty.channel.ChannelManager - Adding key: http://localhost:61524 for channel [id: 0x0bd4093f, L:/127.0.0.1:61649 - R:localhost/127.0.0.1:61524]
02:11:16.429 [Forwarding isElementEnabled on session a58d05be41b001e9350017e91cd995e7 to remote] DEBUG org.asynchttpclient.netty.request.NettyRequestSender - Using pooled Channel '[id: 0x0bd4093f, L:/127.0.0.1:61649 - R:localhost/127.0.0.1:61524]' for 'GET' to 'http://localhost:61524/session/a58d05be41b001e9350017e91cd995e7/element/ea6f024b-b571-4a03-8fc8-eccd4a319b00/enabled'
02:11:16.429 [Forwarding isElementEnabled on session a58d05be41b001e9350017e91cd995e7 to remote] DEBUG org.asynchttpclient.netty.request.NettyRequestSender - Using open Channel [id: 0x0bd4093f, L:/127.0.0.1:61649 - R:localhost/127.0.0.1:61524] for GET '/session/a58d05be41b001e9350017e91cd995e7/element/ea6f024b-b571-4a03-8fc8-eccd4a319b00/enabled'
02:11:16.432 [AsyncHttpClient-1-8] DEBUG org.asynchttpclient.netty.handler.HttpHandler - 

Request DefaultFullHttpRequest(decodeResult: success, version: HTTP/1.1, content: EmptyByteBufBE)
GET /session/a58d05be41b001e9350017e91cd995e7/element/ea6f024b-b571-4a03-8fc8-eccd4a319b00/enabled HTTP/1.1
User-Agent: selenium/4.1.3 (java windows)
Cache-Control: no-cache
Content-Type: application/json; charset=utf-8
host: localhost:61524
accept: */*

Response DefaultHttpResponse(decodeResult: success, version: HTTP/1.1)
HTTP/1.1 200 OK
Content-Type: application/json; charset=utf-8
cache-control: no-cache
content-length: 14

02:11:16.432 [AsyncHttpClient-1-8] DEBUG org.asynchttpclient.netty.channel.ChannelManager - Adding key: http://localhost:61524 for channel [id: 0x0bd4093f, L:/127.0.0.1:61649 - R:localhost/127.0.0.1:61524]
02:11:16.433 [Forwarding clickElement on session a58d05be41b001e9350017e91cd995e7 to remote] DEBUG org.asynchttpclient.netty.request.NettyRequestSender - Using pooled Channel '[id: 0x0bd4093f, L:/127.0.0.1:61649 - R:localhost/127.0.0.1:61524]' for 'POST' to 'http://localhost:61524/session/a58d05be41b001e9350017e91cd995e7/element/ea6f024b-b571-4a03-8fc8-eccd4a319b00/click'
02:11:16.433 [Forwarding clickElement on session a58d05be41b001e9350017e91cd995e7 to remote] DEBUG org.asynchttpclient.netty.request.NettyRequestSender - Using open Channel [id: 0x0bd4093f, L:/127.0.0.1:61649 - R:localhost/127.0.0.1:61524] for POST '/session/a58d05be41b001e9350017e91cd995e7/element/ea6f024b-b571-4a03-8fc8-eccd4a319b00/click'
02:11:17.457 [AsyncHttpClient-1-1] DEBUG org.asynchttpclient.netty.channel.DefaultChannelPool - Entry count for : http://localhost:61652 : 1
02:11:18.556 [AsyncHttpClient-1-1] DEBUG org.asynchttpclient.netty.channel.DefaultChannelPool - Entry count for : http://localhost:61652 : 1
02:11:19.195 [AsyncHttpClient-1-8] DEBUG org.asynchttpclient.netty.handler.HttpHandler - 

Request DefaultHttpRequest(decodeResult: success, version: HTTP/1.1)
POST /session/a58d05be41b001e9350017e91cd995e7/element/ea6f024b-b571-4a03-8fc8-eccd4a319b00/click HTTP/1.1
User-Agent: selenium/4.1.3 (java windows)
Content-Length: 50
Content-Type: application/json; charset=utf-8
host: localhost:61524
accept: */*

Response DefaultHttpResponse(decodeResult: success, version: HTTP/1.1)
HTTP/1.1 200 OK
Content-Type: application/json; charset=utf-8
cache-control: no-cache
content-length: 14

02:11:19.197 [AsyncHttpClient-1-8] DEBUG org.asynchttpclient.netty.channel.ChannelManager - Adding key: http://localhost:61524 for channel [id: 0x0bd4093f, L:/127.0.0.1:61649 - R:localhost/127.0.0.1:61524]
02:11:19.201 [main] DEBUG net.thucydides.core.steps.StepInterceptor - STEP DONE: login
  &amp#27;[32mGiven &amp#27;[0m&amp#27;[32mthe user enters the username &amp#27;[0m&amp#27;[32m&amp#27;[1mmngr398793&amp#27;[0m&amp#27;[32m and password &amp#27;[0m&amp#27;[32m&amp#27;[1mzarAqag&amp#27;[0m &amp#27;[90m# cucumber.LoginStepDefs.the_user_enters_the_username_and_password(java.lang.String,java.lang.String)&amp#27;[0m
02:11:19.210 [main] DEBUG net.thucydides.core.steps.StepInterceptor - STARTING STEP: CommonStepDefs.the_user_is_at_page - isAt
02:11:19.213 [Forwarding findElement on session a58d05be41b001e9350017e91cd995e7 to remote] DEBUG org.asynchttpclient.netty.request.NettyRequestSender - Using pooled Channel '[id: 0x0bd4093f, L:/127.0.0.1:61649 - R:localhost/127.0.0.1:61524]' for 'POST' to 'http://localhost:61524/session/a58d05be41b001e9350017e91cd995e7/element'
02:11:19.213 [Forwarding findElement on session a58d05be41b001e9350017e91cd995e7 to remote] DEBUG org.asynchttpclient.netty.request.NettyRequestSender - Using open Channel [id: 0x0bd4093f, L:/127.0.0.1:61649 - R:localhost/127.0.0.1:61524] for POST '/session/a58d05be41b001e9350017e91cd995e7/element'
02:11:19.656 [AsyncHttpClient-1-1] DEBUG org.asynchttpclient.netty.channel.DefaultChannelPool - Entry count for : http://localhost:61652 : 1
02:11:20.756 [AsyncHttpClient-1-1] DEBUG org.asynchttpclient.netty.channel.DefaultChannelPool - Entry count for : http://localhost:61652 : 1
02:11:21.240 [AsyncHttpClient-1-8] DEBUG org.asynchttpclient.netty.handler.HttpHandler - 

Request DefaultHttpRequest(decodeResult: success, version: HTTP/1.1)
POST /session/a58d05be41b001e9350017e91cd995e7/element HTTP/1.1
User-Agent: selenium/4.1.3 (java windows)
Content-Length: 53
Content-Type: application/json; charset=utf-8
host: localhost:61524
accept: */*

Response DefaultHttpResponse(decodeResult: success, version: HTTP/1.1)
HTTP/1.1 404 Not Found
Content-Type: application/json; charset=utf-8
cache-control: no-cache
content-length: 1023

02:11:21.240 [AsyncHttpClient-1-8] DEBUG org.asynchttpclient.netty.channel.ChannelManager - Adding key: http://localhost:61524 for channel [id: 0x0bd4093f, L:/127.0.0.1:61649 - R:localhost/127.0.0.1:61524]
02:11:21.857 [AsyncHttpClient-1-1] DEBUG org.asynchttpclient.netty.channel.DefaultChannelPool - Entry count for : http://localhost:61652 : 1
02:11:21.857 [AsyncHttpClient-1-1] DEBUG org.asynchttpclient.netty.channel.DefaultChannelPool - Entry count for : http://localhost:61524 : 1
02:11:22.960 [AsyncHttpClient-1-1] DEBUG org.asynchttpclient.netty.channel.DefaultChannelPool - Entry count for : http://localhost:61652 : 1
02:11:22.960 [AsyncHttpClient-1-1] DEBUG org.asynchttpclient.netty.channel.DefaultChannelPool - Entry count for : http://localhost:61524 : 1
02:11:23.306 [main] DEBUG net.serenitybdd.core.photography.Darkroom - Opening darkroom
02:11:23.306 [Darkroom Processing Line] DEBUG net.serenitybdd.core.photography.DarkroomProcessingLine - Darkroom processing line starting up
02:11:23.306 [Forwarding screenshot on session a58d05be41b001e9350017e91cd995e7 to remote] DEBUG org.asynchttpclient.netty.request.NettyRequestSender - Using pooled Channel '[id: 0x0bd4093f, L:/127.0.0.1:61649 - R:localhost/127.0.0.1:61524]' for 'GET' to 'http://localhost:61524/session/a58d05be41b001e9350017e91cd995e7/screenshot'
02:11:23.307 [Forwarding screenshot on session a58d05be41b001e9350017e91cd995e7 to remote] DEBUG org.asynchttpclient.netty.request.NettyRequestSender - Using open Channel [id: 0x0bd4093f, L:/127.0.0.1:61649 - R:localhost/127.0.0.1:61524] for GET '/session/a58d05be41b001e9350017e91cd995e7/screenshot'
02:11:23.459 [AsyncHttpClient-1-8] DEBUG org.asynchttpclient.netty.handler.HttpHandler - 

Request DefaultFullHttpRequest(decodeResult: success, version: HTTP/1.1, content: EmptyByteBufBE)
GET /session/a58d05be41b001e9350017e91cd995e7/screenshot HTTP/1.1
User-Agent: selenium/4.1.3 (java windows)
Cache-Control: no-cache
Content-Type: application/json; charset=utf-8
host: localhost:61524
accept: */*

Response DefaultHttpResponse(decodeResult: success, version: HTTP/1.1)
HTTP/1.1 200 OK
Content-Type: application/json; charset=utf-8
cache-control: no-cache
content-length: 123364

02:11:23.461 [AsyncHttpClient-1-8] DEBUG org.asynchttpclient.netty.channel.ChannelManager - Adding key: http://localhost:61524 for channel [id: 0x0bd4093f, L:/127.0.0.1:61649 - R:localhost/127.0.0.1:61524]
02:11:23.597 [main] DEBUG net.serenitybdd.core.photography.Darkroom - Send negative for processing for target\site\serenity\c0c777967d6136c207643997d2d75b09d62fdca54176633ec287b8417c7c4c8a.png
02:11:23.597 [Darkroom Processing Line] DEBUG net.serenitybdd.core.photography.DarkroomProcessingLine - Processing screenshot image in /var/screenshots/screenshot-5128434810886710811
02:11:23.597 [Darkroom Processing Line] DEBUG net.serenitybdd.core.photography.DarkroomProcessingLine - Saving screenshot to target\site\serenity\c0c777967d6136c207643997d2d75b09d62fdca54176633ec287b8417c7c4c8a.png
02:11:23.598 [Forwarding getPageSource on session a58d05be41b001e9350017e91cd995e7 to remote] DEBUG org.asynchttpclient.netty.request.NettyRequestSender - Using pooled Channel '[id: 0x0bd4093f, L:/127.0.0.1:61649 - R:localhost/127.0.0.1:61524]' for 'POST' to 'http://localhost:61524/session/a58d05be41b001e9350017e91cd995e7/execute/sync'
02:11:23.598 [Forwarding getPageSource on session a58d05be41b001e9350017e91cd995e7 to remote] DEBUG org.asynchttpclient.netty.request.NettyRequestSender - Using open Channel [id: 0x0bd4093f, L:/127.0.0.1:61649 - R:localhost/127.0.0.1:61524] for POST '/session/a58d05be41b001e9350017e91cd995e7/execute/sync'
02:11:23.604 [AsyncHttpClient-1-8] DEBUG org.asynchttpclient.netty.handler.HttpHandler - 

Request DefaultHttpRequest(decodeResult: success, version: HTTP/1.1)
POST /session/a58d05be41b001e9350017e91cd995e7/execute/sync HTTP/1.1
User-Agent: selenium/4.1.3 (java windows)
Content-Length: 176
Content-Type: application/json; charset=utf-8
host: localhost:61524
accept: */*

Response DefaultHttpResponse(decodeResult: success, version: HTTP/1.1)
HTTP/1.1 200 OK
Content-Type: application/json; charset=utf-8
cache-control: no-cache
content-length: 23217

02:11:23.604 [AsyncHttpClient-1-8] DEBUG org.asynchttpclient.netty.channel.ChannelManager - Adding key: http://localhost:61524 for channel [id: 0x0bd4093f, L:/127.0.0.1:61649 - R:localhost/127.0.0.1:61524]
02:11:23.611 [Forwarding getCurrentUrl on session a58d05be41b001e9350017e91cd995e7 to remote] DEBUG org.asynchttpclient.netty.request.NettyRequestSender - Using pooled Channel '[id: 0x0bd4093f, L:/127.0.0.1:61649 - R:localhost/127.0.0.1:61524]' for 'GET' to 'http://localhost:61524/session/a58d05be41b001e9350017e91cd995e7/url'
02:11:23.611 [Forwarding getCurrentUrl on session a58d05be41b001e9350017e91cd995e7 to remote] DEBUG org.asynchttpclient.netty.request.NettyRequestSender - Using open Channel [id: 0x0bd4093f, L:/127.0.0.1:61649 - R:localhost/127.0.0.1:61524] for GET '/session/a58d05be41b001e9350017e91cd995e7/url'
02:11:23.613 [AsyncHttpClient-1-8] DEBUG org.asynchttpclient.netty.handler.HttpHandler - 

Request DefaultFullHttpRequest(decodeResult: success, version: HTTP/1.1, content: EmptyByteBufBE)
GET /session/a58d05be41b001e9350017e91cd995e7/url HTTP/1.1
User-Agent: selenium/4.1.3 (java windows)
Cache-Control: no-cache
Content-Type: application/json; charset=utf-8
host: localhost:61524
accept: */*

Response DefaultHttpResponse(decodeResult: success, version: HTTP/1.1)
HTTP/1.1 200 OK
Content-Type: application/json; charset=utf-8
cache-control: no-cache
content-length: 76

02:11:23.613 [AsyncHttpClient-1-8] DEBUG org.asynchttpclient.netty.channel.ChannelManager - Adding key: http://localhost:61524 for channel [id: 0x0bd4093f, L:/127.0.0.1:61649 - R:localhost/127.0.0.1:61524]
  &amp#27;[31mThen &amp#27;[0m&amp#27;[31mthe user is at &amp#27;[0m&amp#27;[31m&amp#27;[1m'Home'&amp#27;[0m&amp#27;[31m page&amp#27;[0m                                    &amp#27;[90m# cucumber.CommonStepDefs.the_user_is_at_page(java.lang.String)&amp#27;[0m
      &amp#27;[31morg.openqa.selenium.NoSuchElementException: Timed out after 2 seconds. Element not found
For documentation on this error, please visit: https://selenium.dev/exceptions/#no_such_element
Build info: version: '4.1.3', revision: '7b1ebf28ef'
System info: host: 'LAPDELL-0226', ip: '192.168.137.230', os.name: 'Windows 10', os.arch: 'amd64', os.version: '10.0', java.version: '1.8.0_321'
Driver info: driver.version: unknown
	at net.thucydides.core.annotations.locators.SmartAjaxElementLocator.ajaxFindElement(SmartAjaxElementLocator.java:164)
	at net.thucydides.core.annotations.locators.SmartAjaxElementLocator.findElement(SmartAjaxElementLocator.java:116)
	at net.serenitybdd.core.pages.WebElementResolverByElementLocator.resolveForDriver(WebElementResolverByElementLocator.java:29)
	at net.serenitybdd.core.pages.WebElementFacadeImpl.getResolvedElement(WebElementFacadeImpl.java:189)
	at net.serenitybdd.core.pages.WebElementFacadeImpl.getElement(WebElementFacadeImpl.java:184)
	at net.serenitybdd.core.pages.WebElementFacadeImpl.isDisplayed(WebElementFacadeImpl.java:1291)
	at sun.reflect.NativeMethodAccessorImpl.invoke0(Native Method)
	at sun.reflect.NativeMethodAccessorImpl.invoke(NativeMethodAccessorImpl.java:62)
	at sun.reflect.DelegatingMethodAccessorImpl.invoke(DelegatingMethodAccessorImpl.java:43)
	at java.lang.reflect.Method.invoke(Method.java:498)
	at net.thucydides.core.annotations.locators.AbstractSingleItemHandler.invoke(AbstractSingleItemHandler.java:43)
	at com.sun.proxy.$Proxy54.isDisplayed(Unknown Source)
	at pages.HomePage.isAt(HomePage.java:13)
	at serenity.CommonStepLibraries.isAt(CommonStepLibraries.java:15)
	at serenity.CommonStepLibraries$ByteBuddy$K3SNw3j5.isAt$accessor$47e44EhQ(Unknown Source)
	at sun.reflect.NativeMethodAccessorImpl.invoke0(Native Method)
	at sun.reflect.NativeMethodAccessorImpl.invoke(NativeMethodAccessorImpl.java:62)
	at sun.reflect.DelegatingMethodAccessorImpl.invoke(DelegatingMethodAccessorImpl.java:43)
	at java.lang.reflect.Method.invoke(Method.java:498)
	at net.thucydides.core.steps.StepInterceptor.invokeMethod(StepInterceptor.java:503)
	at net.thucydides.core.steps.StepInterceptor.executeTestStepMethod(StepInterceptor.java:483)
	at net.thucydides.core.steps.StepInterceptor.runTestStep(StepInterceptor.java:457)
	at net.thucydides.core.steps.StepInterceptor.runOrSkipMethod(StepInterceptor.java:209)
	at net.thucydides.core.steps.StepInterceptor.testStepResult(StepInterceptor.java:196)
	at net.thucydides.core.steps.StepInterceptor.intercept(StepInterceptor.java:84)
	at net.thucydides.core.steps.ProxyConfiguration$InterceptorDispatcher.intercept(ProxyConfiguration.java:51)
	at serenity.CommonStepLibraries$ByteBuddy$K3SNw3j5.isAt(Unknown Source)
	at cucumber.CommonStepDefs.the_user_is_at_page(CommonStepDefs.java:15)
	at âœ½.the user is at 'Home' page(file:///D:/Pratice/serenity_homework/src/test/resources/features.login/login_sucess.feature:6)
&amp#27;[0m
]]></system-out>
    <system-err><![CDATA[Starting ChromeDriver 100.0.4896.60 (6a5d10861ce8de5fce22564658033b43cb7de047-refs/branch-heads/4896@{#875}) on port 61524
Only local connections are allowed.
Please see https://chromedriver.chromium.org/security-considerations for suggestions on keeping ChromeDriver safe.
ChromeDriver was started successfully.
Apr 21, 2022 2:11:11 AM org.openqa.selenium.remote.ProtocolHandshake createSession
INFO: Detected dialect: W3C
Apr 21, 2022 2:11:11 AM org.openqa.selenium.devtools.CdpVersionFinder findNearestMatch
WARNING: Unable to find an exact match for CDP version 100, so returning the closest version found: 99
Apr 21, 2022 2:11:11 AM org.openqa.selenium.devtools.CdpVersionFinder findNearestMatch
INFO: Found CDP implementation for version 100 of 99
]]></system-err>
  </testcase>
  <testcase name="user login unsuccessful #1" classname="user login to the page unsuccessful" time="7.105">
    <system-out><![CDATA[02:11:23.631 [main] ERROR  - &amp#27;[91m
  _____   ___   ___   _____     ___   ___   ___    ___    ___ 
 |_   _| | __| / __| |_   _|   | __| | _ \ | _ \  / _ \  | _ \
   | |   | _|  \__ \   | |     | _|  |   / |   / | (_) | |   /
   |_|   |___| |___/   |_|     |___| |_|_\ |_|_\  \___/  |_|_\

user login successful
---------------------------------------------------------------&amp#27;[0m
02:11:23.631 [main] DEBUG  - RELATED ISSUES: 
02:11:23.632 [main] ERROR  - &amp#27;[91m    Test failed at step: Is at: Home&amp#27;[0m
02:11:23.632 [main] ERROR  - &amp#27;[91m    Timed out after 2 seconds. Element not found&amp#27;[0m
02:11:23.634 [AsyncHttpClient-1-10] DEBUG org.asynchttpclient.netty.handler.WebSocketHandler - Channel Closed: [id: 0x560af41c, L:/127.0.0.1:61659 ! R:localhost/127.0.0.1:61652] with attribute NettyResponseFuture{currentRetry=5,
	isDone=1,
	isCancelled=0,
	asyncHandler=org.asynchttpclient.ws.WebSocketUpgradeHandler@43df18df,
	nettyRequest=org.asynchttpclient.netty.request.NettyRequest@6dd9ec0,
	future=java.util.concurrent.CompletableFuture@74952fbf[Completed normally],
	uri=ws://localhost:61652/devtools/browser/8ea9c76a-a6be-408d-bfb2-53918ad6c7e1,
	keepAlive=true,
	redirectCount=0,
	timeoutsHolder=null,
	inAuth=0,
	touch=1650481871974}
02:11:23.634 [AsyncHttpClient-1-10] DEBUG org.asynchttpclient.netty.channel.ChannelManager - Closing Channel [id: 0x560af41c, L:/127.0.0.1:61659 ! R:localhost/127.0.0.1:61652] 
02:11:23.634 [Driver Command Executor] DEBUG org.asynchttpclient.netty.request.NettyRequestSender - Using pooled Channel '[id: 0x0bd4093f, L:/127.0.0.1:61649 - R:localhost/127.0.0.1:61524]' for 'DELETE' to 'http://localhost:61524/session/a58d05be41b001e9350017e91cd995e7'
02:11:23.634 [Driver Command Executor] DEBUG org.asynchttpclient.netty.request.NettyRequestSender - Using open Channel [id: 0x0bd4093f, L:/127.0.0.1:61649 - R:localhost/127.0.0.1:61524] for DELETE '/session/a58d05be41b001e9350017e91cd995e7'
02:11:23.687 [AsyncHttpClient-1-9] DEBUG org.asynchttpclient.netty.handler.HttpHandler - Unexpected I/O exception on channel [id: 0xd58ec547, L:/127.0.0.1:61658 - R:localhost/127.0.0.1:61652]
java.io.IOException: An existing connection was forcibly closed by the remote host
	at sun.nio.ch.SocketDispatcher.read0(Native Method)
	at sun.nio.ch.SocketDispatcher.read(SocketDispatcher.java:43)
	at sun.nio.ch.IOUtil.readIntoNativeBuffer(IOUtil.java:223)
	at sun.nio.ch.IOUtil.read(IOUtil.java:192)
	at sun.nio.ch.SocketChannelImpl.read(SocketChannelImpl.java:378)
	at io.netty.buffer.PooledByteBuf.setBytes(PooledByteBuf.java:258)
	at io.netty.buffer.AbstractByteBuf.writeBytes(AbstractByteBuf.java:1132)
	at io.netty.channel.socket.nio.NioSocketChannel.doReadBytes(NioSocketChannel.java:350)
	at io.netty.channel.nio.AbstractNioByteChannel$NioByteUnsafe.read(AbstractNioByteChannel.java:151)
	at io.netty.channel.nio.NioEventLoop.processSelectedKey(NioEventLoop.java:722)
	at io.netty.channel.nio.NioEventLoop.processSelectedKeysOptimized(NioEventLoop.java:658)
	at io.netty.channel.nio.NioEventLoop.processSelectedKeys(NioEventLoop.java:584)
	at io.netty.channel.nio.NioEventLoop.run(NioEventLoop.java:496)
	at io.netty.util.concurrent.SingleThreadEventExecutor$4.run(SingleThreadEventExecutor.java:986)
	at io.netty.util.internal.ThreadExecutorMap$2.run(ThreadExecutorMap.java:74)
	at io.netty.util.concurrent.FastThreadLocalRunnable.run(FastThreadLocalRunnable.java:30)
	at java.lang.Thread.run(Thread.java:750)
02:11:23.687 [AsyncHttpClient-1-9] DEBUG org.asynchttpclient.netty.channel.ChannelManager - Closing Channel [id: 0xd58ec547, L:/127.0.0.1:61658 - R:localhost/127.0.0.1:61652] 
02:11:23.687 [AsyncHttpClient-1-9] DEBUG org.asynchttpclient.netty.handler.HttpHandler - Channel Closed: [id: 0xd58ec547, L:/127.0.0.1:61658 ! R:localhost/127.0.0.1:61652] with attribute DISCARD
02:11:23.708 [AsyncHttpClient-1-8] DEBUG org.asynchttpclient.netty.handler.HttpHandler - 

Request DefaultFullHttpRequest(decodeResult: success, version: HTTP/1.1, content: EmptyByteBufBE)
DELETE /session/a58d05be41b001e9350017e91cd995e7 HTTP/1.1
User-Agent: selenium/4.1.3 (java windows)
Content-Type: application/json; charset=utf-8
host: localhost:61524
accept: */*

Response DefaultHttpResponse(decodeResult: success, version: HTTP/1.1)
HTTP/1.1 200 OK
Content-Type: application/json; charset=utf-8
cache-control: no-cache
content-length: 14

02:11:23.708 [AsyncHttpClient-1-8] DEBUG org.asynchttpclient.netty.channel.ChannelManager - Adding key: http://localhost:61524 for channel [id: 0x0bd4093f, L:/127.0.0.1:61649 - R:localhost/127.0.0.1:61524]
02:11:23.900 [AsyncHttpClient-1-8] DEBUG org.asynchttpclient.netty.handler.HttpHandler - Channel Closed: [id: 0x0bd4093f, L:/127.0.0.1:61649 ! R:localhost/127.0.0.1:61524] with attribute DISCARD
02:11:24.064 [AsyncHttpClient-1-1] DEBUG org.asynchttpclient.netty.channel.DefaultChannelPool - Entry count for : http://localhost:61652 : 1
02:11:24.064 [AsyncHttpClient-1-1] DEBUG org.asynchttpclient.netty.channel.DefaultChannelPool - Entry count for : http://localhost:61524 : 1
02:11:24.064 [AsyncHttpClient-1-1] DEBUG org.asynchttpclient.netty.channel.DefaultChannelPool - Adding Candidate expired Channel [id: 0xd58ec547, L:/127.0.0.1:61658 ! R:localhost/127.0.0.1:61652] isIdleTimeoutExpired=false isRemotelyClosed=true isTtlExpired=false
02:11:24.064 [AsyncHttpClient-1-1] DEBUG org.asynchttpclient.netty.channel.DefaultChannelPool - Closing Idle Channel [id: 0xd58ec547, L:/127.0.0.1:61658 ! R:localhost/127.0.0.1:61652]
02:11:24.064 [AsyncHttpClient-1-1] DEBUG org.asynchttpclient.netty.channel.DefaultChannelPool - Adding Candidate expired Channel [id: 0x0bd4093f, L:/127.0.0.1:61649 ! R:localhost/127.0.0.1:61524] isIdleTimeoutExpired=false isRemotelyClosed=true isTtlExpired=false
02:11:24.064 [AsyncHttpClient-1-1] DEBUG org.asynchttpclient.netty.channel.DefaultChannelPool - Closing Idle Channel [id: 0x0bd4093f, L:/127.0.0.1:61649 ! R:localhost/127.0.0.1:61524]
02:11:24.064 [AsyncHttpClient-1-1] DEBUG org.asynchttpclient.netty.channel.DefaultChannelPool - Closed 2 connections out of 2 in 0 ms
02:11:24.440 [main] INFO io.cucumber.core.plugin.SerenityReporter - Running feature from file:///D:/Pratice/serenity_homework/src/test/resources/features.login/login_unsuccess.feature
02:11:24.440 [main] WARN io.cucumber.core.plugin.SerenityReporter - Feature from file:///D:/Pratice/serenity_homework/src/test/resources/features.login/login_unsuccess.feature is not under the 'features' directory. Requirements report will not be correctly generated!
02:11:24.443 [main] DEBUG net.thucydides.core.steps.StepEventBus - Test suite started for story net.thucydides.core.model.Story@d30bc052
02:11:24.443 [main] INFO  - Test Suite Started: user login to the page unsuccessful

@unit
Scenario Outline: user login unsuccessful                          &amp#27;[90m# src/test/resources/features.login/login_unsuccess.feature:9&amp#27;[0m
02:11:24.462 [main] INFO io.cucumber.core.plugin.SerenityReporter - Running feature from file:///D:/Pratice/serenity_homework/src/test/resources/features.login/login_unsuccess.feature
02:11:24.462 [main] WARN io.cucumber.core.plugin.SerenityReporter - Feature from file:///D:/Pratice/serenity_homework/src/test/resources/features.login/login_unsuccess.feature is not under the 'features' directory. Requirements report will not be correctly generated!
02:11:24.466 [main] INFO  - 
  _____   ___   ___   _____     ___   _____     _     ___   _____   ___   ___  
 |_   _| | __| / __| |_   _|   / __| |_   _|   /_\   | _ \ |_   _| | __| |   \ 
   | |   | _|  \__ \   | |     \__ \   | |    / _ \  |   /   | |   | _|  | |) |
   |_|   |___| |___/   |_|     |___/   |_|   /_/ \_\ |_|_\   |_|   |___| |___/ 

user login unsuccessful(user-login-to-the-page-unsuccessful;user-login-unsuccessful)
--------------------------------------------------------------------------------
02:11:24.526 [main] DEBUG io.github.bonigarcia.wdm.cache.ResolutionCache - Resolution chrome=100 in cache (valid until 02:23:33 21/04/2022 ICT)
02:11:24.527 [main] DEBUG io.github.bonigarcia.wdm.cache.ResolutionCache - Resolution chrome100=100.0.4896.60 in cache (valid until 15:25:50 21/04/2022 ICT)
02:11:24.527 [main] INFO io.github.bonigarcia.wdm.WebDriverManager - Using chromedriver 100.0.4896.60 (resolved driver for Chrome 100)
02:11:24.552 [main] DEBUG io.github.bonigarcia.wdm.WebDriverManager - Driver chromedriver 100.0.4896.60 found in cache
02:11:24.553 [main] INFO io.github.bonigarcia.wdm.WebDriverManager - Exporting webdriver.chrome.driver as C:\Users\dung.nguyenanh\.cache\selenium\chromedriver\win32\100.0.4896.60\chromedriver.exe
02:11:24.555 [main] INFO net.serenitybdd.core.webdriver.driverproviders.ChromeDriverProvider - Using automatically driver download
02:11:24.858 [main] DEBUG io.github.bonigarcia.wdm.cache.ResolutionCache - Resolution chrome=100 in cache (valid until 02:23:33 21/04/2022 ICT)
02:11:24.860 [main] DEBUG io.github.bonigarcia.wdm.cache.ResolutionCache - Resolution chrome100=100.0.4896.60 in cache (valid until 15:25:50 21/04/2022 ICT)
02:11:24.860 [main] INFO io.github.bonigarcia.wdm.WebDriverManager - Using chromedriver 100.0.4896.60 (resolved driver for Chrome 100)
02:11:24.882 [main] DEBUG io.github.bonigarcia.wdm.WebDriverManager - Driver chromedriver 100.0.4896.60 found in cache
02:11:24.883 [main] INFO io.github.bonigarcia.wdm.WebDriverManager - Exporting webdriver.chrome.driver as C:\Users\dung.nguyenanh\.cache\selenium\chromedriver\win32\100.0.4896.60\chromedriver.exe
02:11:25.202 [main] DEBUG net.serenitybdd.core.webdriver.driverproviders.ProvideNewDriver - Instantiating driver
02:11:25.202 [main] DEBUG net.serenitybdd.core.webdriver.driverproviders.ProvideNewDriver - Driver capabilities: Capabilities {acceptInsecureCerts: false, autodownload: true, base.url: https://demo.guru99.com/V1/..., browserName: chrome, goog:chromeOptions: {args: [], extensions: []}}
02:11:25.750 [AsyncHttpClient-1-11] DEBUG org.asynchttpclient.netty.channel.NettyConnectListener - Using new Channel '[id: 0xe2331cea, L:/127.0.0.1:61736 - R:localhost/127.0.0.1:56164]' for 'POST' to '/session'
02:11:26.507 [AsyncHttpClient-1-11] DEBUG org.asynchttpclient.netty.handler.HttpHandler - 

Request DefaultHttpRequest(decodeResult: success, version: HTTP/1.1)
POST /session HTTP/1.1
User-Agent: selenium/4.1.3 (java windows)
Content-Length: 539
Content-Type: application/json; charset=utf-8
host: localhost:56164
accept: */*

Response DefaultHttpResponse(decodeResult: success, version: HTTP/1.1)
HTTP/1.1 200 OK
Content-Type: application/json; charset=utf-8
cache-control: no-cache
content-length: 796

02:11:26.509 [AsyncHttpClient-1-11] DEBUG org.asynchttpclient.netty.channel.ChannelManager - Adding key: http://localhost:56164 for channel [id: 0xe2331cea, L:/127.0.0.1:61736 - R:localhost/127.0.0.1:56164]
02:11:26.519 [AsyncHttpClient-1-12] DEBUG org.asynchttpclient.netty.channel.NettyConnectListener - Using new Channel '[id: 0xf9af3736, L:/127.0.0.1:61744 - R:localhost/127.0.0.1:61737]' for 'GET' to '/json/version'
02:11:26.521 [AsyncHttpClient-1-12] DEBUG org.asynchttpclient.netty.handler.HttpHandler - 

Request DefaultFullHttpRequest(decodeResult: success, version: HTTP/1.1, content: EmptyByteBufBE)
GET /json/version HTTP/1.1
User-Agent: selenium/4.1.3 (java windows)
host: localhost:61737
accept: */*

Response DefaultHttpResponse(decodeResult: success, version: HTTP/1.1)
HTTP/1.1 200 OK
Content-Type: application/json; charset=UTF-8
content-length: 429

02:11:26.521 [AsyncHttpClient-1-12] DEBUG org.asynchttpclient.netty.channel.ChannelManager - Adding key: http://localhost:61737 for channel [id: 0xf9af3736, L:/127.0.0.1:61744 - R:localhost/127.0.0.1:61737]
02:11:26.524 [AsyncHttpClient-1-13] DEBUG org.asynchttpclient.netty.channel.NettyConnectListener - Using new Channel '[id: 0xda0e2f08, L:/127.0.0.1:61745 - R:localhost/127.0.0.1:61737]' for 'GET' to '/devtools/browser/9689eb2b-9da0-4465-964b-3cf3a2e6c684'
02:11:26.526 [AsyncHttpClient-1-13] DEBUG org.asynchttpclient.netty.handler.WebSocketHandler - 

Request DefaultFullHttpRequest(decodeResult: success, version: HTTP/1.1, content: EmptyByteBufBE)
GET /devtools/browser/9689eb2b-9da0-4465-964b-3cf3a2e6c684 HTTP/1.1
upgrade: websocket
connection: upgrade
sec-websocket-key: Ut1OCUDxp0x/4gr+Z8FvYQ==
sec-websocket-version: 13
origin: http://localhost:61737
host: localhost:61737
accept: */*
user-agent: AHC/2.1

Response DefaultHttpResponse(decodeResult: success, version: HTTP/1.1)
HTTP/1.1 101 WebSocket Protocol Handshake
Upgrade: WebSocket
Connection: Upgrade
Sec-WebSocket-Accept: r/y5eb1mi6dlryIU1MzzA+a1Iwc=

02:11:26.530 [Forwarding get on session b065353ba2ee0486eeb6a2973e1b8ffe to remote] DEBUG org.asynchttpclient.netty.request.NettyRequestSender - Using pooled Channel '[id: 0xe2331cea, L:/127.0.0.1:61736 - R:localhost/127.0.0.1:56164]' for 'POST' to 'http://localhost:56164/session/b065353ba2ee0486eeb6a2973e1b8ffe/url'
02:11:26.530 [Forwarding get on session b065353ba2ee0486eeb6a2973e1b8ffe to remote] DEBUG org.asynchttpclient.netty.request.NettyRequestSender - Using open Channel [id: 0xe2331cea, L:/127.0.0.1:61736 - R:localhost/127.0.0.1:56164] for POST '/session/b065353ba2ee0486eeb6a2973e1b8ffe/url'
02:11:27.358 [AsyncHttpClient-1-1] DEBUG org.asynchttpclient.netty.channel.DefaultChannelPool - Entry count for : http://localhost:61737 : 1
02:11:28.459 [AsyncHttpClient-1-1] DEBUG org.asynchttpclient.netty.channel.DefaultChannelPool - Entry count for : http://localhost:61737 : 1
02:11:29.560 [AsyncHttpClient-1-1] DEBUG org.asynchttpclient.netty.channel.DefaultChannelPool - Entry count for : http://localhost:61737 : 1
02:11:30.658 [AsyncHttpClient-1-1] DEBUG org.asynchttpclient.netty.channel.DefaultChannelPool - Entry count for : http://localhost:61737 : 1
02:11:30.671 [AsyncHttpClient-1-11] DEBUG org.asynchttpclient.netty.handler.HttpHandler - 

Request DefaultHttpRequest(decodeResult: success, version: HTTP/1.1)
POST /session/b065353ba2ee0486eeb6a2973e1b8ffe/url HTTP/1.1
User-Agent: selenium/4.1.3 (java windows)
Content-Length: 94
Content-Type: application/json; charset=utf-8
host: localhost:56164
accept: */*

Response DefaultHttpResponse(decodeResult: success, version: HTTP/1.1)
HTTP/1.1 200 OK
Content-Type: application/json; charset=utf-8
cache-control: no-cache
content-length: 14

02:11:30.671 [AsyncHttpClient-1-11] DEBUG org.asynchttpclient.netty.channel.ChannelManager - Adding key: http://localhost:56164 for channel [id: 0xe2331cea, L:/127.0.0.1:61736 - R:localhost/127.0.0.1:56164]
02:11:30.672 [Forwarding setTimeout on session b065353ba2ee0486eeb6a2973e1b8ffe to remote] DEBUG org.asynchttpclient.netty.request.NettyRequestSender - Using pooled Channel '[id: 0xe2331cea, L:/127.0.0.1:61736 - R:localhost/127.0.0.1:56164]' for 'POST' to 'http://localhost:56164/session/b065353ba2ee0486eeb6a2973e1b8ffe/timeouts'
02:11:30.672 [Forwarding setTimeout on session b065353ba2ee0486eeb6a2973e1b8ffe to remote] DEBUG org.asynchttpclient.netty.request.NettyRequestSender - Using open Channel [id: 0xe2331cea, L:/127.0.0.1:61736 - R:localhost/127.0.0.1:56164] for POST '/session/b065353ba2ee0486eeb6a2973e1b8ffe/timeouts'
02:11:30.674 [AsyncHttpClient-1-11] DEBUG org.asynchttpclient.netty.handler.HttpHandler - 

Request DefaultHttpRequest(decodeResult: success, version: HTTP/1.1)
POST /session/b065353ba2ee0486eeb6a2973e1b8ffe/timeouts HTTP/1.1
User-Agent: selenium/4.1.3 (java windows)
Content-Length: 22
Content-Type: application/json; charset=utf-8
host: localhost:56164
accept: */*

Response DefaultHttpResponse(decodeResult: success, version: HTTP/1.1)
HTTP/1.1 200 OK
Content-Type: application/json; charset=utf-8
cache-control: no-cache
content-length: 14

02:11:30.674 [AsyncHttpClient-1-11] DEBUG org.asynchttpclient.netty.channel.ChannelManager - Adding key: http://localhost:56164 for channel [id: 0xe2331cea, L:/127.0.0.1:61736 - R:localhost/127.0.0.1:56164]
02:11:30.675 [Forwarding getCurrentUrl on session b065353ba2ee0486eeb6a2973e1b8ffe to remote] DEBUG org.asynchttpclient.netty.request.NettyRequestSender - Using pooled Channel '[id: 0xe2331cea, L:/127.0.0.1:61736 - R:localhost/127.0.0.1:56164]' for 'GET' to 'http://localhost:56164/session/b065353ba2ee0486eeb6a2973e1b8ffe/url'
02:11:30.675 [Forwarding getCurrentUrl on session b065353ba2ee0486eeb6a2973e1b8ffe to remote] DEBUG org.asynchttpclient.netty.request.NettyRequestSender - Using open Channel [id: 0xe2331cea, L:/127.0.0.1:61736 - R:localhost/127.0.0.1:56164] for GET '/session/b065353ba2ee0486eeb6a2973e1b8ffe/url'
02:11:30.681 [AsyncHttpClient-1-11] DEBUG org.asynchttpclient.netty.handler.HttpHandler - 

Request DefaultFullHttpRequest(decodeResult: success, version: HTTP/1.1, content: EmptyByteBufBE)
GET /session/b065353ba2ee0486eeb6a2973e1b8ffe/url HTTP/1.1
User-Agent: selenium/4.1.3 (java windows)
Cache-Control: no-cache
Content-Type: application/json; charset=utf-8
host: localhost:56164
accept: */*

Response DefaultHttpResponse(decodeResult: success, version: HTTP/1.1)
HTTP/1.1 200 OK
Content-Type: application/json; charset=utf-8
cache-control: no-cache
content-length: 61

02:11:30.682 [AsyncHttpClient-1-11] DEBUG org.asynchttpclient.netty.channel.ChannelManager - Adding key: http://localhost:56164 for channel [id: 0xe2331cea, L:/127.0.0.1:61736 - R:localhost/127.0.0.1:56164]
02:11:30.683 [Forwarding getCurrentUrl on session b065353ba2ee0486eeb6a2973e1b8ffe to remote] DEBUG org.asynchttpclient.netty.request.NettyRequestSender - Using pooled Channel '[id: 0xe2331cea, L:/127.0.0.1:61736 - R:localhost/127.0.0.1:56164]' for 'GET' to 'http://localhost:56164/session/b065353ba2ee0486eeb6a2973e1b8ffe/url'
02:11:30.683 [Forwarding getCurrentUrl on session b065353ba2ee0486eeb6a2973e1b8ffe to remote] DEBUG org.asynchttpclient.netty.request.NettyRequestSender - Using open Channel [id: 0xe2331cea, L:/127.0.0.1:61736 - R:localhost/127.0.0.1:56164] for GET '/session/b065353ba2ee0486eeb6a2973e1b8ffe/url'
02:11:30.688 [AsyncHttpClient-1-11] DEBUG org.asynchttpclient.netty.handler.HttpHandler - 

Request DefaultFullHttpRequest(decodeResult: success, version: HTTP/1.1, content: EmptyByteBufBE)
GET /session/b065353ba2ee0486eeb6a2973e1b8ffe/url HTTP/1.1
User-Agent: selenium/4.1.3 (java windows)
Cache-Control: no-cache
Content-Type: application/json; charset=utf-8
host: localhost:56164
accept: */*

Response DefaultHttpResponse(decodeResult: success, version: HTTP/1.1)
HTTP/1.1 200 OK
Content-Type: application/json; charset=utf-8
cache-control: no-cache
content-length: 61

02:11:30.688 [AsyncHttpClient-1-11] DEBUG org.asynchttpclient.netty.channel.ChannelManager - Adding key: http://localhost:56164 for channel [id: 0xe2331cea, L:/127.0.0.1:61736 - R:localhost/127.0.0.1:56164]
02:11:30.690 [Forwarding maximizeCurrentWindow on session b065353ba2ee0486eeb6a2973e1b8ffe to remote] DEBUG org.asynchttpclient.netty.request.NettyRequestSender - Using pooled Channel '[id: 0xe2331cea, L:/127.0.0.1:61736 - R:localhost/127.0.0.1:56164]' for 'POST' to 'http://localhost:56164/session/b065353ba2ee0486eeb6a2973e1b8ffe/window/maximize'
02:11:30.690 [Forwarding maximizeCurrentWindow on session b065353ba2ee0486eeb6a2973e1b8ffe to remote] DEBUG org.asynchttpclient.netty.request.NettyRequestSender - Using open Channel [id: 0xe2331cea, L:/127.0.0.1:61736 - R:localhost/127.0.0.1:56164] for POST '/session/b065353ba2ee0486eeb6a2973e1b8ffe/window/maximize'
02:11:30.815 [AsyncHttpClient-1-11] DEBUG org.asynchttpclient.netty.handler.HttpHandler - 

Request DefaultHttpRequest(decodeResult: success, version: HTTP/1.1)
POST /session/b065353ba2ee0486eeb6a2973e1b8ffe/window/maximize HTTP/1.1
User-Agent: selenium/4.1.3 (java windows)
Content-Length: 3
Content-Type: application/json; charset=utf-8
host: localhost:56164
accept: */*

Response DefaultHttpResponse(decodeResult: success, version: HTTP/1.1)
HTTP/1.1 200 OK
Content-Type: application/json; charset=utf-8
cache-control: no-cache
content-length: 51

[...]
02:11:39.160 [Forwarding setTimeout on session b065353ba2ee0486eeb6a2973e1b8ffe to remote] DEBUG org.asynchttpclient.netty.request.NettyRequestSender - Using open Channel [id: 0xe2331cea, L:/127.0.0.1:61736 - R:localhost/127.0.0.1:56164] for POST '/session/b065353ba2ee0486eeb6a2973e1b8ffe/timeouts'
02:11:39.161 [AsyncHttpClient-1-11] DEBUG org.asynchttpclient.netty.handler.HttpHandler - 

Request DefaultHttpRequest(decodeResult: success, version: HTTP/1.1)
POST /session/b065353ba2ee0486eeb6a2973e1b8ffe/timeouts HTTP/1.1
User-Agent: selenium/4.1.3 (java windows)
Content-Length: 22
Content-Type: application/json; charset=utf-8
host: localhost:56164
accept: */*

Response DefaultHttpResponse(decodeResult: success, version: HTTP/1.1)
HTTP/1.1 200 OK
Content-Type: application/json; charset=utf-8
cache-control: no-cache
content-length: 14

02:11:39.161 [AsyncHttpClient-1-11] DEBUG org.asynchttpclient.netty.channel.ChannelManager - Adding key: http://localhost:56164 for channel [id: 0xe2331cea, L:/127.0.0.1:61736 - R:localhost/127.0.0.1:56164]
02:11:39.168 [Forwarding isElementDisplayed on session b065353ba2ee0486eeb6a2973e1b8ffe to remote] DEBUG org.asynchttpclient.netty.request.NettyRequestSender - Using pooled Channel '[id: 0xe2331cea, L:/127.0.0.1:61736 - R:localhost/127.0.0.1:56164]' for 'POST' to 'http://localhost:56164/session/b065353ba2ee0486eeb6a2973e1b8ffe/execute/sync'
02:11:39.168 [Forwarding isElementDisplayed on session b065353ba2ee0486eeb6a2973e1b8ffe to remote] DEBUG org.asynchttpclient.netty.request.NettyRequestSender - Using open Channel [id: 0xe2331cea, L:/127.0.0.1:61736 - R:localhost/127.0.0.1:56164] for POST '/session/b065353ba2ee0486eeb6a2973e1b8ffe/execute/sync'
02:11:39.187 [AsyncHttpClient-1-11] DEBUG org.asynchttpclient.netty.handler.HttpHandler - 

Request DefaultHttpRequest(decodeResult: success, version: HTTP/1.1)
POST /session/b065353ba2ee0486eeb6a2973e1b8ffe/execute/sync HTTP/1.1
User-Agent: selenium/4.1.3 (java windows)
Content-Length: 48780
Content-Type: application/json; charset=utf-8
host: localhost:56164
accept: */*

Response DefaultHttpResponse(decodeResult: success, version: HTTP/1.1)
HTTP/1.1 200 OK
Content-Type: application/json; charset=utf-8
cache-control: no-cache
content-length: 14

02:11:39.188 [AsyncHttpClient-1-11] DEBUG org.asynchttpclient.netty.channel.ChannelManager - Adding key: http://localhost:56164 for channel [id: 0xe2331cea, L:/127.0.0.1:61736 - R:localhost/127.0.0.1:56164]
02:11:39.192 [Forwarding getElementTagName on session b065353ba2ee0486eeb6a2973e1b8ffe to remote] DEBUG org.asynchttpclient.netty.request.NettyRequestSender - Using pooled Channel '[id: 0xe2331cea, L:/127.0.0.1:61736 - R:localhost/127.0.0.1:56164]' for 'GET' to 'http://localhost:56164/session/b065353ba2ee0486eeb6a2973e1b8ffe/element/98238058-5ad5-406b-9600-021b1ca2997f/name'
02:11:39.192 [Forwarding getElementTagName on session b065353ba2ee0486eeb6a2973e1b8ffe to remote] DEBUG org.asynchttpclient.netty.request.NettyRequestSender - Using open Channel [id: 0xe2331cea, L:/127.0.0.1:61736 - R:localhost/127.0.0.1:56164] for GET '/session/b065353ba2ee0486eeb6a2973e1b8ffe/element/98238058-5ad5-406b-9600-021b1ca2997f/name'
02:11:39.202 [AsyncHttpClient-1-11] DEBUG org.asynchttpclient.netty.handler.HttpHandler - 

Request DefaultFullHttpRequest(decodeResult: success, version: HTTP/1.1, content: EmptyByteBufBE)
GET /session/b065353ba2ee0486eeb6a2973e1b8ffe/element/98238058-5ad5-406b-9600-021b1ca2997f/name HTTP/1.1
User-Agent: selenium/4.1.3 (java windows)
Cache-Control: no-cache
Content-Type: application/json; charset=utf-8
host: localhost:56164
accept: */*

Response DefaultHttpResponse(decodeResult: success, version: HTTP/1.1)
HTTP/1.1 200 OK
Content-Type: application/json; charset=utf-8
cache-control: no-cache
content-length: 17

02:11:39.202 [AsyncHttpClient-1-11] DEBUG org.asynchttpclient.netty.channel.ChannelManager - Adding key: http://localhost:56164 for channel [id: 0xe2331cea, L:/127.0.0.1:61736 - R:localhost/127.0.0.1:56164]
02:11:39.204 [Forwarding getElementTagName on session b065353ba2ee0486eeb6a2973e1b8ffe to remote] DEBUG org.asynchttpclient.netty.request.NettyRequestSender - Using pooled Channel '[id: 0xe2331cea, L:/127.0.0.1:61736 - R:localhost/127.0.0.1:56164]' for 'GET' to 'http://localhost:56164/session/b065353ba2ee0486eeb6a2973e1b8ffe/element/98238058-5ad5-406b-9600-021b1ca2997f/name'
02:11:39.205 [Forwarding getElementTagName on session b065353ba2ee0486eeb6a2973e1b8ffe to remote] DEBUG org.asynchttpclient.netty.request.NettyRequestSender - Using open Channel [id: 0xe2331cea, L:/127.0.0.1:61736 - R:localhost/127.0.0.1:56164] for GET '/session/b065353ba2ee0486eeb6a2973e1b8ffe/element/98238058-5ad5-406b-9600-021b1ca2997f/name'
02:11:39.209 [AsyncHttpClient-1-11] DEBUG org.asynchttpclient.netty.handler.HttpHandler - 

Request DefaultFullHttpRequest(decodeResult: success, version: HTTP/1.1, content: EmptyByteBufBE)
GET /session/b065353ba2ee0486eeb6a2973e1b8ffe/element/98238058-5ad5-406b-9600-021b1ca2997f/name HTTP/1.1
User-Agent: selenium/4.1.3 (java windows)
Cache-Control: no-cache
Content-Type: application/json; charset=utf-8
host: localhost:56164
accept: */*

Response DefaultHttpResponse(decodeResult: success, version: HTTP/1.1)
HTTP/1.1 200 OK
Content-Type: application/json; charset=utf-8
cache-control: no-cache
content-length: 17

02:11:39.209 [AsyncHttpClient-1-11] DEBUG org.asynchttpclient.netty.channel.ChannelManager - Adding key: http://localhost:56164 for channel [id: 0xe2331cea, L:/127.0.0.1:61736 - R:localhost/127.0.0.1:56164]
02:11:39.213 [Forwarding isElementEnabled on session b065353ba2ee0486eeb6a2973e1b8ffe to remote] DEBUG org.asynchttpclient.netty.request.NettyRequestSender - Using pooled Channel '[id: 0xe2331cea, L:/127.0.0.1:61736 - R:localhost/127.0.0.1:56164]' for 'GET' to 'http://localhost:56164/session/b065353ba2ee0486eeb6a2973e1b8ffe/element/98238058-5ad5-406b-9600-021b1ca2997f/enabled'
02:11:39.213 [Forwarding isElementEnabled on session b065353ba2ee0486eeb6a2973e1b8ffe to remote] DEBUG org.asynchttpclient.netty.request.NettyRequestSender - Using open Channel [id: 0xe2331cea, L:/127.0.0.1:61736 - R:localhost/127.0.0.1:56164] for GET '/session/b065353ba2ee0486eeb6a2973e1b8ffe/element/98238058-5ad5-406b-9600-021b1ca2997f/enabled'
02:11:39.224 [AsyncHttpClient-1-11] DEBUG org.asynchttpclient.netty.handler.HttpHandler - 

Request DefaultFullHttpRequest(decodeResult: success, version: HTTP/1.1, content: EmptyByteBufBE)
GET /session/b065353ba2ee0486eeb6a2973e1b8ffe/element/98238058-5ad5-406b-9600-021b1ca2997f/enabled HTTP/1.1
User-Agent: selenium/4.1.3 (java windows)
Cache-Control: no-cache
Content-Type: application/json; charset=utf-8
host: localhost:56164
accept: */*

Response DefaultHttpResponse(decodeResult: success, version: HTTP/1.1)
HTTP/1.1 200 OK
Content-Type: application/json; charset=utf-8
cache-control: no-cache
content-length: 14

02:11:39.224 [AsyncHttpClient-1-11] DEBUG org.asynchttpclient.netty.channel.ChannelManager - Adding key: http://localhost:56164 for channel [id: 0xe2331cea, L:/127.0.0.1:61736 - R:localhost/127.0.0.1:56164]
02:11:39.226 [Forwarding isElementEnabled on session b065353ba2ee0486eeb6a2973e1b8ffe to remote] DEBUG org.asynchttpclient.netty.request.NettyRequestSender - Using pooled Channel '[id: 0xe2331cea, L:/127.0.0.1:61736 - R:localhost/127.0.0.1:56164]' for 'GET' to 'http://localhost:56164/session/b065353ba2ee0486eeb6a2973e1b8ffe/element/98238058-5ad5-406b-9600-021b1ca2997f/enabled'
02:11:39.226 [Forwarding isElementEnabled on session b065353ba2ee0486eeb6a2973e1b8ffe to remote] DEBUG org.asynchttpclient.netty.request.NettyRequestSender - Using open Channel [id: 0xe2331cea, L:/127.0.0.1:61736 - R:localhost/127.0.0.1:56164] for GET '/session/b065353ba2ee0486eeb6a2973e1b8ffe/element/98238058-5ad5-406b-9600-021b1ca2997f/enabled'
02:11:39.236 [AsyncHttpClient-1-11] DEBUG org.asynchttpclient.netty.handler.HttpHandler - 

Request DefaultFullHttpRequest(decodeResult: success, version: HTTP/1.1, content: EmptyByteBufBE)
GET /session/b065353ba2ee0486eeb6a2973e1b8ffe/element/98238058-5ad5-406b-9600-021b1ca2997f/enabled HTTP/1.1
User-Agent: selenium/4.1.3 (java windows)
Cache-Control: no-cache
Content-Type: application/json; charset=utf-8
host: localhost:56164
accept: */*

Response DefaultHttpResponse(decodeResult: success, version: HTTP/1.1)
HTTP/1.1 200 OK
Content-Type: application/json; charset=utf-8
cache-control: no-cache
content-length: 14

02:11:39.236 [AsyncHttpClient-1-11] DEBUG org.asynchttpclient.netty.channel.ChannelManager - Adding key: http://localhost:56164 for channel [id: 0xe2331cea, L:/127.0.0.1:61736 - R:localhost/127.0.0.1:56164]
02:11:39.238 [Forwarding clickElement on session b065353ba2ee0486eeb6a2973e1b8ffe to remote] DEBUG org.asynchttpclient.netty.request.NettyRequestSender - Using pooled Channel '[id: 0xe2331cea, L:/127.0.0.1:61736 - R:localhost/127.0.0.1:56164]' for 'POST' to 'http://localhost:56164/session/b065353ba2ee0486eeb6a2973e1b8ffe/element/98238058-5ad5-406b-9600-021b1ca2997f/click'
02:11:39.239 [Forwarding clickElement on session b065353ba2ee0486eeb6a2973e1b8ffe to remote] DEBUG org.asynchttpclient.netty.request.NettyRequestSender - Using open Channel [id: 0xe2331cea, L:/127.0.0.1:61736 - R:localhost/127.0.0.1:56164] for POST '/session/b065353ba2ee0486eeb6a2973e1b8ffe/element/98238058-5ad5-406b-9600-021b1ca2997f/click'
02:11:39.459 [AsyncHttpClient-1-1] DEBUG org.asynchttpclient.netty.channel.DefaultChannelPool - Entry count for : http://localhost:61737 : 1
02:11:39.634 [AsyncHttpClient-1-11] DEBUG org.asynchttpclient.netty.handler.HttpHandler - 

Request DefaultHttpRequest(decodeResult: success, version: HTTP/1.1)
POST /session/b065353ba2ee0486eeb6a2973e1b8ffe/element/98238058-5ad5-406b-9600-021b1ca2997f/click HTTP/1.1
User-Agent: selenium/4.1.3 (java windows)
Content-Length: 50
Content-Type: application/json; charset=utf-8
host: localhost:56164
accept: */*

Response DefaultHttpResponse(decodeResult: success, version: HTTP/1.1)
HTTP/1.1 200 OK
Content-Type: application/json; charset=utf-8
cache-control: no-cache
content-length: 14

02:11:39.634 [AsyncHttpClient-1-11] DEBUG org.asynchttpclient.netty.channel.ChannelManager - Adding key: http://localhost:56164 for channel [id: 0xe2331cea, L:/127.0.0.1:61736 - R:localhost/127.0.0.1:56164]
02:11:39.638 [main] DEBUG net.thucydides.core.steps.StepInterceptor - STEP DONE: login
  &amp#27;[32mGiven &amp#27;[0m&amp#27;[32mthe user enters the username &amp#27;[0m&amp#27;[32m&amp#27;[1mmngr398793&amp#27;[0m&amp#27;[32m and password &amp#27;[0m&amp#27;[32m&amp#27;[1m""&amp#27;[0m &amp#27;[90m# cucumber.LoginStepDefs.the_user_enters_the_username_and_password(java.lang.String,java.lang.String)&amp#27;[0m
02:11:39.651 [main] DEBUG net.thucydides.core.steps.StepInterceptor - STARTING STEP: LoginStepDefs.the_error_message_user_is_not_valid_is_displayed - checkInvalid
02:11:39.653 [Forwarding getAlertText on session b065353ba2ee0486eeb6a2973e1b8ffe to remote] DEBUG org.asynchttpclient.netty.request.NettyRequestSender - Using pooled Channel '[id: 0xe2331cea, L:/127.0.0.1:61736 - R:localhost/127.0.0.1:56164]' for 'GET' to 'http://localhost:56164/session/b065353ba2ee0486eeb6a2973e1b8ffe/alert/text'
02:11:39.653 [Forwarding getAlertText on session b065353ba2ee0486eeb6a2973e1b8ffe to remote] DEBUG org.asynchttpclient.netty.request.NettyRequestSender - Using open Channel [id: 0xe2331cea, L:/127.0.0.1:61736 - R:localhost/127.0.0.1:56164] for GET '/session/b065353ba2ee0486eeb6a2973e1b8ffe/alert/text'
02:11:39.655 [AsyncHttpClient-1-11] DEBUG org.asynchttpclient.netty.handler.HttpHandler - 

Request DefaultFullHttpRequest(decodeResult: success, version: HTTP/1.1, content: EmptyByteBufBE)
GET /session/b065353ba2ee0486eeb6a2973e1b8ffe/alert/text HTTP/1.1
User-Agent: selenium/4.1.3 (java windows)
Cache-Control: no-cache
Content-Type: application/json; charset=utf-8
host: localhost:56164
accept: */*

Response DefaultHttpResponse(decodeResult: success, version: HTTP/1.1)
HTTP/1.1 200 OK
Content-Type: application/json; charset=utf-8
cache-control: no-cache
content-length: 29

02:11:39.655 [AsyncHttpClient-1-11] DEBUG org.asynchttpclient.netty.channel.ChannelManager - Adding key: http://localhost:56164 for channel [id: 0xe2331cea, L:/127.0.0.1:61736 - R:localhost/127.0.0.1:56164]
02:11:39.656 [Forwarding getAlertText on session b065353ba2ee0486eeb6a2973e1b8ffe to remote] DEBUG org.asynchttpclient.netty.request.NettyRequestSender - Using pooled Channel '[id: 0xe2331cea, L:/127.0.0.1:61736 - R:localhost/127.0.0.1:56164]' for 'GET' to 'http://localhost:56164/session/b065353ba2ee0486eeb6a2973e1b8ffe/alert/text'
02:11:39.657 [Forwarding getAlertText on session b065353ba2ee0486eeb6a2973e1b8ffe to remote] DEBUG org.asynchttpclient.netty.request.NettyRequestSender - Using open Channel [id: 0xe2331cea, L:/127.0.0.1:61736 - R:localhost/127.0.0.1:56164] for GET '/session/b065353ba2ee0486eeb6a2973e1b8ffe/alert/text'
02:11:39.659 [AsyncHttpClient-1-11] DEBUG org.asynchttpclient.netty.handler.HttpHandler - 

Request DefaultFullHttpRequest(decodeResult: success, version: HTTP/1.1, content: EmptyByteBufBE)
GET /session/b065353ba2ee0486eeb6a2973e1b8ffe/alert/text HTTP/1.1
User-Agent: selenium/4.1.3 (java windows)
Cache-Control: no-cache
Content-Type: application/json; charset=utf-8
host: localhost:56164
accept: */*

Response DefaultHttpResponse(decodeResult: success, version: HTTP/1.1)
HTTP/1.1 200 OK
Content-Type: application/json; charset=utf-8
cache-control: no-cache
content-length: 29

02:11:39.659 [AsyncHttpClient-1-11] DEBUG org.asynchttpclient.netty.channel.ChannelManager - Adding key: http://localhost:56164 for channel [id: 0xe2331cea, L:/127.0.0.1:61736 - R:localhost/127.0.0.1:56164]
02:11:39.660 [Forwarding acceptAlert on session b065353ba2ee0486eeb6a2973e1b8ffe to remote] DEBUG org.asynchttpclient.netty.request.NettyRequestSender - Using pooled Channel '[id: 0xe2331cea, L:/127.0.0.1:61736 - R:localhost/127.0.0.1:56164]' for 'POST' to 'http://localhost:56164/session/b065353ba2ee0486eeb6a2973e1b8ffe/alert/accept'
02:11:39.660 [Forwarding acceptAlert on session b065353ba2ee0486eeb6a2973e1b8ffe to remote] DEBUG org.asynchttpclient.netty.request.NettyRequestSender - Using open Channel [id: 0xe2331cea, L:/127.0.0.1:61736 - R:localhost/127.0.0.1:56164] for POST '/session/b065353ba2ee0486eeb6a2973e1b8ffe/alert/accept'
02:11:39.664 [AsyncHttpClient-1-11] DEBUG org.asynchttpclient.netty.handler.HttpHandler - 

Request DefaultHttpRequest(decodeResult: success, version: HTTP/1.1)
POST /session/b065353ba2ee0486eeb6a2973e1b8ffe/alert/accept HTTP/1.1
User-Agent: selenium/4.1.3 (java windows)
Content-Length: 3
Content-Type: application/json; charset=utf-8
host: localhost:56164
accept: */*

Response DefaultHttpResponse(decodeResult: success, version: HTTP/1.1)
HTTP/1.1 200 OK
Content-Type: application/json; charset=utf-8
cache-control: no-cache
content-length: 14

02:11:39.664 [AsyncHttpClient-1-11] DEBUG org.asynchttpclient.netty.channel.ChannelManager - Adding key: http://localhost:56164 for channel [id: 0xe2331cea, L:/127.0.0.1:61736 - R:localhost/127.0.0.1:56164]
02:11:39.667 [main] DEBUG net.thucydides.core.steps.StepInterceptor - STEP DONE: checkInvalid
  &amp#27;[32mThen &amp#27;[0m&amp#27;[32mthe error message &amp#27;[0m&amp#27;[32m&amp#27;[1m'User is not valid'&amp#27;[0m&amp#27;[32m is displayed&amp#27;[0m       &amp#27;[90m# cucumber.LoginStepDefs.the_error_message_user_is_not_valid_is_displayed(java.lang.String)&amp#27;[0m
02:11:39.677 [AsyncHttpClient-1-13] DEBUG org.asynchttpclient.netty.handler.WebSocketHandler - Channel Closed: [id: 0xda0e2f08, L:/127.0.0.1:61745 ! R:localhost/127.0.0.1:61737] with attribute NettyResponseFuture{currentRetry=5,
	isDone=1,
	isCancelled=0,
	asyncHandler=org.asynchttpclient.ws.WebSocketUpgradeHandler@126639a8,
	nettyRequest=org.asynchttpclient.netty.request.NettyRequest@5764b580,
	future=java.util.concurrent.CompletableFuture@3d062526[Completed normally],
	uri=ws://localhost:61737/devtools/browser/9689eb2b-9da0-4465-964b-3cf3a2e6c684,
	keepAlive=true,
	redirectCount=0,
	timeoutsHolder=null,
	inAuth=0,
	touch=1650481886527}
02:11:39.677 [Driver Command Executor] DEBUG org.asynchttpclient.netty.request.NettyRequestSender - Using pooled Channel '[id: 0xe2331cea, L:/127.0.0.1:61736 - R:localhost/127.0.0.1:56164]' for 'DELETE' to 'http://localhost:56164/session/b065353ba2ee0486eeb6a2973e1b8ffe'
02:11:39.678 [AsyncHttpClient-1-13] DEBUG org.asynchttpclient.netty.channel.ChannelManager - Closing Channel [id: 0xda0e2f08, L:/127.0.0.1:61745 ! R:localhost/127.0.0.1:61737] 
02:11:39.678 [Driver Command Executor] DEBUG org.asynchttpclient.netty.request.NettyRequestSender - Using open Channel [id: 0xe2331cea, L:/127.0.0.1:61736 - R:localhost/127.0.0.1:56164] for DELETE '/session/b065353ba2ee0486eeb6a2973e1b8ffe'
02:11:39.726 [AsyncHttpClient-1-12] DEBUG org.asynchttpclient.netty.handler.HttpHandler - Unexpected I/O exception on channel [id: 0xf9af3736, L:/127.0.0.1:61744 - R:localhost/127.0.0.1:61737]
java.io.IOException: An existing connection was forcibly closed by the remote host
	at sun.nio.ch.SocketDispatcher.read0(Native Method)
	at sun.nio.ch.SocketDispatcher.read(SocketDispatcher.java:43)
	at sun.nio.ch.IOUtil.readIntoNativeBuffer(IOUtil.java:223)
	at sun.nio.ch.IOUtil.read(IOUtil.java:192)
	at sun.nio.ch.SocketChannelImpl.read(SocketChannelImpl.java:378)
	at io.netty.buffer.PooledByteBuf.setBytes(PooledByteBuf.java:258)
	at io.netty.buffer.AbstractByteBuf.writeBytes(AbstractByteBuf.java:1132)
	at io.netty.channel.socket.nio.NioSocketChannel.doReadBytes(NioSocketChannel.java:350)
	at io.netty.channel.nio.AbstractNioByteChannel$NioByteUnsafe.read(AbstractNioByteChannel.java:151)
	at io.netty.channel.nio.NioEventLoop.processSelectedKey(NioEventLoop.java:722)
	at io.netty.channel.nio.NioEventLoop.processSelectedKeysOptimized(NioEventLoop.java:658)
	at io.netty.channel.nio.NioEventLoop.processSelectedKeys(NioEventLoop.java:584)
	at io.netty.channel.nio.NioEventLoop.run(NioEventLoop.java:496)
	at io.netty.util.concurrent.SingleThreadEventExecutor$4.run(SingleThreadEventExecutor.java:986)
	at io.netty.util.internal.ThreadExecutorMap$2.run(ThreadExecutorMap.java:74)
	at io.netty.util.concurrent.FastThreadLocalRunnable.run(FastThreadLocalRunnable.java:30)
	at java.lang.Thread.run(Thread.java:750)
02:11:39.727 [AsyncHttpClient-1-12] DEBUG org.asynchttpclient.netty.channel.ChannelManager - Closing Channel [id: 0xf9af3736, L:/127.0.0.1:61744 - R:localhost/127.0.0.1:61737] 
02:11:39.727 [AsyncHttpClient-1-12] DEBUG org.asynchttpclient.netty.handler.HttpHandler - Channel Closed: [id: 0xf9af3736, L:/127.0.0.1:61744 ! R:localhost/127.0.0.1:61737] with attribute DISCARD
02:11:39.746 [AsyncHttpClient-1-11] DEBUG org.asynchttpclient.netty.handler.HttpHandler - 

Request DefaultFullHttpRequest(decodeResult: success, version: HTTP/1.1, content: EmptyByteBufBE)
DELETE /session/b065353ba2ee0486eeb6a2973e1b8ffe HTTP/1.1
User-Agent: selenium/4.1.3 (java windows)
Content-Type: application/json; charset=utf-8
host: localhost:56164
accept: */*

Response DefaultHttpResponse(decodeResult: success, version: HTTP/1.1)
HTTP/1.1 200 OK
Content-Type: application/json; charset=utf-8
cache-control: no-cache
content-length: 14

02:11:39.746 [AsyncHttpClient-1-11] DEBUG org.asynchttpclient.netty.channel.ChannelManager - Adding key: http://localhost:56164 for channel [id: 0xe2331cea, L:/127.0.0.1:61736 - R:localhost/127.0.0.1:56164]
02:11:39.954 [AsyncHttpClient-1-11] DEBUG org.asynchttpclient.netty.handler.HttpHandler - Channel Closed: [id: 0xe2331cea, L:/127.0.0.1:61736 ! R:localhost/127.0.0.1:56164] with attribute DISCARD
]]></system-out>
  </testcase>
</testsuite>