<?xml version="1.0" encoding="UTF-8"?>
<testsuite xmlns:xsi="http://www.w3.org/2001/XMLSchema-instance" xsi:noNamespaceSchemaLocation="https://maven.apache.org/surefire/maven-failsafe-plugin/xsd/failsafe-test-report-3.0.xsd" version="3.0" name="runners.Runner" time="49.977" tests="5" errors="0" skipped="0" failures="4">
  <properties>
[...]
</properties>
  <testcase name="user login successful" classname="user login to the page successful" time="19.362">
    <system-out><![CDATA[14:16:52.544 [main] INFO io.cucumber.core.plugin.SerenityReporter - Running feature from file:///D:/Pratice/serenity_homework/src/test/resources/features.login/login_sucess.feature
14:16:52.546 [main] WARN io.cucumber.core.plugin.SerenityReporter - Feature from file:///D:/Pratice/serenity_homework/src/test/resources/features.login/login_sucess.feature is not under the 'features' directory. Requirements report will not be correctly generated!
14:16:52.719 [main] INFO  - &amp#27;[96m

-------------------------------------------------------------------------------------
     _______. _______ .______       _______ .__   __.  __  .___________.____    ____ 
    /       ||   ____||   _  \     |   ____||  \ |  | |  | |           |\   \  /   / 
   |   (----`|  |__   |  |_)  |    |  |__   |   \|  | |  | `---|  |----` \   \/   /  
    \   \    |   __|  |      /     |   __|  |  . `  | |  |     |  |       \_    _/   
.----)   |   |  |____ |  |\  \----.|  |____ |  |\   | |  |     |  |         |  |     
|_______/    |_______|| _| `._____||_______||__| \__| |__|     |__|         |__|    
                                                                                     
 News and tutorials at http://www.serenity-bdd.info                                  
 Documentation at https://wakaleo.gitbooks.io/the-serenity-book/content/             
 Join the Serenity Community on Gitter: https://gitter.im/serenity-bdd/serenity-core 
 Serenity BDD Support and Training at http://serenity-bdd.info/#/trainingandsupport  
-------------------------------------------------------------------------------------
&amp#27;[0m
14:16:52.723 [main] DEBUG net.thucydides.core.steps.StepEventBus - Test suite started for story net.thucydides.core.model.Story@b5de0373
14:16:52.727 [main] INFO  - Test Suite Started: user login to the page successful
14:16:52.749 [main] INFO io.cucumber.core.plugin.SerenityReporter - Running feature from file:///D:/Pratice/serenity_homework/src/test/resources/features.login/login_unsuccess.feature
14:16:52.749 [main] WARN io.cucumber.core.plugin.SerenityReporter - Feature from file:///D:/Pratice/serenity_homework/src/test/resources/features.login/login_unsuccess.feature is not under the 'features' directory. Requirements report will not be correctly generated!
14:16:52.755 [main] DEBUG net.thucydides.core.steps.StepEventBus - Test suite started for story net.thucydides.core.model.Story@d30bc052
14:16:52.756 [main] INFO  - Test Suite Started: user login to the page unsuccessful
14:16:52.757 [main] INFO io.cucumber.core.plugin.SerenityReporter - Running feature from file:///D:/Pratice/serenity_homework/src/test/resources/features.login/login_sucess.feature
14:16:52.757 [main] WARN io.cucumber.core.plugin.SerenityReporter - Feature from file:///D:/Pratice/serenity_homework/src/test/resources/features.login/login_sucess.feature is not under the 'features' directory. Requirements report will not be correctly generated!
14:16:52.760 [main] DEBUG net.thucydides.core.steps.StepEventBus - Test suite started for story net.thucydides.core.model.Story@b5de0373
14:16:52.760 [main] INFO  - Test Suite Started: user login to the page successful

@unit1
Scenario Outline: user login successful                                &amp#27;[90m# src/test/resources/features.login/login_sucess.feature:9&amp#27;[0m
14:16:52.865 [main] INFO io.cucumber.core.plugin.SerenityReporter - Running feature from file:///D:/Pratice/serenity_homework/src/test/resources/features.login/login_sucess.feature
14:16:52.865 [main] WARN io.cucumber.core.plugin.SerenityReporter - Feature from file:///D:/Pratice/serenity_homework/src/test/resources/features.login/login_sucess.feature is not under the 'features' directory. Requirements report will not be correctly generated!
14:16:53.096 [main] INFO  - 
  _____   ___   ___   _____     ___   _____     _     ___   _____   ___   ___  
 |_   _| | __| / __| |_   _|   / __| |_   _|   /_\   | _ \ |_   _| | __| |   \ 
   | |   | _|  \__ \   | |     \__ \   | |    / _ \  |   /   | |   | _|  | |) |
   |_|   |___| |___/   |_|     |___/   |_|   /_/ \_\ |_|_\   |_|   |___| |___/ 

user login successful(user-login-to-the-page-successful;user-login-successful)
--------------------------------------------------------------------------------
14:16:53.941 [main] DEBUG io.github.bonigarcia.wdm.cache.ResolutionCache - Removing resolution chrome=100 from cache (expired on Sun Apr 17 18:43:38 ICT 2022)
14:16:53.965 [main] DEBUG org.apache.hc.client5.http.impl.classic.InternalHttpClient - ex-0000000001 preparing request execution
14:16:53.972 [main] DEBUG org.apache.hc.client5.http.protocol.RequestAddCookies - ex-0000000001 Cookie spec selected: strict
14:16:53.977 [main] DEBUG org.apache.hc.client5.http.protocol.RequestAuthCache - ex-0000000001 Auth cache not set in the context
14:16:53.977 [main] DEBUG org.apache.hc.client5.http.impl.classic.ProtocolExec - ex-0000000001 target auth state: UNCHALLENGED
14:16:53.977 [main] DEBUG org.apache.hc.client5.http.impl.classic.ProtocolExec - ex-0000000001 proxy auth state: UNCHALLENGED
14:16:53.979 [main] DEBUG org.apache.hc.client5.http.impl.classic.ConnectExec - ex-0000000001 acquiring connection with route {s}->https://raw.githubusercontent.com:443
14:16:53.979 [main] DEBUG org.apache.hc.client5.http.impl.classic.InternalHttpClient - ex-0000000001 acquiring endpoint (3 MINUTES)
14:16:53.981 [main] DEBUG org.apache.hc.client5.http.impl.io.PoolingHttpClientConnectionManager - ex-0000000001 endpoint lease request (3 MINUTES) [route: {s}->https://raw.githubusercontent.com:443][total available: 0; route allocated: 0 of 5; total allocated: 0 of 25]
14:16:53.984 [main] DEBUG org.apache.hc.client5.http.impl.io.PoolingHttpClientConnectionManager - ex-0000000001 endpoint leased [route: {s}->https://raw.githubusercontent.com:443][total available: 0; route allocated: 1 of 5; total allocated: 1 of 25]
14:16:53.996 [main] DEBUG org.apache.hc.client5.http.impl.io.PoolingHttpClientConnectionManager - ex-0000000001 acquired ep-0000000000
14:16:53.996 [main] DEBUG org.apache.hc.client5.http.impl.classic.InternalHttpClient - ex-0000000001 acquired endpoint ep-0000000000
14:16:53.996 [main] DEBUG org.apache.hc.client5.http.impl.classic.ConnectExec - ex-0000000001 opening connection {s}->https://raw.githubusercontent.com:443
14:16:53.997 [main] DEBUG org.apache.hc.client5.http.impl.classic.InternalHttpClient - ep-0000000000 connecting endpoint (30 SECONDS)
14:16:53.997 [main] DEBUG org.apache.hc.client5.http.impl.io.PoolingHttpClientConnectionManager - ep-0000000000 connecting endpoint to https://raw.githubusercontent.com:443 (30 SECONDS)
14:16:54.036 [main] DEBUG org.apache.hc.client5.http.impl.io.DefaultHttpClientConnectionOperator - http-outgoing-0 connecting to raw.githubusercontent.com/185.199.110.133:443
14:16:54.036 [main] DEBUG org.apache.hc.client5.http.ssl.SSLConnectionSocketFactory - Connecting socket to raw.githubusercontent.com/185.199.110.133:443 with timeout 30 SECONDS
14:16:54.136 [main] DEBUG org.apache.hc.client5.http.ssl.SSLConnectionSocketFactory - Enabled protocols: [TLSv1.2]
14:16:54.136 [main] DEBUG org.apache.hc.client5.http.ssl.SSLConnectionSocketFactory - Enabled cipher suites: [TLS_ECDHE_ECDSA_WITH_AES_256_GCM_SHA384, TLS_ECDHE_ECDSA_WITH_AES_128_GCM_SHA256, TLS_ECDHE_RSA_WITH_AES_256_GCM_SHA384, TLS_ECDHE_RSA_WITH_AES_128_GCM_SHA256, TLS_DHE_RSA_WITH_AES_256_GCM_SHA384, TLS_DHE_DSS_WITH_AES_256_GCM_SHA384, TLS_DHE_RSA_WITH_AES_128_GCM_SHA256, TLS_DHE_DSS_WITH_AES_128_GCM_SHA256, TLS_ECDHE_ECDSA_WITH_AES_256_CBC_SHA384, TLS_ECDHE_RSA_WITH_AES_256_CBC_SHA384, TLS_ECDHE_ECDSA_WITH_AES_128_CBC_SHA256, TLS_ECDHE_RSA_WITH_AES_128_CBC_SHA256, TLS_DHE_RSA_WITH_AES_256_CBC_SHA256, TLS_DHE_DSS_WITH_AES_256_CBC_SHA256, TLS_DHE_RSA_WITH_AES_128_CBC_SHA256, TLS_DHE_DSS_WITH_AES_128_CBC_SHA256, TLS_ECDH_ECDSA_WITH_AES_256_GCM_SHA384, TLS_ECDH_RSA_WITH_AES_256_GCM_SHA384, TLS_ECDH_ECDSA_WITH_AES_128_GCM_SHA256, TLS_ECDH_RSA_WITH_AES_128_GCM_SHA256, TLS_ECDH_ECDSA_WITH_AES_256_CBC_SHA384, TLS_ECDH_RSA_WITH_AES_256_CBC_SHA384, TLS_ECDH_ECDSA_WITH_AES_128_CBC_SHA256, TLS_ECDH_RSA_WITH_AES_128_CBC_SHA256, TLS_ECDHE_ECDSA_WITH_AES_256_CBC_SHA, TLS_ECDHE_RSA_WITH_AES_256_CBC_SHA, TLS_ECDHE_ECDSA_WITH_AES_128_CBC_SHA, TLS_ECDHE_RSA_WITH_AES_128_CBC_SHA, TLS_DHE_RSA_WITH_AES_256_CBC_SHA, TLS_DHE_DSS_WITH_AES_256_CBC_SHA, TLS_DHE_RSA_WITH_AES_128_CBC_SHA, TLS_DHE_DSS_WITH_AES_128_CBC_SHA, TLS_ECDH_ECDSA_WITH_AES_256_CBC_SHA, TLS_ECDH_RSA_WITH_AES_256_CBC_SHA, TLS_ECDH_ECDSA_WITH_AES_128_CBC_SHA, TLS_ECDH_RSA_WITH_AES_128_CBC_SHA, TLS_RSA_WITH_AES_256_GCM_SHA384, TLS_RSA_WITH_AES_128_GCM_SHA256, TLS_RSA_WITH_AES_256_CBC_SHA256, TLS_RSA_WITH_AES_128_CBC_SHA256, TLS_RSA_WITH_AES_256_CBC_SHA, TLS_RSA_WITH_AES_128_CBC_SHA, TLS_EMPTY_RENEGOTIATION_INFO_SCSV]
14:16:54.137 [main] DEBUG org.apache.hc.client5.http.ssl.SSLConnectionSocketFactory - Starting handshake
14:16:54.358 [main] DEBUG org.apache.hc.client5.http.ssl.SSLConnectionSocketFactory - Secure session established
14:16:54.358 [main] DEBUG org.apache.hc.client5.http.ssl.SSLConnectionSocketFactory -  negotiated protocol: TLSv1.2
14:16:54.358 [main] DEBUG org.apache.hc.client5.http.ssl.SSLConnectionSocketFactory -  negotiated cipher suite: TLS_ECDHE_RSA_WITH_AES_128_GCM_SHA256
14:16:54.359 [main] DEBUG org.apache.hc.client5.http.ssl.SSLConnectionSocketFactory -  peer principal: CN=*.github.io, O="GitHub, Inc.", L=San Francisco, ST=California, C=US
14:16:54.359 [main] DEBUG org.apache.hc.client5.http.ssl.SSLConnectionSocketFactory -  peer alternative names: [*.github.io, github.com, *.github.com, www.github.com, github.io, githubusercontent.com, *.githubusercontent.com]
14:16:54.359 [main] DEBUG org.apache.hc.client5.http.ssl.SSLConnectionSocketFactory -  issuer principal: CN=DigiCert TLS RSA SHA256 2020 CA1, O=DigiCert Inc, C=US
14:16:54.360 [main] DEBUG org.apache.hc.client5.http.impl.io.DefaultHttpClientConnectionOperator - http-outgoing-0 connection established 192.168.137.230:60599<->185.199.110.133:443
14:16:54.360 [main] DEBUG org.apache.hc.client5.http.impl.io.PoolingHttpClientConnectionManager - ep-0000000000 connected http-outgoing-0
14:16:54.360 [main] DEBUG org.apache.hc.client5.http.impl.classic.InternalHttpClient - ep-0000000000 endpoint connected
14:16:54.361 [main] DEBUG org.apache.hc.client5.http.impl.classic.MainClientExec - ex-0000000001 executing GET /bonigarcia/webdrivermanager/master/src/main/resources/commands.properties HTTP/1.1
14:16:54.361 [main] DEBUG org.apache.hc.client5.http.impl.classic.InternalHttpClient - ep-0000000000 start execution ex-0000000001
14:16:54.361 [main] DEBUG org.apache.hc.client5.http.impl.io.PoolingHttpClientConnectionManager - ep-0000000000 executing exchange ex-0000000001 over http-outgoing-0
14:16:54.361 [main] DEBUG org.apache.hc.client5.http.headers - http-outgoing-0 >> GET /bonigarcia/webdrivermanager/master/src/main/resources/commands.properties HTTP/1.1
14:16:54.361 [main] DEBUG org.apache.hc.client5.http.headers - http-outgoing-0 >> user-agent: Apache-HttpClient/5.0
14:16:54.361 [main] DEBUG org.apache.hc.client5.http.headers - http-outgoing-0 >> accept-encoding: gzip, deflate, br
14:16:54.362 [main] DEBUG org.apache.hc.client5.http.headers - http-outgoing-0 >> cache-control: max-age=0
14:16:54.362 [main] DEBUG org.apache.hc.client5.http.headers - http-outgoing-0 >> connection: keep-alive
14:16:54.362 [main] DEBUG org.apache.hc.client5.http.headers - http-outgoing-0 >> Host: raw.githubusercontent.com
14:16:54.363 [main] DEBUG org.apache.hc.client5.http.wire - http-outgoing-0 >> "GET /bonigarcia/webdrivermanager/master/src/main/resources/commands.properties HTTP/1.1[\r][\n]"
14:16:54.363 [main] DEBUG org.apache.hc.client5.http.wire - http-outgoing-0 >> "user-agent: Apache-HttpClient/5.0[\r][\n]"
14:16:54.363 [main] DEBUG org.apache.hc.client5.http.wire - http-outgoing-0 >> "accept-encoding: gzip, deflate, br[\r][\n]"
14:16:54.363 [main] DEBUG org.apache.hc.client5.http.wire - http-outgoing-0 >> "cache-control: max-age=0[\r][\n]"
14:16:54.363 [main] DEBUG org.apache.hc.client5.http.wire - http-outgoing-0 >> "connection: keep-alive[\r][\n]"
14:16:54.363 [main] DEBUG org.apache.hc.client5.http.wire - http-outgoing-0 >> "Host: raw.githubusercontent.com[\r][\n]"
14:16:54.363 [main] DEBUG org.apache.hc.client5.http.wire - http-outgoing-0 >> "[\r][\n]"
14:16:54.400 [main] DEBUG org.apache.hc.client5.http.wire - http-outgoing-0 << "HTTP/1.1 200 OK[\r][\n]"
14:16:54.400 [main] DEBUG org.apache.hc.client5.http.wire - http-outgoing-0 << "Connection: keep-alive[\r][\n]"
14:16:54.400 [main] DEBUG org.apache.hc.client5.http.wire - http-outgoing-0 << "Content-Length: 723[\r][\n]"
14:16:54.400 [main] DEBUG org.apache.hc.client5.http.wire - http-outgoing-0 << "Cache-Control: max-age=300[\r][\n]"
14:16:54.400 [main] DEBUG org.apache.hc.client5.http.wire - http-outgoing-0 << "Content-Security-Policy: default-src 'none'; style-src 'unsafe-inline'; sandbox[\r][\n]"
14:16:54.400 [main] DEBUG org.apache.hc.client5.http.wire - http-outgoing-0 << "Content-Type: text/plain; charset=utf-8[\r][\n]"
14:16:54.400 [main] DEBUG org.apache.hc.client5.http.wire - http-outgoing-0 << "ETag: W/"e82b438271e9e8680c688b0b680efd0bdd22faa6d6f0a32fc1fd8accc486b67e"[\r][\n]"
14:16:54.400 [main] DEBUG org.apache.hc.client5.http.wire - http-outgoing-0 << "Strict-Transport-Security: max-age=31536000[\r][\n]"
14:16:54.400 [main] DEBUG org.apache.hc.client5.http.wire - http-outgoing-0 << "X-Content-Type-Options: nosniff[\r][\n]"
14:16:54.400 [main] DEBUG org.apache.hc.client5.http.wire - http-outgoing-0 << "X-Frame-Options: deny[\r][\n]"
14:16:54.400 [main] DEBUG org.apache.hc.client5.http.wire - http-outgoing-0 << "X-XSS-Protection: 1; mode=block[\r][\n]"
14:16:54.400 [main] DEBUG org.apache.hc.client5.http.wire - http-outgoing-0 << "X-GitHub-Request-Id: A656:3999:2DEFF8:425205:625C8086[\r][\n]"
14:16:54.400 [main] DEBUG org.apache.hc.client5.http.wire - http-outgoing-0 << "Content-Encoding: gzip[\r][\n]"
14:16:54.400 [main] DEBUG org.apache.hc.client5.http.wire - http-outgoing-0 << "Accept-Ranges: bytes[\r][\n]"
14:16:54.400 [main] DEBUG org.apache.hc.client5.http.wire - http-outgoing-0 << "Date: Mon, 18 Apr 2022 07:16:54 GMT[\r][\n]"
14:16:54.400 [main] DEBUG org.apache.hc.client5.http.wire - http-outgoing-0 << "Via: 1.1 varnish[\r][\n]"
14:16:54.400 [main] DEBUG org.apache.hc.client5.http.wire - http-outgoing-0 << "X-Served-By: cache-hkg17931-HKG[\r][\n]"
14:16:54.400 [main] DEBUG org.apache.hc.client5.http.wire - http-outgoing-0 << "X-Cache: HIT[\r][\n]"
14:16:54.400 [main] DEBUG org.apache.hc.client5.http.wire - http-outgoing-0 << "X-Cache-Hits: 1[\r][\n]"
14:16:54.400 [main] DEBUG org.apache.hc.client5.http.wire - http-outgoing-0 << "X-Timer: S1650266214.378697,VS0,VE1[\r][\n]"
14:16:54.400 [main] DEBUG org.apache.hc.client5.http.wire - http-outgoing-0 << "Vary: Authorization,Accept-Encoding,Origin[\r][\n]"
14:16:54.400 [main] DEBUG org.apache.hc.client5.http.wire - http-outgoing-0 << "Access-Control-Allow-Origin: *[\r][\n]"
14:16:54.400 [main] DEBUG org.apache.hc.client5.http.wire - http-outgoing-0 << "X-Fastly-Request-ID: 80d4b9275e7256f3e58d5f599567796957ffcc30[\r][\n]"
14:16:54.401 [main] DEBUG org.apache.hc.client5.http.wire - http-outgoing-0 << "Expires: Mon, 18 Apr 2022 07:21:54 GMT[\r][\n]"
14:16:54.401 [main] DEBUG org.apache.hc.client5.http.wire - http-outgoing-0 << "Source-Age: 5[\r][\n]"
14:16:54.401 [main] DEBUG org.apache.hc.client5.http.wire - http-outgoing-0 << "[\r][\n]"
14:16:54.405 [main] DEBUG org.apache.hc.client5.http.headers - http-outgoing-0 << HTTP/1.1 200 OK
14:16:54.405 [main] DEBUG org.apache.hc.client5.http.headers - http-outgoing-0 << Connection: keep-alive
14:16:54.405 [main] DEBUG org.apache.hc.client5.http.headers - http-outgoing-0 << Content-Length: 723
14:16:54.405 [main] DEBUG org.apache.hc.client5.http.headers - http-outgoing-0 << Cache-Control: max-age=300
14:16:54.405 [main] DEBUG org.apache.hc.client5.http.headers - http-outgoing-0 << Content-Security-Policy: default-src 'none'; style-src 'unsafe-inline'; sandbox
14:16:54.405 [main] DEBUG org.apache.hc.client5.http.headers - http-outgoing-0 << Content-Type: text/plain; charset=utf-8
14:16:54.405 [main] DEBUG org.apache.hc.client5.http.headers - http-outgoing-0 << ETag: W/"e82b438271e9e8680c688b0b680efd0bdd22faa6d6f0a32fc1fd8accc486b67e"
14:16:54.405 [main] DEBUG org.apache.hc.client5.http.headers - http-outgoing-0 << Strict-Transport-Security: max-age=31536000
14:16:54.405 [main] DEBUG org.apache.hc.client5.http.headers - http-outgoing-0 << X-Content-Type-Options: nosniff
14:16:54.406 [main] DEBUG org.apache.hc.client5.http.headers - http-outgoing-0 << X-Frame-Options: deny
14:16:54.406 [main] DEBUG org.apache.hc.client5.http.headers - http-outgoing-0 << X-XSS-Protection: 1; mode=block
14:16:54.406 [main] DEBUG org.apache.hc.client5.http.headers - http-outgoing-0 << X-GitHub-Request-Id: A656:3999:2DEFF8:425205:625C8086
14:16:54.406 [main] DEBUG org.apache.hc.client5.http.headers - http-outgoing-0 << Content-Encoding: gzip
14:16:54.406 [main] DEBUG org.apache.hc.client5.http.headers - http-outgoing-0 << Accept-Ranges: bytes
14:16:54.406 [main] DEBUG org.apache.hc.client5.http.headers - http-outgoing-0 << Date: Mon, 18 Apr 2022 07:16:54 GMT
14:16:54.406 [main] DEBUG org.apache.hc.client5.http.headers - http-outgoing-0 << Via: 1.1 varnish
14:16:54.406 [main] DEBUG org.apache.hc.client5.http.headers - http-outgoing-0 << X-Served-By: cache-hkg17931-HKG
14:16:54.406 [main] DEBUG org.apache.hc.client5.http.headers - http-outgoing-0 << X-Cache: HIT
14:16:54.406 [main] DEBUG org.apache.hc.client5.http.headers - http-outgoing-0 << X-Cache-Hits: 1
14:16:54.406 [main] DEBUG org.apache.hc.client5.http.headers - http-outgoing-0 << X-Timer: S1650266214.378697,VS0,VE1
14:16:54.406 [main] DEBUG org.apache.hc.client5.http.headers - http-outgoing-0 << Vary: Authorization,Accept-Encoding,Origin
14:16:54.406 [main] DEBUG org.apache.hc.client5.http.headers - http-outgoing-0 << Access-Control-Allow-Origin: *
14:16:54.406 [main] DEBUG org.apache.hc.client5.http.headers - http-outgoing-0 << X-Fastly-Request-ID: 80d4b9275e7256f3e58d5f599567796957ffcc30
14:16:54.406 [main] DEBUG org.apache.hc.client5.http.headers - http-outgoing-0 << Expires: Mon, 18 Apr 2022 07:21:54 GMT
14:16:54.406 [main] DEBUG org.apache.hc.client5.http.headers - http-outgoing-0 << Source-Age: 5
14:16:54.410 [main] DEBUG org.apache.hc.client5.http.impl.classic.MainClientExec - ex-0000000001 connection can be kept alive for 3 MINUTES
14:16:54.421 [main] DEBUG org.apache.hc.client5.http.wire - http-outgoing-0 << "[0x1f][0xffffff8b][0x8][0x0][0x0][0x0][0x0][0x0][0x0][0x3][0xffffffb5]V]o[0xffffffda]0[0x14]}[0xffffffe7]W\[0xffffff81]*[0xffffffb5][0x12][0x1f][[M[0xffffffd3]$[0x1e]hF[0xffffffbb]i [0x18][0xffffffb4][0xffffffdd]&[0xfffffff9][0xffffffc5]$7[0xffffffc1]R[0x12]#;[0xffffff94]v[0xffffffbf]~[0xffffffb6][0xfffffff3]1[0xffffff92][0xffffff9a][0xffffffc1][0x1a]x[0xffffffcb][0xffffffb5][0xffffffaf][0xffffffcf]9[0xffffffbe][0xfffffff7]8v[0xb][0x1c][0x1e]E4[0xfffffff6]$x4[0xffffffa1][0xb]*[0xffffffb1][0xffffffd1][0xffffff82][0xfffffffb]%[0xffffff93][0xffffffe0][0xffffffb3][0x10][0xffffffc1][0xffffffe5]qBY,!Y[0xffffffea] KM8,[0x10][0xfffffff0][0x19][0xffffffdd]u[0xffffff82][0x1e][0xffffffb0][0xffffffd8]L[0xffffffcb]%[0xffffff86][0xffffffa1][0xe][0xffffffb8][0xfffffff0]P[0xffffffe8]$[0xf][0x13]t[0x13]3[0xfffffff9][0xffffff84]B2[0xffffffae][0xffffffe6]|@[0xfffffff5][0x1d][0x8][0xffffffc4][0x18][0x16][0xffffff82]o[0xffffffa4][0xffffff9a]P[0xffffff94][0xffffffe7][0xffffffce]R[0xfffffff0][0x8][0xffffffdb]p[0xffffffcb][0x4][0xfffffffa][0xfffffffc][0xffffffb9][\r][0xffffff93][0x15][\n]"
14:16:54.421 [main] DEBUG org.apache.hc.client5.http.wire - http-outgoing-0 << "[0xffffffda][0xffffff86][0xffffffa1][0x17][0xffffffa8]Q3[0xffffffcb][0xffffffd6][0xffffffd1][0xffffff85][0xffffffc6][0xfffffff7][0xffffff98][0xffffffef][0xffffffa3][0xffffffc0]8[0x1][0xffffffae]s[0x12][0x16][0x7] _d[0xffffff82][0xffffff91][0xffffff84][0xfffffff3][0x1f],[0xfffffff6][0x14]j[0x1b]F,^+[0xffffff98]1ua2[0xffffffbf]h([0xffffff8e][0xffffff94][0xffffffa2][0xffffff91]m[0xffffffa3][0xffffffeb][0xffffff9a][0xffffffb0][0xffffffbb]I[0x17]t[0xffffffdf][0xffffffbd][0xffffffef][0xffffffbb][0xffffff91][0xffffffd7]U[0xffffffbb][0xffffff82][0xffffff9e][0x3][0xffffff9b][0xffffff88][0xffffffb9][0xffffffa6]$[0xffffffa6][0xc][0xffffff9b][0xffffffa5][0xffffffe2][0xffffff83][0xffffff98]F[0xffffffd8]o[0xffffff9e]Mg[0xffffff93][0xffffffbb][0xffffffd9]`|[0xfffffffb]u4[0xffffff9c][0x7f]"}B[0xffffffce][0x8][0xffffffb9][0xffffffe3]<[0x8][0xffffff91][0xffffff90][0xffffff94][0xffffff82][0xffffff90][0xffffffc1]j[0x15]2WI[0xffffffe3]1![0x19][0xffffff91]BnB[0xffffff80][0x9]<f[0xffffffb5][0xffffffe8]=[0xffffffd1]p[0xffffffbd][[0xffffffcf][0xffffffe5][0x1b][0xfffffff4][0xffffff9c][0xffffffff][0xfffffffc][0xfffffff8][0xffffffe1][0xffffffe2][0xffffff94][0xffffffa2][0xffffffae][0xe][0x14]5[0xffffff9a]8[0xffffff83][0xffffffd1]`:[0xfffffffd]<[0xffffffb8][0x1f][0xffffff9c]R[0xffffffcf]u[0x7f]6[0xffffffbc][0xffffff83][0xffffffef][0xf][0xffffffc3][0xffffffd9]/[0xfffffff8][0xfffffff2][0xffffffcd]y s[0xffffffee]'[0x1b]*0g[0xffffffcb][0xffffffc8]nF7H][0xffffff83][0xffffff97]{[0xffffffb1]Q[0x5][\r][0xffffffb5]c[0xffffffb4][0xf][0x2][0xffffffb3][0xffffffb4][0xffffff93][0xe]C[0xffffffa7][0xffffffb3]kAD][0xffffff9d][0xffffffde][0xffffffdb][0xffffffda][0xffffff88][0xffffffec][0xffffffa5][0xffffffbc][0xffffff99][0xffffffd9][0xffffffba]t[0xffffffb5][0xffffffea]9[0xffffffea][0x10])[0xffffffb7][0xffffffca][0xffffff9e][0xfffffff2][0xffffffe2]d^N[0xffffffd8]FW[0x16][0xffffffcd][0xffffffdc]_[0x10][0xfffffff9]i|[0x1c][0xffffff93][0xffffff8e][0xfffffff9]o[0x16][0xffffff86]4'!$G[0xffffffdf]W[0xfffffff4]W*j[[0xfffffff3]xR[0xffffffae][0xffffffb6][0xc][0xffffffd0],; #[0xffffffa9][0xffffff92]5[0xffffffb5][0x7][0xffffff9c][0xffffffb5][0xffffffd0][0x7f][0xffffff90][0xffffffc7]jgs[0xfffffffc][0xffffffc2][0xb][0xffffffd9][0x0]t[0xffffff9e]^'Y[0xfffffffb][0xffffff9f][0xffffffb1][0xffffffd8]:[0xffffffbf][0xffffff8d][0xffffffa5][0xffffff9a][0xffffffad][0x7f]m[0x5]&[0xffffffaa][0xffffffa0]^[0xffffff9b][0xffffffcb][0x5]f[0xffffffae][0xffffffe0]RU[0xffffff82][0x10]MS9l[0xffffff91]4t[0xfffffffb][0xffffff8a]][0xffffffd6][0xfffffff4][0xffffff96][0xffffffa6][0xffffff9f]P[0xffffffce][0xffffffd5][0xffffffce][0xffffff93][0xffffffff][0xffffff97][0xffffffcc]p[0xfffffffd][0xfffffff3][0xffffffe8][0x1b][0xffffffcc][0xffffffa2][0xffffffd9]Q[0xffffffbe][0xffffffb2][0xffffffa3][0xffffffc7]m'[0xffffffdf][0xffffffe4][[0xfffffffb]^[0xffffffb0][0xffffff9a][0xffffffbe][0xffffffda][0xffffffda]_[0xffffffce][0xffffff80][0xffffffd2][0xffffffc1]7[0xffffffb7]][0xffffffc1]b[0xffffffee][0xffffffb5][0xffffffff]w[0xffffff83][0xffffffed][0xffffffa7];[0x15]<[0x10]4[0xffffff92][0xffffff84][0x18][\n]"
14:16:54.421 [main] DEBUG org.apache.hc.client5.http.wire - http-outgoing-0 << "BB[0xffffffba][0xffffff8e]][0xffffffb5]jo[0xffffffb9]+"[0xffffffea][0xffffffb4][0xffffffff]h"[0xffffffea]\?5[0xffffffa9][0xffffffaf]k[0xffffffec][0xffffffff]P[0xffffffea][\n]"
14:16:54.421 [main] DEBUG org.apache.hc.client5.http.wire - http-outgoing-0 << "w[0xffffffe1]K[0x13][0xffffffda][0xffffffec][0xffffff98][0xffffffe6]Y[0xfffffffd]h8m6[0xffffff9c]T[0xffffffc1][0xfffffff2][0xffffffa7][0xffffff91]z_[0xffffff95]o85p[0x1c][0x13][0xffffffe6][0xfffffff0]5[0xffffffee][0xfffffffc][0xffffff92][0xffffff96][0xffffffda][0xfffffff7][0xffffffcf][0xffffffb1][0x5][0x1d][0xffffffea]K[0xffffff9b]9[0xffffff8e][0xffffffad]e[0xfffffff7][0xffffff93][0xffffffa8]`[0xffffffda][0xffffffff][0x1a][0xffffffd2][0xffffff88][0xffffff85][0xfffffffd][0xfffffff2][0xffffff91]N[0xfffffff6]`[0xffffffdf]2[0xffffffcf][0xffffffae]E[0xffffff97][0xffffffc5][0xffffffa2][0xffffff9d][0xffffffef]'[0xffffff9d]mun.[0xffffffd3]f^[0xffffffc7][0xffffff82][0xffffffda][0xffffff82]9[0xfffffff5][0xffffffa9]`[0x5][0xffffffbc]4[0xffffffa1][0x1d]<M[0xffffffb5]A[0xffffffa7]3[[0xffffffc0][0x7f][0x0][0xffffffc1][0xffffffd0]$[0xffffff85][0x1d][\r][0x0][0x0]"
14:16:54.422 [main] DEBUG org.apache.hc.client5.http.impl.classic.InternalHttpClient - ep-0000000000 releasing valid endpoint
14:16:54.422 [main] DEBUG org.apache.hc.client5.http.impl.io.PoolingHttpClientConnectionManager - ep-0000000000 releasing endpoint
14:16:54.423 [main] DEBUG org.apache.hc.client5.http.impl.io.PoolingHttpClientConnectionManager - ep-0000000000 connection http-outgoing-0 can be kept alive for 3 MINUTES
14:16:54.423 [main] DEBUG org.apache.hc.client5.http.impl.io.PoolingHttpClientConnectionManager - ep-0000000000 connection released [route: {s}->https://raw.githubusercontent.com:443][total available: 1; route allocated: 1 of 5; total allocated: 1 of 25]
14:16:54.423 [main] DEBUG io.github.bonigarcia.wdm.versions.VersionDetector - Detecting chrome version using online commands.properties
14:16:54.425 [main] DEBUG io.github.bonigarcia.wdm.versions.Shell - Running command on the shell: [cmd.exe, /C, wmic, datafile, where, name="%PROGRAMFILES:\=\\%\\Google\\Chrome\\Application\\chrome.exe", get, Version, /value]
14:16:54.839 [main] DEBUG io.github.bonigarcia.wdm.versions.Shell - Result: Version=100.0.4896.88
14:16:54.840 [main] DEBUG io.github.bonigarcia.wdm.cache.ResolutionCache - Resolution chrome100=100.0.4896.60 in cache (valid until 14:28:32 18/04/2022 ICT)
14:16:54.841 [main] INFO io.github.bonigarcia.wdm.WebDriverManager - Using chromedriver 100.0.4896.60 (resolved driver for Chrome 100)
14:16:54.842 [main] DEBUG io.github.bonigarcia.wdm.cache.ResolutionCache - Storing resolution chrome=100 in cache (valid until 15:16:54 18/04/2022 ICT)
14:16:54.866 [main] DEBUG io.github.bonigarcia.wdm.WebDriverManager - Driver chromedriver 100.0.4896.60 found in cache
14:16:54.867 [main] INFO io.github.bonigarcia.wdm.WebDriverManager - Exporting webdriver.chrome.driver as C:\Users\dung.nguyenanh\.cache\selenium\chromedriver\win32\100.0.4896.60\chromedriver.exe
14:16:54.895 [main] INFO net.serenitybdd.core.webdriver.driverproviders.ChromeDriverProvider - Using automatically driver download
14:16:55.248 [main] DEBUG io.github.bonigarcia.wdm.cache.ResolutionCache - Resolution chrome=100 in cache (valid until 15:16:54 18/04/2022 ICT)
14:16:55.249 [main] DEBUG io.github.bonigarcia.wdm.cache.ResolutionCache - Resolution chrome100=100.0.4896.60 in cache (valid until 14:28:32 18/04/2022 ICT)
14:16:55.249 [main] INFO io.github.bonigarcia.wdm.WebDriverManager - Using chromedriver 100.0.4896.60 (resolved driver for Chrome 100)
14:16:55.254 [main] DEBUG io.github.bonigarcia.wdm.WebDriverManager - Driver chromedriver 100.0.4896.60 found in cache
14:16:55.255 [main] INFO io.github.bonigarcia.wdm.WebDriverManager - Exporting webdriver.chrome.driver as C:\Users\dung.nguyenanh\.cache\selenium\chromedriver\win32\100.0.4896.60\chromedriver.exe
14:16:55.370 [main] DEBUG net.thucydides.core.reflection.ClassFinder - Could not load class .cucumber.CommonStepDefs
14:16:55.370 [main] DEBUG net.thucydides.core.reflection.ClassFinder - Could not load class .cucumber.HomeStepDefs
14:16:55.370 [main] DEBUG net.thucydides.core.reflection.ClassFinder - Could not load class .cucumber.Hooks
14:16:55.370 [main] DEBUG net.thucydides.core.reflection.ClassFinder - Could not load class .cucumber.LoginStepDefs
14:16:55.370 [main] DEBUG net.thucydides.core.reflection.ClassFinder - Could not load class .pages.HomePage
14:16:55.370 [main] DEBUG net.thucydides.core.reflection.ClassFinder - Could not load class .pages.LoginPage
14:16:55.370 [main] DEBUG net.thucydides.core.reflection.ClassFinder - Could not load class .runners.Runner
14:16:55.370 [main] DEBUG net.thucydides.core.reflection.ClassFinder - Could not load class .runners.UnitTestRunner
14:16:55.370 [main] DEBUG net.thucydides.core.reflection.ClassFinder - Could not load class .serenity.CommonStepLibraries
14:16:55.370 [main] DEBUG net.thucydides.core.reflection.ClassFinder - Could not load class .serenity.HomeStepLibraries
14:16:55.370 [main] DEBUG net.thucydides.core.reflection.ClassFinder - Could not load class .serenity.LoginStepLibraries
14:16:55.476 [main] DEBUG net.serenitybdd.core.webdriver.driverproviders.ProvideNewDriver - Instantiating driver
14:16:55.476 [main] DEBUG net.serenitybdd.core.webdriver.driverproviders.ProvideNewDriver - Driver capabilities: Capabilities {acceptInsecureCerts: false, autodownload: true, base.url: https://demo.guru99.com/V1/..., browserName: chrome, driver: chrome, goog:chromeOptions: {args: [], extensions: []}}
14:16:55.557 [main] DEBUG io.netty.util.internal.logging.InternalLoggerFactory - Using SLF4J as the default logging framework
14:16:55.560 [main] DEBUG io.netty.util.ResourceLeakDetector - -Dio.netty.leakDetection.level: simple
14:16:55.560 [main] DEBUG io.netty.util.ResourceLeakDetector - -Dio.netty.leakDetection.targetRecords: 4
14:16:55.563 [main] DEBUG io.netty.util.ResourceLeakDetectorFactory - Loaded default ResourceLeakDetector: io.netty.util.ResourceLeakDetector@474821de
14:16:55.579 [main] DEBUG io.netty.util.internal.PlatformDependent0 - -Dio.netty.noUnsafe: false
14:16:55.579 [main] DEBUG io.netty.util.internal.PlatformDependent0 - Java version: 8
14:16:55.580 [main] DEBUG io.netty.util.internal.PlatformDependent0 - sun.misc.Unsafe.theUnsafe: available
14:16:55.581 [main] DEBUG io.netty.util.internal.PlatformDependent0 - sun.misc.Unsafe.copyMemory: available
14:16:55.581 [main] DEBUG io.netty.util.internal.PlatformDependent0 - java.nio.Buffer.address: available
14:16:55.581 [main] DEBUG io.netty.util.internal.PlatformDependent0 - direct buffer constructor: available
14:16:55.582 [main] DEBUG io.netty.util.internal.PlatformDependent0 - java.nio.Bits.unaligned: available, true
14:16:55.582 [main] DEBUG io.netty.util.internal.PlatformDependent0 - jdk.internal.misc.Unsafe.allocateUninitializedArray(int): unavailable prior to Java9
14:16:55.582 [main] DEBUG io.netty.util.internal.PlatformDependent0 - java.nio.DirectByteBuffer.<init>(long, int): available
14:16:55.582 [main] DEBUG io.netty.util.internal.PlatformDependent - sun.misc.Unsafe: available
14:16:55.583 [main] DEBUG io.netty.util.internal.PlatformDependent - -Dio.netty.tmpdir: C:\Users\DUNG~1.NGU\AppData\Local\Temp (java.io.tmpdir)
14:16:55.583 [main] DEBUG io.netty.util.internal.PlatformDependent - -Dio.netty.bitMode: 64 (sun.arch.data.model)
14:16:55.583 [main] DEBUG io.netty.util.internal.PlatformDependent - Platform: Windows
14:16:55.583 [main] DEBUG io.netty.util.internal.PlatformDependent - -Dio.netty.maxDirectMemory: 5667028992 bytes
14:16:55.583 [main] DEBUG io.netty.util.internal.PlatformDependent - -Dio.netty.uninitializedArrayAllocationThreshold: -1
14:16:55.584 [main] DEBUG io.netty.util.internal.CleanerJava6 - java.nio.ByteBuffer.cleaner(): available
14:16:55.584 [main] DEBUG io.netty.util.internal.PlatformDependent - -Dio.netty.noPreferDirect: false
14:16:55.591 [main] DEBUG io.netty.util.internal.PlatformDependent - org.jctools-core.MpscChunkedArrayQueue: available
14:16:55.613 [main] DEBUG io.netty.util.internal.InternalThreadLocalMap - -Dio.netty.threadLocalMap.stringBuilder.initialSize: 1024
14:16:55.613 [main] DEBUG io.netty.util.internal.InternalThreadLocalMap - -Dio.netty.threadLocalMap.stringBuilder.maxSize: 4096
14:16:55.628 [main] DEBUG io.netty.handler.ssl.JdkSslContext - Default protocols (JDK): [TLSv1.2] 
14:16:55.628 [main] DEBUG io.netty.handler.ssl.JdkSslContext - Default cipher suites (JDK): [TLS_ECDHE_ECDSA_WITH_AES_256_GCM_SHA384, TLS_ECDHE_ECDSA_WITH_AES_128_GCM_SHA256, TLS_ECDHE_RSA_WITH_AES_128_GCM_SHA256, TLS_ECDHE_RSA_WITH_AES_256_GCM_SHA384, TLS_ECDHE_RSA_WITH_AES_128_CBC_SHA, TLS_ECDHE_RSA_WITH_AES_256_CBC_SHA, TLS_RSA_WITH_AES_128_GCM_SHA256, TLS_RSA_WITH_AES_128_CBC_SHA, TLS_RSA_WITH_AES_256_CBC_SHA, TLS_AES_128_GCM_SHA256, TLS_AES_256_GCM_SHA384]
14:16:55.689 [main] DEBUG io.netty.channel.MultithreadEventLoopGroup - -Dio.netty.eventLoopThreads: 16
14:16:55.696 [main] DEBUG io.netty.channel.nio.NioEventLoop - -Dio.netty.noKeySetOptimization: false
14:16:55.696 [main] DEBUG io.netty.channel.nio.NioEventLoop - -Dio.netty.selectorAutoRebuildThreshold: 512
14:16:55.733 [main] DEBUG io.netty.buffer.PooledByteBufAllocator - -Dio.netty.allocator.numHeapArenas: 16
14:16:55.733 [main] DEBUG io.netty.buffer.PooledByteBufAllocator - -Dio.netty.allocator.numDirectArenas: 16
14:16:55.733 [main] DEBUG io.netty.buffer.PooledByteBufAllocator - -Dio.netty.allocator.pageSize: 8192
14:16:55.733 [main] DEBUG io.netty.buffer.PooledByteBufAllocator - -Dio.netty.allocator.maxOrder: 9
14:16:55.733 [main] DEBUG io.netty.buffer.PooledByteBufAllocator - -Dio.netty.allocator.chunkSize: 4194304
14:16:55.733 [main] DEBUG io.netty.buffer.PooledByteBufAllocator - -Dio.netty.allocator.smallCacheSize: 256
14:16:55.733 [main] DEBUG io.netty.buffer.PooledByteBufAllocator - -Dio.netty.allocator.normalCacheSize: 64
14:16:55.733 [main] DEBUG io.netty.buffer.PooledByteBufAllocator - -Dio.netty.allocator.maxCachedBufferCapacity: 32768
14:16:55.733 [main] DEBUG io.netty.buffer.PooledByteBufAllocator - -Dio.netty.allocator.cacheTrimInterval: 8192
14:16:55.733 [main] DEBUG io.netty.buffer.PooledByteBufAllocator - -Dio.netty.allocator.cacheTrimIntervalMillis: 0
14:16:55.733 [main] DEBUG io.netty.buffer.PooledByteBufAllocator - -Dio.netty.allocator.useCacheForAllThreads: false
14:16:55.733 [main] DEBUG io.netty.buffer.PooledByteBufAllocator - -Dio.netty.allocator.maxCachedByteBuffersPerChunk: 1023
14:16:55.742 [main] DEBUG io.netty.buffer.ByteBufUtil - -Dio.netty.allocator.type: pooled
14:16:55.742 [main] DEBUG io.netty.buffer.ByteBufUtil - -Dio.netty.threadLocalDirectBufferSize: 0
14:16:55.742 [main] DEBUG io.netty.buffer.ByteBufUtil - -Dio.netty.maxThreadLocalCharBufferSize: 16384
14:16:57.588 [Forwarding newSession on session null to remote] DEBUG io.netty.channel.DefaultChannelId - -Dio.netty.processId: 79856 (auto-detected)
14:16:57.590 [Forwarding newSession on session null to remote] DEBUG io.netty.util.NetUtil - -Djava.net.preferIPv4Stack: false
14:16:57.590 [Forwarding newSession on session null to remote] DEBUG io.netty.util.NetUtil - -Djava.net.preferIPv6Addresses: false
14:16:57.732 [Forwarding newSession on session null to remote] DEBUG io.netty.util.NetUtilInitializations - Loopback interface: lo (Software Loopback Interface 1, 127.0.0.1)
14:16:57.733 [Forwarding newSession on session null to remote] DEBUG io.netty.util.NetUtil - Failed to get SOMAXCONN from sysctl and file \proc\sys\net\core\somaxconn. Default: 200
14:16:57.892 [Forwarding newSession on session null to remote] DEBUG io.netty.channel.DefaultChannelId - -Dio.netty.machineId: bc:09:1b:ff:fe:5e:eb:29 (auto-detected)
14:16:57.947 [AsyncHttpClient-1-2] DEBUG io.netty.buffer.AbstractByteBuf - -Dio.netty.buffer.checkAccessible: true
14:16:57.947 [AsyncHttpClient-1-2] DEBUG io.netty.buffer.AbstractByteBuf - -Dio.netty.buffer.checkBounds: true
14:16:57.947 [AsyncHttpClient-1-2] DEBUG io.netty.util.ResourceLeakDetectorFactory - Loaded default ResourceLeakDetector: io.netty.util.ResourceLeakDetector@2e6c3a95
14:16:57.964 [AsyncHttpClient-1-2] DEBUG org.asynchttpclient.netty.channel.NettyConnectListener - Using new Channel '[id: 0xd4c7727e, L:/127.0.0.1:60636 - R:localhost/127.0.0.1:55785]' for 'POST' to '/session'
14:16:57.984 [AsyncHttpClient-1-2] DEBUG io.netty.util.Recycler - -Dio.netty.recycler.maxCapacityPerThread: 4096
14:16:57.984 [AsyncHttpClient-1-2] DEBUG io.netty.util.Recycler - -Dio.netty.recycler.ratio: 8
14:16:57.984 [AsyncHttpClient-1-2] DEBUG io.netty.util.Recycler - -Dio.netty.recycler.chunkSize: 32
14:16:57.984 [AsyncHttpClient-1-2] DEBUG io.netty.util.Recycler - -Dio.netty.recycler.blocking: false
14:17:01.397 [AsyncHttpClient-1-2] DEBUG io.netty.handler.codec.compression.Brotli - brotli4j not in the classpath; Brotli support will be unavailable.
14:17:01.397 [AsyncHttpClient-1-2] DEBUG org.asynchttpclient.netty.handler.HttpHandler - 

Request DefaultHttpRequest(decodeResult: success, version: HTTP/1.1)
POST /session HTTP/1.1
User-Agent: selenium/4.1.3 (java windows)
Content-Length: 563
Content-Type: application/json; charset=utf-8
host: localhost:55785
accept: */*

Response DefaultHttpResponse(decodeResult: success, version: HTTP/1.1)
HTTP/1.1 200 OK
Content-Type: application/json; charset=utf-8
cache-control: no-cache
content-length: 794

14:17:01.409 [AsyncHttpClient-1-2] DEBUG org.asynchttpclient.netty.channel.ChannelManager - Adding key: http://localhost:55785 for channel [id: 0xd4c7727e, L:/127.0.0.1:60636 - R:localhost/127.0.0.1:55785]
14:17:01.582 [AsyncHttpClient-1-3] DEBUG org.asynchttpclient.netty.channel.NettyConnectListener - Using new Channel '[id: 0xedff8ecd, L:/127.0.0.1:60645 - R:localhost/127.0.0.1:60637]' for 'GET' to '/json/version'
14:17:01.586 [AsyncHttpClient-1-3] DEBUG org.asynchttpclient.netty.handler.HttpHandler - 

Request DefaultFullHttpRequest(decodeResult: success, version: HTTP/1.1, content: EmptyByteBufBE)
GET /json/version HTTP/1.1
User-Agent: selenium/4.1.3 (java windows)
host: localhost:60637
accept: */*

Response DefaultHttpResponse(decodeResult: success, version: HTTP/1.1)
HTTP/1.1 200 OK
Content-Type: application/json; charset=UTF-8
content-length: 427

14:17:01.587 [AsyncHttpClient-1-3] DEBUG org.asynchttpclient.netty.channel.ChannelManager - Adding key: http://localhost:60637 for channel [id: 0xedff8ecd, L:/127.0.0.1:60645 - R:localhost/127.0.0.1:60637]
14:17:01.609 [main] DEBUG io.netty.util.internal.ThreadLocalRandom - -Dio.netty.initialSeedUniquifier: 0x3c51468c731b6d1e
14:17:01.621 [AsyncHttpClient-1-4] DEBUG org.asynchttpclient.netty.channel.NettyConnectListener - Using new Channel '[id: 0x1bd65486, L:/127.0.0.1:60646 - R:localhost/127.0.0.1:60637]' for 'GET' to '/devtools/browser/d259d1aa-4620-4367-a1dc-1d9ec0ada6f1'
14:17:01.626 [AsyncHttpClient-1-4] DEBUG org.asynchttpclient.netty.handler.WebSocketHandler - 

Request DefaultFullHttpRequest(decodeResult: success, version: HTTP/1.1, content: EmptyByteBufBE)
GET /devtools/browser/d259d1aa-4620-4367-a1dc-1d9ec0ada6f1 HTTP/1.1
upgrade: websocket
connection: upgrade
sec-websocket-key: sL7g3PD/k0gw78MtUGv00A==
sec-websocket-version: 13
origin: http://localhost:60637
host: localhost:60637
accept: */*
user-agent: AHC/2.1

Response DefaultHttpResponse(decodeResult: success, version: HTTP/1.1)
HTTP/1.1 101 WebSocket Protocol Handshake
Upgrade: WebSocket
Connection: Upgrade
Sec-WebSocket-Accept: xlgAv7cIsZlDTjkEvRWlvHblY+o=

14:17:01.970 [main] DEBUG net.thucydides.core.reflection.ClassFinder - Could not load class .cucumber.CommonStepDefs
14:17:01.970 [main] DEBUG net.thucydides.core.reflection.ClassFinder - Could not load class .cucumber.HomeStepDefs
14:17:01.971 [main] DEBUG net.thucydides.core.reflection.ClassFinder - Could not load class .cucumber.Hooks
14:17:01.971 [main] DEBUG net.thucydides.core.reflection.ClassFinder - Could not load class .cucumber.LoginStepDefs
14:17:01.971 [main] DEBUG net.thucydides.core.reflection.ClassFinder - Could not load class .pages.HomePage
14:17:01.971 [main] DEBUG net.thucydides.core.reflection.ClassFinder - Could not load class .pages.LoginPage
14:17:01.971 [main] DEBUG net.thucydides.core.reflection.ClassFinder - Could not load class .runners.Runner
14:17:01.971 [main] DEBUG net.thucydides.core.reflection.ClassFinder - Could not load class .runners.UnitTestRunner
14:17:01.972 [main] DEBUG net.thucydides.core.reflection.ClassFinder - Could not load class .serenity.CommonStepLibraries
14:17:01.972 [main] DEBUG net.thucydides.core.reflection.ClassFinder - Could not load class .serenity.HomeStepLibraries
14:17:01.973 [main] DEBUG net.thucydides.core.reflection.ClassFinder - Could not load class .serenity.LoginStepLibraries
14:17:01.983 [Forwarding get on session 85132213647d130d6158e9eabf0dd758 to remote] DEBUG org.asynchttpclient.netty.request.NettyRequestSender - Using pooled Channel '[id: 0xd4c7727e, L:/127.0.0.1:60636 - R:localhost/127.0.0.1:55785]' for 'POST' to 'http://localhost:55785/session/85132213647d130d6158e9eabf0dd758/url'
14:17:01.983 [Forwarding get on session 85132213647d130d6158e9eabf0dd758 to remote] DEBUG org.asynchttpclient.netty.request.NettyRequestSender - Using open Channel [id: 0xd4c7727e, L:/127.0.0.1:60636 - R:localhost/127.0.0.1:55785] for POST '/session/85132213647d130d6158e9eabf0dd758/url'
14:17:02.198 [AsyncHttpClient-1-1] DEBUG org.asynchttpclient.netty.channel.DefaultChannelPool - Entry count for : http://localhost:60637 : 1
14:17:03.296 [AsyncHttpClient-1-1] DEBUG org.asynchttpclient.netty.channel.DefaultChannelPool - Entry count for : http://localhost:60637 : 1
14:17:04.398 [AsyncHttpClient-1-1] DEBUG org.asynchttpclient.netty.channel.DefaultChannelPool - Entry count for : http://localhost:60637 : 1
14:17:05.503 [AsyncHttpClient-1-1] DEBUG org.asynchttpclient.netty.channel.DefaultChannelPool - Entry count for : http://localhost:60637 : 1
14:17:06.602 [AsyncHttpClient-1-1] DEBUG org.asynchttpclient.netty.channel.DefaultChannelPool - Entry count for : http://localhost:60637 : 1
14:17:07.007 [AsyncHttpClient-1-2] DEBUG org.asynchttpclient.netty.handler.HttpHandler - 

Request DefaultHttpRequest(decodeResult: success, version: HTTP/1.1)
POST /session/85132213647d130d6158e9eabf0dd758/url HTTP/1.1
User-Agent: selenium/4.1.3 (java windows)
Content-Length: 94
Content-Type: application/json; charset=utf-8
host: localhost:55785
accept: */*

Response DefaultHttpResponse(decodeResult: success, version: HTTP/1.1)
HTTP/1.1 200 OK
Content-Type: application/json; charset=utf-8
cache-control: no-cache
content-length: 14

14:17:07.008 [AsyncHttpClient-1-2] DEBUG org.asynchttpclient.netty.channel.ChannelManager - Adding key: http://localhost:55785 for channel [id: 0xd4c7727e, L:/127.0.0.1:60636 - R:localhost/127.0.0.1:55785]
14:17:07.018 [Forwarding setTimeout on session 85132213647d130d6158e9eabf0dd758 to remote] DEBUG org.asynchttpclient.netty.request.NettyRequestSender - Using pooled Channel '[id: 0xd4c7727e, L:/127.0.0.1:60636 - R:localhost/127.0.0.1:55785]' for 'POST' to 'http://localhost:55785/session/85132213647d130d6158e9eabf0dd758/timeouts'
14:17:07.018 [Forwarding setTimeout on session 85132213647d130d6158e9eabf0dd758 to remote] DEBUG org.asynchttpclient.netty.request.NettyRequestSender - Using open Channel [id: 0xd4c7727e, L:/127.0.0.1:60636 - R:localhost/127.0.0.1:55785] for POST '/session/85132213647d130d6158e9eabf0dd758/timeouts'
14:17:07.027 [AsyncHttpClient-1-2] DEBUG org.asynchttpclient.netty.handler.HttpHandler - 

Request DefaultHttpRequest(decodeResult: success, version: HTTP/1.1)
POST /session/85132213647d130d6158e9eabf0dd758/timeouts HTTP/1.1
User-Agent: selenium/4.1.3 (java windows)
Content-Length: 22
Content-Type: application/json; charset=utf-8
host: localhost:55785
accept: */*

Response DefaultHttpResponse(decodeResult: success, version: HTTP/1.1)
HTTP/1.1 200 OK
Content-Type: application/json; charset=utf-8
cache-control: no-cache
content-length: 14

14:17:07.028 [AsyncHttpClient-1-2] DEBUG org.asynchttpclient.netty.channel.ChannelManager - Adding key: http://localhost:55785 for channel [id: 0xd4c7727e, L:/127.0.0.1:60636 - R:localhost/127.0.0.1:55785]
14:17:07.039 [Forwarding getCurrentUrl on session 85132213647d130d6158e9eabf0dd758 to remote] DEBUG org.asynchttpclient.netty.request.NettyRequestSender - Using pooled Channel '[id: 0xd4c7727e, L:/127.0.0.1:60636 - R:localhost/127.0.0.1:55785]' for 'GET' to 'http://localhost:55785/session/85132213647d130d6158e9eabf0dd758/url'
14:17:07.040 [Forwarding getCurrentUrl on session 85132213647d130d6158e9eabf0dd758 to remote] DEBUG org.asynchttpclient.netty.request.NettyRequestSender - Using open Channel [id: 0xd4c7727e, L:/127.0.0.1:60636 - R:localhost/127.0.0.1:55785] for GET '/session/85132213647d130d6158e9eabf0dd758/url'
14:17:07.047 [AsyncHttpClient-1-2] DEBUG org.asynchttpclient.netty.handler.HttpHandler - 

Request DefaultFullHttpRequest(decodeResult: success, version: HTTP/1.1, content: EmptyByteBufBE)
GET /session/85132213647d130d6158e9eabf0dd758/url HTTP/1.1
User-Agent: selenium/4.1.3 (java windows)
Cache-Control: no-cache
Content-Type: application/json; charset=utf-8
host: localhost:55785
accept: */*

Response DefaultHttpResponse(decodeResult: success, version: HTTP/1.1)
HTTP/1.1 200 OK
Content-Type: application/json; charset=utf-8
cache-control: no-cache
content-length: 61

14:17:07.048 [AsyncHttpClient-1-2] DEBUG org.asynchttpclient.netty.channel.ChannelManager - Adding key: http://localhost:55785 for channel [id: 0xd4c7727e, L:/127.0.0.1:60636 - R:localhost/127.0.0.1:55785]
14:17:07.055 [Forwarding getCurrentUrl on session 85132213647d130d6158e9eabf0dd758 to remote] DEBUG org.asynchttpclient.netty.request.NettyRequestSender - Using pooled Channel '[id: 0xd4c7727e, L:/127.0.0.1:60636 - R:localhost/127.0.0.1:55785]' for 'GET' to 'http://localhost:55785/session/85132213647d130d6158e9eabf0dd758/url'
14:17:07.055 [Forwarding getCurrentUrl on session 85132213647d130d6158e9eabf0dd758 to remote] DEBUG org.asynchttpclient.netty.request.NettyRequestSender - Using open Channel [id: 0xd4c7727e, L:/127.0.0.1:60636 - R:localhost/127.0.0.1:55785] for GET '/session/85132213647d130d6158e9eabf0dd758/url'
14:17:07.059 [AsyncHttpClient-1-2] DEBUG org.asynchttpclient.netty.handler.HttpHandler - 

Request DefaultFullHttpRequest(decodeResult: success, version: HTTP/1.1, content: EmptyByteBufBE)
GET /session/85132213647d130d6158e9eabf0dd758/url HTTP/1.1
User-Agent: selenium/4.1.3 (java windows)
Cache-Control: no-cache
Content-Type: application/json; charset=utf-8
host: localhost:55785
accept: */*

Response DefaultHttpResponse(decodeResult: success, version: HTTP/1.1)
HTTP/1.1 200 OK
Content-Type: application/json; charset=utf-8
cache-control: no-cache
content-length: 61

14:17:07.060 [AsyncHttpClient-1-2] DEBUG org.asynchttpclient.netty.channel.ChannelManager - Adding key: http://localhost:55785 for channel [id: 0xd4c7727e, L:/127.0.0.1:60636 - R:localhost/127.0.0.1:55785]
14:17:07.084 [Forwarding maximizeCurrentWindow on session 85132213647d130d6158e9eabf0dd758 to remote] DEBUG org.asynchttpclient.netty.request.NettyRequestSender - Using pooled Channel '[id: 0xd4c7727e, L:/127.0.0.1:60636 - R:localhost/127.0.0.1:55785]' for 'POST' to 'http://localhost:55785/session/85132213647d130d6158e9eabf0dd758/window/maximize'
14:17:07.085 [Forwarding maximizeCurrentWindow on session 85132213647d130d6158e9eabf0dd758 to remote] DEBUG org.asynchttpclient.netty.request.NettyRequestSender - Using open Channel [id: 0xd4c7727e, L:/127.0.0.1:60636 - R:localhost/127.0.0.1:55785] for POST '/session/85132213647d130d6158e9eabf0dd758/window/maximize'
14:17:07.295 [AsyncHttpClient-1-2] DEBUG org.asynchttpclient.netty.handler.HttpHandler - 

Request DefaultHttpRequest(decodeResult: success, version: HTTP/1.1)
POST /session/85132213647d130d6158e9eabf0dd758/window/maximize HTTP/1.1
User-Agent: selenium/4.1.3 (java windows)
Content-Length: 3
Content-Type: application/json; charset=utf-8
host: localhost:55785
accept: */*

Response DefaultHttpResponse(decodeResult: success, version: HTTP/1.1)
HTTP/1.1 200 OK
Content-Type: application/json; charset=utf-8
cache-control: no-cache
content-length: 51

14:17:07.296 [AsyncHttpClient-1-2] DEBUG org.asynchttpclient.netty.channel.ChannelManager - Adding key: http://localhost:55785 for channel [id: 0xd4c7727e, L:/127.0.0.1:60636 - R:localhost/127.0.0.1:55785]
14:17:07.706 [AsyncHttpClient-1-1] DEBUG org.asynchttpclient.netty.channel.DefaultChannelPool - Entry count for : http://localhost:55785 : 1
14:17:07.706 [AsyncHttpClient-1-1] DEBUG org.asynchttpclient.netty.channel.DefaultChannelPool - Entry count for : http://localhost:60637 : 1
14:17:08.068 [main] DEBUG net.thucydides.core.steps.StepInterceptor - STARTING STEP: LoginStepDefs.the_user_enters_the_username_and_password - login
14:17:08.094 [Forwarding setTimeout on session 85132213647d130d6158e9eabf0dd758 to remote] DEBUG org.asynchttpclient.netty.request.NettyRequestSender - Using pooled Channel '[id: 0xd4c7727e, L:/127.0.0.1:60636 - R:localhost/127.0.0.1:55785]' for 'POST' to 'http://localhost:55785/session/85132213647d130d6158e9eabf0dd758/timeouts'
14:17:08.095 [Forwarding setTimeout on session 85132213647d130d6158e9eabf0dd758 to remote] DEBUG org.asynchttpclient.netty.request.NettyRequestSender - Using open Channel [id: 0xd4c7727e, L:/127.0.0.1:60636 - R:localhost/127.0.0.1:55785] for POST '/session/85132213647d130d6158e9eabf0dd758/timeouts'
14:17:08.098 [AsyncHttpClient-1-2] DEBUG org.asynchttpclient.netty.handler.HttpHandler - 

Request DefaultHttpRequest(decodeResult: success, version: HTTP/1.1)
POST /session/85132213647d130d6158e9eabf0dd758/timeouts HTTP/1.1
User-Agent: selenium/4.1.3 (java windows)
Content-Length: 19
Content-Type: application/json; charset=utf-8
host: localhost:55785
accept: */*

Response DefaultHttpResponse(decodeResult: success, version: HTTP/1.1)
HTTP/1.1 200 OK
Content-Type: application/json; charset=utf-8
cache-control: no-cache
content-length: 14

14:17:08.098 [AsyncHttpClient-1-2] DEBUG org.asynchttpclient.netty.channel.ChannelManager - Adding key: http://localhost:55785 for channel [id: 0xd4c7727e, L:/127.0.0.1:60636 - R:localhost/127.0.0.1:55785]
14:17:08.105 [Forwarding findElement on session 85132213647d130d6158e9eabf0dd758 to remote] DEBUG org.asynchttpclient.netty.request.NettyRequestSender - Using pooled Channel '[id: 0xd4c7727e, L:/127.0.0.1:60636 - R:localhost/127.0.0.1:55785]' for 'POST' to 'http://localhost:55785/session/85132213647d130d6158e9eabf0dd758/element'
14:17:08.105 [Forwarding findElement on session 85132213647d130d6158e9eabf0dd758 to remote] DEBUG org.asynchttpclient.netty.request.NettyRequestSender - Using open Channel [id: 0xd4c7727e, L:/127.0.0.1:60636 - R:localhost/127.0.0.1:55785] for POST '/session/85132213647d130d6158e9eabf0dd758/element'
14:17:08.804 [AsyncHttpClient-1-1] DEBUG org.asynchttpclient.netty.channel.DefaultChannelPool - Entry count for : http://localhost:60637 : 1
14:17:09.509 [AsyncHttpClient-1-2] DEBUG org.asynchttpclient.netty.handler.HttpHandler - 

Request DefaultHttpRequest(decodeResult: success, version: HTTP/1.1)
POST /session/85132213647d130d6158e9eabf0dd758/element HTTP/1.1
User-Agent: selenium/4.1.3 (java windows)
Content-Length: 61
Content-Type: application/json; charset=utf-8
host: localhost:55785
accept: */*

Response DefaultHttpResponse(decodeResult: success, version: HTTP/1.1)
HTTP/1.1 200 OK
Content-Type: application/json; charset=utf-8
cache-control: no-cache
content-length: 88

14:17:09.510 [AsyncHttpClient-1-2] DEBUG org.asynchttpclient.netty.channel.ChannelManager - Adding key: http://localhost:55785 for channel [id: 0xd4c7727e, L:/127.0.0.1:60636 - R:localhost/127.0.0.1:55785]
14:17:09.514 [Forwarding setTimeout on session 85132213647d130d6158e9eabf0dd758 to remote] DEBUG org.asynchttpclient.netty.request.NettyRequestSender - Using pooled Channel '[id: 0xd4c7727e, L:/127.0.0.1:60636 - R:localhost/127.0.0.1:55785]' for 'POST' to 'http://localhost:55785/session/85132213647d130d6158e9eabf0dd758/timeouts'
14:17:09.514 [Forwarding setTimeout on session 85132213647d130d6158e9eabf0dd758 to remote] DEBUG org.asynchttpclient.netty.request.NettyRequestSender - Using open Channel [id: 0xd4c7727e, L:/127.0.0.1:60636 - R:localhost/127.0.0.1:55785] for POST '/session/85132213647d130d6158e9eabf0dd758/timeouts'
14:17:09.516 [AsyncHttpClient-1-2] DEBUG org.asynchttpclient.netty.handler.HttpHandler - 

Request DefaultHttpRequest(decodeResult: success, version: HTTP/1.1)
POST /session/85132213647d130d6158e9eabf0dd758/timeouts HTTP/1.1
User-Agent: selenium/4.1.3 (java windows)
Content-Length: 22
Content-Type: application/json; charset=utf-8
host: localhost:55785
accept: */*

Response DefaultHttpResponse(decodeResult: success, version: HTTP/1.1)
HTTP/1.1 200 OK
Content-Type: application/json; charset=utf-8
cache-control: no-cache
content-length: 14

14:17:09.516 [AsyncHttpClient-1-2] DEBUG org.asynchttpclient.netty.channel.ChannelManager - Adding key: http://localhost:55785 for channel [id: 0xd4c7727e, L:/127.0.0.1:60636 - R:localhost/127.0.0.1:55785]
14:17:09.544 [Forwarding isElementDisplayed on session 85132213647d130d6158e9eabf0dd758 to remote] DEBUG org.asynchttpclient.netty.request.NettyRequestSender - Using pooled Channel '[id: 0xd4c7727e, L:/127.0.0.1:60636 - R:localhost/127.0.0.1:55785]' for 'POST' to 'http://localhost:55785/session/85132213647d130d6158e9eabf0dd758/execute/sync'
14:17:09.544 [Forwarding isElementDisplayed on session 85132213647d130d6158e9eabf0dd758 to remote] DEBUG org.asynchttpclient.netty.request.NettyRequestSender - Using open Channel [id: 0xd4c7727e, L:/127.0.0.1:60636 - R:localhost/127.0.0.1:55785] for POST '/session/85132213647d130d6158e9eabf0dd758/execute/sync'
14:17:09.563 [AsyncHttpClient-1-2] DEBUG org.asynchttpclient.netty.handler.HttpHandler - 

Request DefaultHttpRequest(decodeResult: success, version: HTTP/1.1)
POST /session/85132213647d130d6158e9eabf0dd758/execute/sync HTTP/1.1
User-Agent: selenium/4.1.3 (java windows)
Content-Length: 48780
Content-Type: application/json; charset=utf-8
host: localhost:55785
accept: */*

Response DefaultHttpResponse(decodeResult: success, version: HTTP/1.1)
HTTP/1.1 200 OK
Content-Type: application/json; charset=utf-8
cache-control: no-cache
content-length: 14

14:17:09.563 [AsyncHttpClient-1-2] DEBUG org.asynchttpclient.netty.channel.ChannelManager - Adding key: http://localhost:55785 for channel [id: 0xd4c7727e, L:/127.0.0.1:60636 - R:localhost/127.0.0.1:55785]
14:17:09.575 [Forwarding clearElement on session 85132213647d130d6158e9eabf0dd758 to remote] DEBUG org.asynchttpclient.netty.request.NettyRequestSender - Using pooled Channel '[id: 0xd4c7727e, L:/127.0.0.1:60636 - R:localhost/127.0.0.1:55785]' for 'POST' to 'http://localhost:55785/session/85132213647d130d6158e9eabf0dd758/element/f7f4e0d2-d642-461b-ae6d-7e6119a7ff50/clear'
14:17:09.576 [Forwarding clearElement on session 85132213647d130d6158e9eabf0dd758 to remote] DEBUG org.asynchttpclient.netty.request.NettyRequestSender - Using open Channel [id: 0xd4c7727e, L:/127.0.0.1:60636 - R:localhost/127.0.0.1:55785] for POST '/session/85132213647d130d6158e9eabf0dd758/element/f7f4e0d2-d642-461b-ae6d-7e6119a7ff50/clear'
14:17:09.615 [AsyncHttpClient-1-2] DEBUG org.asynchttpclient.netty.handler.HttpHandler - 

Request DefaultHttpRequest(decodeResult: success, version: HTTP/1.1)
POST /session/85132213647d130d6158e9eabf0dd758/element/f7f4e0d2-d642-461b-ae6d-7e6119a7ff50/clear HTTP/1.1
User-Agent: selenium/4.1.3 (java windows)
Content-Length: 50
Content-Type: application/json; charset=utf-8
host: localhost:55785
accept: */*

Response DefaultHttpResponse(decodeResult: success, version: HTTP/1.1)
HTTP/1.1 200 OK
Content-Type: application/json; charset=utf-8
cache-control: no-cache
content-length: 14

14:17:09.616 [AsyncHttpClient-1-2] DEBUG org.asynchttpclient.netty.channel.ChannelManager - Adding key: http://localhost:55785 for channel [id: 0xd4c7727e, L:/127.0.0.1:60636 - R:localhost/127.0.0.1:55785]
14:17:09.624 [Forwarding sendKeysToElement on session 85132213647d130d6158e9eabf0dd758 to remote] DEBUG org.asynchttpclient.netty.request.NettyRequestSender - Using pooled Channel '[id: 0xd4c7727e, L:/127.0.0.1:60636 - R:localhost/127.0.0.1:55785]' for 'POST' to 'http://localhost:55785/session/85132213647d130d6158e9eabf0dd758/element/f7f4e0d2-d642-461b-ae6d-7e6119a7ff50/value'
14:17:09.624 [Forwarding sendKeysToElement on session 85132213647d130d6158e9eabf0dd758 to remote] DEBUG org.asynchttpclient.netty.request.NettyRequestSender - Using open Channel [id: 0xd4c7727e, L:/127.0.0.1:60636 - R:localhost/127.0.0.1:55785] for POST '/session/85132213647d130d6158e9eabf0dd758/element/f7f4e0d2-d642-461b-ae6d-7e6119a7ff50/value'
14:17:09.681 [AsyncHttpClient-1-2] DEBUG org.asynchttpclient.netty.handler.HttpHandler - 

Request DefaultHttpRequest(decodeResult: success, version: HTTP/1.1)
POST /session/85132213647d130d6158e9eabf0dd758/element/f7f4e0d2-d642-461b-ae6d-7e6119a7ff50/value HTTP/1.1
User-Agent: selenium/4.1.3 (java windows)
Content-Length: 171
Content-Type: application/json; charset=utf-8
host: localhost:55785
accept: */*

Response DefaultHttpResponse(decodeResult: success, version: HTTP/1.1)
HTTP/1.1 200 OK
Content-Type: application/json; charset=utf-8
cache-control: no-cache
content-length: 14

14:17:09.682 [AsyncHttpClient-1-2] DEBUG org.asynchttpclient.netty.channel.ChannelManager - Adding key: http://localhost:55785 for channel [id: 0xd4c7727e, L:/127.0.0.1:60636 - R:localhost/127.0.0.1:55785]
14:17:09.695 [Forwarding setTimeout on session 85132213647d130d6158e9eabf0dd758 to remote] DEBUG org.asynchttpclient.netty.request.NettyRequestSender - Using pooled Channel '[id: 0xd4c7727e, L:/127.0.0.1:60636 - R:localhost/127.0.0.1:55785]' for 'POST' to 'http://localhost:55785/session/85132213647d130d6158e9eabf0dd758/timeouts'
14:17:09.695 [Forwarding setTimeout on session 85132213647d130d6158e9eabf0dd758 to remote] DEBUG org.asynchttpclient.netty.request.NettyRequestSender - Using open Channel [id: 0xd4c7727e, L:/127.0.0.1:60636 - R:localhost/127.0.0.1:55785] for POST '/session/85132213647d130d6158e9eabf0dd758/timeouts'
14:17:09.697 [AsyncHttpClient-1-2] DEBUG org.asynchttpclient.netty.handler.HttpHandler - 

Request DefaultHttpRequest(decodeResult: success, version: HTTP/1.1)
POST /session/85132213647d130d6158e9eabf0dd758/timeouts HTTP/1.1
User-Agent: selenium/4.1.3 (java windows)
Content-Length: 19
Content-Type: application/json; charset=utf-8
host: localhost:55785
accept: */*

Response DefaultHttpResponse(decodeResult: success, version: HTTP/1.1)
HTTP/1.1 200 OK
Content-Type: application/json; charset=utf-8
cache-control: no-cache
content-length: 14

14:17:09.698 [AsyncHttpClient-1-2] DEBUG org.asynchttpclient.netty.channel.ChannelManager - Adding key: http://localhost:55785 for channel [id: 0xd4c7727e, L:/127.0.0.1:60636 - R:localhost/127.0.0.1:55785]
14:17:09.702 [Forwarding findElement on session 85132213647d130d6158e9eabf0dd758 to remote] DEBUG org.asynchttpclient.netty.request.NettyRequestSender - Using pooled Channel '[id: 0xd4c7727e, L:/127.0.0.1:60636 - R:localhost/127.0.0.1:55785]' for 'POST' to 'http://localhost:55785/session/85132213647d130d6158e9eabf0dd758/element'
14:17:09.702 [Forwarding findElement on session 85132213647d130d6158e9eabf0dd758 to remote] DEBUG org.asynchttpclient.netty.request.NettyRequestSender - Using open Channel [id: 0xd4c7727e, L:/127.0.0.1:60636 - R:localhost/127.0.0.1:55785] for POST '/session/85132213647d130d6158e9eabf0dd758/element'
14:17:09.719 [AsyncHttpClient-1-2] DEBUG org.asynchttpclient.netty.handler.HttpHandler - 

Request DefaultHttpRequest(decodeResult: success, version: HTTP/1.1)
POST /session/85132213647d130d6158e9eabf0dd758/element HTTP/1.1
User-Agent: selenium/4.1.3 (java windows)
Content-Length: 66
Content-Type: application/json; charset=utf-8
host: localhost:55785
accept: */*

Response DefaultHttpResponse(decodeResult: success, version: HTTP/1.1)
HTTP/1.1 200 OK
Content-Type: application/json; charset=utf-8
cache-control: no-cache
content-length: 88

14:17:09.720 [AsyncHttpClient-1-2] DEBUG org.asynchttpclient.netty.channel.ChannelManager - Adding key: http://localhost:55785 for channel [id: 0xd4c7727e, L:/127.0.0.1:60636 - R:localhost/127.0.0.1:55785]
14:17:09.722 [Forwarding setTimeout on session 85132213647d130d6158e9eabf0dd758 to remote] DEBUG org.asynchttpclient.netty.request.NettyRequestSender - Using pooled Channel '[id: 0xd4c7727e, L:/127.0.0.1:60636 - R:localhost/127.0.0.1:55785]' for 'POST' to 'http://localhost:55785/session/85132213647d130d6158e9eabf0dd758/timeouts'
14:17:09.722 [Forwarding setTimeout on session 85132213647d130d6158e9eabf0dd758 to remote] DEBUG org.asynchttpclient.netty.request.NettyRequestSender - Using open Channel [id: 0xd4c7727e, L:/127.0.0.1:60636 - R:localhost/127.0.0.1:55785] for POST '/session/85132213647d130d6158e9eabf0dd758/timeouts'
14:17:09.725 [AsyncHttpClient-1-2] DEBUG org.asynchttpclient.netty.handler.HttpHandler - 

Request DefaultHttpRequest(decodeResult: success, version: HTTP/1.1)
POST /session/85132213647d130d6158e9eabf0dd758/timeouts HTTP/1.1
User-Agent: selenium/4.1.3 (java windows)
Content-Length: 22
Content-Type: application/json; charset=utf-8
host: localhost:55785
accept: */*

Response DefaultHttpResponse(decodeResult: success, version: HTTP/1.1)
HTTP/1.1 200 OK
Content-Type: application/json; charset=utf-8
cache-control: no-cache
content-length: 14

14:17:09.726 [AsyncHttpClient-1-2] DEBUG org.asynchttpclient.netty.channel.ChannelManager - Adding key: http://localhost:55785 for channel [id: 0xd4c7727e, L:/127.0.0.1:60636 - R:localhost/127.0.0.1:55785]
14:17:09.736 [Forwarding isElementDisplayed on session 85132213647d130d6158e9eabf0dd758 to remote] DEBUG org.asynchttpclient.netty.request.NettyRequestSender - Using pooled Channel '[id: 0xd4c7727e, L:/127.0.0.1:60636 - R:localhost/127.0.0.1:55785]' for 'POST' to 'http://localhost:55785/session/85132213647d130d6158e9eabf0dd758/execute/sync'
14:17:09.737 [Forwarding isElementDisplayed on session 85132213647d130d6158e9eabf0dd758 to remote] DEBUG org.asynchttpclient.netty.request.NettyRequestSender - Using open Channel [id: 0xd4c7727e, L:/127.0.0.1:60636 - R:localhost/127.0.0.1:55785] for POST '/session/85132213647d130d6158e9eabf0dd758/execute/sync'
14:17:09.755 [AsyncHttpClient-1-2] DEBUG org.asynchttpclient.netty.handler.HttpHandler - 

Request DefaultHttpRequest(decodeResult: success, version: HTTP/1.1)
POST /session/85132213647d130d6158e9eabf0dd758/execute/sync HTTP/1.1
User-Agent: selenium/4.1.3 (java windows)
Content-Length: 48780
Content-Type: application/json; charset=utf-8
host: localhost:55785
accept: */*

Response DefaultHttpResponse(decodeResult: success, version: HTTP/1.1)
HTTP/1.1 200 OK
Content-Type: application/json; charset=utf-8
cache-control: no-cache
content-length: 14

14:17:09.756 [AsyncHttpClient-1-2] DEBUG org.asynchttpclient.netty.channel.ChannelManager - Adding key: http://localhost:55785 for channel [id: 0xd4c7727e, L:/127.0.0.1:60636 - R:localhost/127.0.0.1:55785]
14:17:09.760 [Forwarding clearElement on session 85132213647d130d6158e9eabf0dd758 to remote] DEBUG org.asynchttpclient.netty.request.NettyRequestSender - Using pooled Channel '[id: 0xd4c7727e, L:/127.0.0.1:60636 - R:localhost/127.0.0.1:55785]' for 'POST' to 'http://localhost:55785/session/85132213647d130d6158e9eabf0dd758/element/d0896195-818f-4554-a9a8-0c951b526bba/clear'
14:17:09.760 [Forwarding clearElement on session 85132213647d130d6158e9eabf0dd758 to remote] DEBUG org.asynchttpclient.netty.request.NettyRequestSender - Using open Channel [id: 0xd4c7727e, L:/127.0.0.1:60636 - R:localhost/127.0.0.1:55785] for POST '/session/85132213647d130d6158e9eabf0dd758/element/d0896195-818f-4554-a9a8-0c951b526bba/clear'
14:17:09.798 [AsyncHttpClient-1-2] DEBUG org.asynchttpclient.netty.handler.HttpHandler - 

Request DefaultHttpRequest(decodeResult: success, version: HTTP/1.1)
POST /session/85132213647d130d6158e9eabf0dd758/element/d0896195-818f-4554-a9a8-0c951b526bba/clear HTTP/1.1
User-Agent: selenium/4.1.3 (java windows)
Content-Length: 50
Content-Type: application/json; charset=utf-8
host: localhost:55785
accept: */*

Response DefaultHttpResponse(decodeResult: success, version: HTTP/1.1)
HTTP/1.1 200 OK
Content-Type: application/json; charset=utf-8
cache-control: no-cache
content-length: 14

14:17:09.798 [AsyncHttpClient-1-2] DEBUG org.asynchttpclient.netty.channel.ChannelManager - Adding key: http://localhost:55785 for channel [id: 0xd4c7727e, L:/127.0.0.1:60636 - R:localhost/127.0.0.1:55785]
14:17:09.805 [Forwarding sendKeysToElement on session 85132213647d130d6158e9eabf0dd758 to remote] DEBUG org.asynchttpclient.netty.request.NettyRequestSender - Using pooled Channel '[id: 0xd4c7727e, L:/127.0.0.1:60636 - R:localhost/127.0.0.1:55785]' for 'POST' to 'http://localhost:55785/session/85132213647d130d6158e9eabf0dd758/element/d0896195-818f-4554-a9a8-0c951b526bba/value'
14:17:09.805 [Forwarding sendKeysToElement on session 85132213647d130d6158e9eabf0dd758 to remote] DEBUG org.asynchttpclient.netty.request.NettyRequestSender - Using open Channel [id: 0xd4c7727e, L:/127.0.0.1:60636 - R:localhost/127.0.0.1:55785] for POST '/session/85132213647d130d6158e9eabf0dd758/element/d0896195-818f-4554-a9a8-0c951b526bba/value'
14:17:09.861 [AsyncHttpClient-1-2] DEBUG org.asynchttpclient.netty.handler.HttpHandler - 

Request DefaultHttpRequest(decodeResult: success, version: HTTP/1.1)
POST /session/85132213647d130d6158e9eabf0dd758/element/d0896195-818f-4554-a9a8-0c951b526bba/value HTTP/1.1
User-Agent: selenium/4.1.3 (java windows)
Content-Length: 181
Content-Type: application/json; charset=utf-8
host: localhost:55785
accept: */*

Response DefaultHttpResponse(decodeResult: success, version: HTTP/1.1)
HTTP/1.1 200 OK
Content-Type: application/json; charset=utf-8
cache-control: no-cache
content-length: 14

14:17:09.863 [AsyncHttpClient-1-2] DEBUG org.asynchttpclient.netty.channel.ChannelManager - Adding key: http://localhost:55785 for channel [id: 0xd4c7727e, L:/127.0.0.1:60636 - R:localhost/127.0.0.1:55785]
14:17:09.876 [Forwarding setTimeout on session 85132213647d130d6158e9eabf0dd758 to remote] DEBUG org.asynchttpclient.netty.request.NettyRequestSender - Using pooled Channel '[id: 0xd4c7727e, L:/127.0.0.1:60636 - R:localhost/127.0.0.1:55785]' for 'POST' to 'http://localhost:55785/session/85132213647d130d6158e9eabf0dd758/timeouts'
14:17:09.877 [Forwarding setTimeout on session 85132213647d130d6158e9eabf0dd758 to remote] DEBUG org.asynchttpclient.netty.request.NettyRequestSender - Using open Channel [id: 0xd4c7727e, L:/127.0.0.1:60636 - R:localhost/127.0.0.1:55785] for POST '/session/85132213647d130d6158e9eabf0dd758/timeouts'
14:17:09.878 [AsyncHttpClient-1-2] DEBUG org.asynchttpclient.netty.handler.HttpHandler - 

Request DefaultHttpRequest(decodeResult: success, version: HTTP/1.1)
POST /session/85132213647d130d6158e9eabf0dd758/timeouts HTTP/1.1
User-Agent: selenium/4.1.3 (java windows)
Content-Length: 19
Content-Type: application/json; charset=utf-8
host: localhost:55785
accept: */*

Response DefaultHttpResponse(decodeResult: success, version: HTTP/1.1)
HTTP/1.1 200 OK
Content-Type: application/json; charset=utf-8
cache-control: no-cache
content-length: 14

14:17:09.879 [AsyncHttpClient-1-2] DEBUG org.asynchttpclient.netty.channel.ChannelManager - Adding key: http://localhost:55785 for channel [id: 0xd4c7727e, L:/127.0.0.1:60636 - R:localhost/127.0.0.1:55785]
14:17:09.884 [Forwarding findElement on session 85132213647d130d6158e9eabf0dd758 to remote] DEBUG org.asynchttpclient.netty.request.NettyRequestSender - Using pooled Channel '[id: 0xd4c7727e, L:/127.0.0.1:60636 - R:localhost/127.0.0.1:55785]' for 'POST' to 'http://localhost:55785/session/85132213647d130d6158e9eabf0dd758/element'
14:17:09.884 [Forwarding findElement on session 85132213647d130d6158e9eabf0dd758 to remote] DEBUG org.asynchttpclient.netty.request.NettyRequestSender - Using open Channel [id: 0xd4c7727e, L:/127.0.0.1:60636 - R:localhost/127.0.0.1:55785] for POST '/session/85132213647d130d6158e9eabf0dd758/element'
14:17:09.896 [AsyncHttpClient-1-2] DEBUG org.asynchttpclient.netty.handler.HttpHandler - 

Request DefaultHttpRequest(decodeResult: success, version: HTTP/1.1)
POST /session/85132213647d130d6158e9eabf0dd758/element HTTP/1.1
User-Agent: selenium/4.1.3 (java windows)
Content-Length: 64
Content-Type: application/json; charset=utf-8
host: localhost:55785
accept: */*

Response DefaultHttpResponse(decodeResult: success, version: HTTP/1.1)
HTTP/1.1 200 OK
Content-Type: application/json; charset=utf-8
cache-control: no-cache
content-length: 88

14:17:09.898 [AsyncHttpClient-1-2] DEBUG org.asynchttpclient.netty.channel.ChannelManager - Adding key: http://localhost:55785 for channel [id: 0xd4c7727e, L:/127.0.0.1:60636 - R:localhost/127.0.0.1:55785]
14:17:09.901 [AsyncHttpClient-1-1] DEBUG org.asynchttpclient.netty.channel.DefaultChannelPool - Entry count for : http://localhost:55785 : 1
14:17:09.901 [AsyncHttpClient-1-1] DEBUG org.asynchttpclient.netty.channel.DefaultChannelPool - Entry count for : http://localhost:60637 : 1
14:17:09.903 [Forwarding setTimeout on session 85132213647d130d6158e9eabf0dd758 to remote] DEBUG org.asynchttpclient.netty.request.NettyRequestSender - Using pooled Channel '[id: 0xd4c7727e, L:/127.0.0.1:60636 - R:localhost/127.0.0.1:55785]' for 'POST' to 'http://localhost:55785/session/85132213647d130d6158e9eabf0dd758/timeouts'
14:17:09.903 [Forwarding setTimeout on session 85132213647d130d6158e9eabf0dd758 to remote] DEBUG org.asynchttpclient.netty.request.NettyRequestSender - Using open Channel [id: 0xd4c7727e, L:/127.0.0.1:60636 - R:localhost/127.0.0.1:55785] for POST '/session/85132213647d130d6158e9eabf0dd758/timeouts'
14:17:09.906 [AsyncHttpClient-1-2] DEBUG org.asynchttpclient.netty.handler.HttpHandler - 

Request DefaultHttpRequest(decodeResult: success, version: HTTP/1.1)
POST /session/85132213647d130d6158e9eabf0dd758/timeouts HTTP/1.1
User-Agent: selenium/4.1.3 (java windows)
Content-Length: 22
Content-Type: application/json; charset=utf-8
host: localhost:55785
accept: */*

Response DefaultHttpResponse(decodeResult: success, version: HTTP/1.1)
HTTP/1.1 200 OK
Content-Type: application/json; charset=utf-8
cache-control: no-cache
content-length: 14

14:17:09.906 [AsyncHttpClient-1-2] DEBUG org.asynchttpclient.netty.channel.ChannelManager - Adding key: http://localhost:55785 for channel [id: 0xd4c7727e, L:/127.0.0.1:60636 - R:localhost/127.0.0.1:55785]
14:17:09.942 [Forwarding isElementDisplayed on session 85132213647d130d6158e9eabf0dd758 to remote] DEBUG org.asynchttpclient.netty.request.NettyRequestSender - Using pooled Channel '[id: 0xd4c7727e, L:/127.0.0.1:60636 - R:localhost/127.0.0.1:55785]' for 'POST' to 'http://localhost:55785/session/85132213647d130d6158e9eabf0dd758/execute/sync'
14:17:09.943 [Forwarding isElementDisplayed on session 85132213647d130d6158e9eabf0dd758 to remote] DEBUG org.asynchttpclient.netty.request.NettyRequestSender - Using open Channel [id: 0xd4c7727e, L:/127.0.0.1:60636 - R:localhost/127.0.0.1:55785] for POST '/session/85132213647d130d6158e9eabf0dd758/execute/sync'
14:17:09.959 [AsyncHttpClient-1-2] DEBUG org.asynchttpclient.netty.handler.HttpHandler - 

Request DefaultHttpRequest(decodeResult: success, version: HTTP/1.1)
POST /session/85132213647d130d6158e9eabf0dd758/execute/sync HTTP/1.1
User-Agent: selenium/4.1.3 (java windows)
Content-Length: 48780
Content-Type: application/json; charset=utf-8
host: localhost:55785
accept: */*

Response DefaultHttpResponse(decodeResult: success, version: HTTP/1.1)
HTTP/1.1 200 OK
Content-Type: application/json; charset=utf-8
cache-control: no-cache
content-length: 14

14:17:09.959 [AsyncHttpClient-1-2] DEBUG org.asynchttpclient.netty.channel.ChannelManager - Adding key: http://localhost:55785 for channel [id: 0xd4c7727e, L:/127.0.0.1:60636 - R:localhost/127.0.0.1:55785]
14:17:09.971 [Forwarding getElementTagName on session 85132213647d130d6158e9eabf0dd758 to remote] DEBUG org.asynchttpclient.netty.request.NettyRequestSender - Using pooled Channel '[id: 0xd4c7727e, L:/127.0.0.1:60636 - R:localhost/127.0.0.1:55785]' for 'GET' to 'http://localhost:55785/session/85132213647d130d6158e9eabf0dd758/element/e7561203-a07f-4c03-8341-e2bd24bfcf9e/name'
14:17:09.971 [Forwarding getElementTagName on session 85132213647d130d6158e9eabf0dd758 to remote] DEBUG org.asynchttpclient.netty.request.NettyRequestSender - Using open Channel [id: 0xd4c7727e, L:/127.0.0.1:60636 - R:localhost/127.0.0.1:55785] for GET '/session/85132213647d130d6158e9eabf0dd758/element/e7561203-a07f-4c03-8341-e2bd24bfcf9e/name'
14:17:09.977 [AsyncHttpClient-1-2] DEBUG org.asynchttpclient.netty.handler.HttpHandler - 

Request DefaultFullHttpRequest(decodeResult: success, version: HTTP/1.1, content: EmptyByteBufBE)
GET /session/85132213647d130d6158e9eabf0dd758/element/e7561203-a07f-4c03-8341-e2bd24bfcf9e/name HTTP/1.1
User-Agent: selenium/4.1.3 (java windows)
Cache-Control: no-cache
Content-Type: application/json; charset=utf-8
host: localhost:55785
accept: */*

Response DefaultHttpResponse(decodeResult: success, version: HTTP/1.1)
HTTP/1.1 200 OK
Content-Type: application/json; charset=utf-8
cache-control: no-cache
content-length: 17

14:17:09.978 [AsyncHttpClient-1-2] DEBUG org.asynchttpclient.netty.channel.ChannelManager - Adding key: http://localhost:55785 for channel [id: 0xd4c7727e, L:/127.0.0.1:60636 - R:localhost/127.0.0.1:55785]
14:17:09.995 [Forwarding getElementTagName on session 85132213647d130d6158e9eabf0dd758 to remote] DEBUG org.asynchttpclient.netty.request.NettyRequestSender - Using pooled Channel '[id: 0xd4c7727e, L:/127.0.0.1:60636 - R:localhost/127.0.0.1:55785]' for 'GET' to 'http://localhost:55785/session/85132213647d130d6158e9eabf0dd758/element/e7561203-a07f-4c03-8341-e2bd24bfcf9e/name'
14:17:09.995 [Forwarding getElementTagName on session 85132213647d130d6158e9eabf0dd758 to remote] DEBUG org.asynchttpclient.netty.request.NettyRequestSender - Using open Channel [id: 0xd4c7727e, L:/127.0.0.1:60636 - R:localhost/127.0.0.1:55785] for GET '/session/85132213647d130d6158e9eabf0dd758/element/e7561203-a07f-4c03-8341-e2bd24bfcf9e/name'
14:17:10.004 [AsyncHttpClient-1-2] DEBUG org.asynchttpclient.netty.handler.HttpHandler - 

Request DefaultFullHttpRequest(decodeResult: success, version: HTTP/1.1, content: EmptyByteBufBE)
GET /session/85132213647d130d6158e9eabf0dd758/element/e7561203-a07f-4c03-8341-e2bd24bfcf9e/name HTTP/1.1
User-Agent: selenium/4.1.3 (java windows)
Cache-Control: no-cache
Content-Type: application/json; charset=utf-8
host: localhost:55785
accept: */*

Response DefaultHttpResponse(decodeResult: success, version: HTTP/1.1)
HTTP/1.1 200 OK
Content-Type: application/json; charset=utf-8
cache-control: no-cache
content-length: 17

14:17:10.004 [AsyncHttpClient-1-2] DEBUG org.asynchttpclient.netty.channel.ChannelManager - Adding key: http://localhost:55785 for channel [id: 0xd4c7727e, L:/127.0.0.1:60636 - R:localhost/127.0.0.1:55785]
14:17:10.013 [Forwarding isElementEnabled on session 85132213647d130d6158e9eabf0dd758 to remote] DEBUG org.asynchttpclient.netty.request.NettyRequestSender - Using pooled Channel '[id: 0xd4c7727e, L:/127.0.0.1:60636 - R:localhost/127.0.0.1:55785]' for 'GET' to 'http://localhost:55785/session/85132213647d130d6158e9eabf0dd758/element/e7561203-a07f-4c03-8341-e2bd24bfcf9e/enabled'
14:17:10.014 [Forwarding isElementEnabled on session 85132213647d130d6158e9eabf0dd758 to remote] DEBUG org.asynchttpclient.netty.request.NettyRequestSender - Using open Channel [id: 0xd4c7727e, L:/127.0.0.1:60636 - R:localhost/127.0.0.1:55785] for GET '/session/85132213647d130d6158e9eabf0dd758/element/e7561203-a07f-4c03-8341-e2bd24bfcf9e/enabled'
14:17:10.023 [AsyncHttpClient-1-2] DEBUG org.asynchttpclient.netty.handler.HttpHandler - 

Request DefaultFullHttpRequest(decodeResult: success, version: HTTP/1.1, content: EmptyByteBufBE)
GET /session/85132213647d130d6158e9eabf0dd758/element/e7561203-a07f-4c03-8341-e2bd24bfcf9e/enabled HTTP/1.1
User-Agent: selenium/4.1.3 (java windows)
Cache-Control: no-cache
Content-Type: application/json; charset=utf-8
host: localhost:55785
accept: */*

Response DefaultHttpResponse(decodeResult: success, version: HTTP/1.1)
HTTP/1.1 200 OK
Content-Type: application/json; charset=utf-8
cache-control: no-cache
content-length: 14

14:17:10.025 [AsyncHttpClient-1-2] DEBUG org.asynchttpclient.netty.channel.ChannelManager - Adding key: http://localhost:55785 for channel [id: 0xd4c7727e, L:/127.0.0.1:60636 - R:localhost/127.0.0.1:55785]
14:17:10.027 [Forwarding isElementEnabled on session 85132213647d130d6158e9eabf0dd758 to remote] DEBUG org.asynchttpclient.netty.request.NettyRequestSender - Using pooled Channel '[id: 0xd4c7727e, L:/127.0.0.1:60636 - R:localhost/127.0.0.1:55785]' for 'GET' to 'http://localhost:55785/session/85132213647d130d6158e9eabf0dd758/element/e7561203-a07f-4c03-8341-e2bd24bfcf9e/enabled'
14:17:10.027 [Forwarding isElementEnabled on session 85132213647d130d6158e9eabf0dd758 to remote] DEBUG org.asynchttpclient.netty.request.NettyRequestSender - Using open Channel [id: 0xd4c7727e, L:/127.0.0.1:60636 - R:localhost/127.0.0.1:55785] for GET '/session/85132213647d130d6158e9eabf0dd758/element/e7561203-a07f-4c03-8341-e2bd24bfcf9e/enabled'
14:17:10.051 [AsyncHttpClient-1-2] DEBUG org.asynchttpclient.netty.handler.HttpHandler - 

Request DefaultFullHttpRequest(decodeResult: success, version: HTTP/1.1, content: EmptyByteBufBE)
GET /session/85132213647d130d6158e9eabf0dd758/element/e7561203-a07f-4c03-8341-e2bd24bfcf9e/enabled HTTP/1.1
User-Agent: selenium/4.1.3 (java windows)
Cache-Control: no-cache
Content-Type: application/json; charset=utf-8
host: localhost:55785
accept: */*

Response DefaultHttpResponse(decodeResult: success, version: HTTP/1.1)
HTTP/1.1 200 OK
Content-Type: application/json; charset=utf-8
cache-control: no-cache
content-length: 14

14:17:10.051 [AsyncHttpClient-1-2] DEBUG org.asynchttpclient.netty.channel.ChannelManager - Adding key: http://localhost:55785 for channel [id: 0xd4c7727e, L:/127.0.0.1:60636 - R:localhost/127.0.0.1:55785]
14:17:10.055 [Forwarding clickElement on session 85132213647d130d6158e9eabf0dd758 to remote] DEBUG org.asynchttpclient.netty.request.NettyRequestSender - Using pooled Channel '[id: 0xd4c7727e, L:/127.0.0.1:60636 - R:localhost/127.0.0.1:55785]' for 'POST' to 'http://localhost:55785/session/85132213647d130d6158e9eabf0dd758/element/e7561203-a07f-4c03-8341-e2bd24bfcf9e/click'
14:17:10.055 [Forwarding clickElement on session 85132213647d130d6158e9eabf0dd758 to remote] DEBUG org.asynchttpclient.netty.request.NettyRequestSender - Using open Channel [id: 0xd4c7727e, L:/127.0.0.1:60636 - R:localhost/127.0.0.1:55785] for POST '/session/85132213647d130d6158e9eabf0dd758/element/e7561203-a07f-4c03-8341-e2bd24bfcf9e/click'
14:17:10.998 [AsyncHttpClient-1-1] DEBUG org.asynchttpclient.netty.channel.DefaultChannelPool - Entry count for : http://localhost:60637 : 1
14:17:11.044 [AsyncHttpClient-1-2] DEBUG org.asynchttpclient.netty.handler.HttpHandler - 

Request DefaultHttpRequest(decodeResult: success, version: HTTP/1.1)
POST /session/85132213647d130d6158e9eabf0dd758/element/e7561203-a07f-4c03-8341-e2bd24bfcf9e/click HTTP/1.1
User-Agent: selenium/4.1.3 (java windows)
Content-Length: 50
Content-Type: application/json; charset=utf-8
host: localhost:55785
accept: */*

Response DefaultHttpResponse(decodeResult: success, version: HTTP/1.1)
HTTP/1.1 200 OK
Content-Type: application/json; charset=utf-8
cache-control: no-cache
content-length: 14

14:17:11.045 [AsyncHttpClient-1-2] DEBUG org.asynchttpclient.netty.channel.ChannelManager - Adding key: http://localhost:55785 for channel [id: 0xd4c7727e, L:/127.0.0.1:60636 - R:localhost/127.0.0.1:55785]
14:17:11.061 [main] DEBUG net.thucydides.core.steps.StepInterceptor - STEP DONE: login
  &amp#27;[32mGiven &amp#27;[0m&amp#27;[32mthe user enters the username &amp#27;[0m&amp#27;[32m&amp#27;[1mmngr39879&amp#27;[0m&amp#27;[32m and password &amp#27;[0m&amp#27;[32m&amp#27;[1mmngr398793&amp#27;[0m &amp#27;[90m# cucumber.LoginStepDefs.the_user_enters_the_username_and_password(java.lang.String,java.lang.String)&amp#27;[0m
14:17:11.109 [main] DEBUG net.thucydides.core.steps.StepInterceptor - STARTING STEP: CommonStepDefs.the_user_is_at_page - isAt
14:17:11.112 [main] DEBUG net.thucydides.core.steps.StepInterceptor - STEP DONE: isAt
[...]
14:17:31.711 [AsyncHttpClient-1-5] DEBUG org.asynchttpclient.netty.handler.HttpHandler - 

Request DefaultHttpRequest(decodeResult: success, version: HTTP/1.1)
POST /session/0e80b72b9fcaa19cc6c0adba6b69ac46/timeouts HTTP/1.1
User-Agent: selenium/4.1.3 (java windows)
Content-Length: 22
Content-Type: application/json; charset=utf-8
host: localhost:55337
accept: */*

Response DefaultHttpResponse(decodeResult: success, version: HTTP/1.1)
HTTP/1.1 200 OK
Content-Type: application/json; charset=utf-8
cache-control: no-cache
content-length: 14

14:17:31.712 [AsyncHttpClient-1-5] DEBUG org.asynchttpclient.netty.channel.ChannelManager - Adding key: http://localhost:55337 for channel [id: 0xc8083c05, L:/127.0.0.1:60703 - R:localhost/127.0.0.1:55337]
14:17:31.719 [Forwarding isElementDisplayed on session 0e80b72b9fcaa19cc6c0adba6b69ac46 to remote] DEBUG org.asynchttpclient.netty.request.NettyRequestSender - Using pooled Channel '[id: 0xc8083c05, L:/127.0.0.1:60703 - R:localhost/127.0.0.1:55337]' for 'POST' to 'http://localhost:55337/session/0e80b72b9fcaa19cc6c0adba6b69ac46/execute/sync'
14:17:31.719 [Forwarding isElementDisplayed on session 0e80b72b9fcaa19cc6c0adba6b69ac46 to remote] DEBUG org.asynchttpclient.netty.request.NettyRequestSender - Using open Channel [id: 0xc8083c05, L:/127.0.0.1:60703 - R:localhost/127.0.0.1:55337] for POST '/session/0e80b72b9fcaa19cc6c0adba6b69ac46/execute/sync'
14:17:31.740 [AsyncHttpClient-1-5] DEBUG org.asynchttpclient.netty.handler.HttpHandler - 

Request DefaultHttpRequest(decodeResult: success, version: HTTP/1.1)
POST /session/0e80b72b9fcaa19cc6c0adba6b69ac46/execute/sync HTTP/1.1
User-Agent: selenium/4.1.3 (java windows)
Content-Length: 48780
Content-Type: application/json; charset=utf-8
host: localhost:55337
accept: */*

Response DefaultHttpResponse(decodeResult: success, version: HTTP/1.1)
HTTP/1.1 200 OK
Content-Type: application/json; charset=utf-8
cache-control: no-cache
content-length: 14

14:17:31.740 [AsyncHttpClient-1-5] DEBUG org.asynchttpclient.netty.channel.ChannelManager - Adding key: http://localhost:55337 for channel [id: 0xc8083c05, L:/127.0.0.1:60703 - R:localhost/127.0.0.1:55337]
14:17:31.745 [Forwarding getElementTagName on session 0e80b72b9fcaa19cc6c0adba6b69ac46 to remote] DEBUG org.asynchttpclient.netty.request.NettyRequestSender - Using pooled Channel '[id: 0xc8083c05, L:/127.0.0.1:60703 - R:localhost/127.0.0.1:55337]' for 'GET' to 'http://localhost:55337/session/0e80b72b9fcaa19cc6c0adba6b69ac46/element/4636e943-3ca7-48a8-9260-0ef7099e627e/name'
14:17:31.745 [Forwarding getElementTagName on session 0e80b72b9fcaa19cc6c0adba6b69ac46 to remote] DEBUG org.asynchttpclient.netty.request.NettyRequestSender - Using open Channel [id: 0xc8083c05, L:/127.0.0.1:60703 - R:localhost/127.0.0.1:55337] for GET '/session/0e80b72b9fcaa19cc6c0adba6b69ac46/element/4636e943-3ca7-48a8-9260-0ef7099e627e/name'
14:17:31.751 [AsyncHttpClient-1-5] DEBUG org.asynchttpclient.netty.handler.HttpHandler - 

Request DefaultFullHttpRequest(decodeResult: success, version: HTTP/1.1, content: EmptyByteBufBE)
GET /session/0e80b72b9fcaa19cc6c0adba6b69ac46/element/4636e943-3ca7-48a8-9260-0ef7099e627e/name HTTP/1.1
User-Agent: selenium/4.1.3 (java windows)
Cache-Control: no-cache
Content-Type: application/json; charset=utf-8
host: localhost:55337
accept: */*

Response DefaultHttpResponse(decodeResult: success, version: HTTP/1.1)
HTTP/1.1 200 OK
Content-Type: application/json; charset=utf-8
cache-control: no-cache
content-length: 17

14:17:31.751 [AsyncHttpClient-1-5] DEBUG org.asynchttpclient.netty.channel.ChannelManager - Adding key: http://localhost:55337 for channel [id: 0xc8083c05, L:/127.0.0.1:60703 - R:localhost/127.0.0.1:55337]
14:17:31.754 [Forwarding getElementTagName on session 0e80b72b9fcaa19cc6c0adba6b69ac46 to remote] DEBUG org.asynchttpclient.netty.request.NettyRequestSender - Using pooled Channel '[id: 0xc8083c05, L:/127.0.0.1:60703 - R:localhost/127.0.0.1:55337]' for 'GET' to 'http://localhost:55337/session/0e80b72b9fcaa19cc6c0adba6b69ac46/element/4636e943-3ca7-48a8-9260-0ef7099e627e/name'
14:17:31.754 [Forwarding getElementTagName on session 0e80b72b9fcaa19cc6c0adba6b69ac46 to remote] DEBUG org.asynchttpclient.netty.request.NettyRequestSender - Using open Channel [id: 0xc8083c05, L:/127.0.0.1:60703 - R:localhost/127.0.0.1:55337] for GET '/session/0e80b72b9fcaa19cc6c0adba6b69ac46/element/4636e943-3ca7-48a8-9260-0ef7099e627e/name'
14:17:31.758 [AsyncHttpClient-1-5] DEBUG org.asynchttpclient.netty.handler.HttpHandler - 

Request DefaultFullHttpRequest(decodeResult: success, version: HTTP/1.1, content: EmptyByteBufBE)
GET /session/0e80b72b9fcaa19cc6c0adba6b69ac46/element/4636e943-3ca7-48a8-9260-0ef7099e627e/name HTTP/1.1
User-Agent: selenium/4.1.3 (java windows)
Cache-Control: no-cache
Content-Type: application/json; charset=utf-8
host: localhost:55337
accept: */*

Response DefaultHttpResponse(decodeResult: success, version: HTTP/1.1)
HTTP/1.1 200 OK
Content-Type: application/json; charset=utf-8
cache-control: no-cache
content-length: 17

14:17:31.759 [AsyncHttpClient-1-5] DEBUG org.asynchttpclient.netty.channel.ChannelManager - Adding key: http://localhost:55337 for channel [id: 0xc8083c05, L:/127.0.0.1:60703 - R:localhost/127.0.0.1:55337]
14:17:31.763 [Forwarding isElementEnabled on session 0e80b72b9fcaa19cc6c0adba6b69ac46 to remote] DEBUG org.asynchttpclient.netty.request.NettyRequestSender - Using pooled Channel '[id: 0xc8083c05, L:/127.0.0.1:60703 - R:localhost/127.0.0.1:55337]' for 'GET' to 'http://localhost:55337/session/0e80b72b9fcaa19cc6c0adba6b69ac46/element/4636e943-3ca7-48a8-9260-0ef7099e627e/enabled'
14:17:31.763 [Forwarding isElementEnabled on session 0e80b72b9fcaa19cc6c0adba6b69ac46 to remote] DEBUG org.asynchttpclient.netty.request.NettyRequestSender - Using open Channel [id: 0xc8083c05, L:/127.0.0.1:60703 - R:localhost/127.0.0.1:55337] for GET '/session/0e80b72b9fcaa19cc6c0adba6b69ac46/element/4636e943-3ca7-48a8-9260-0ef7099e627e/enabled'
14:17:31.774 [AsyncHttpClient-1-5] DEBUG org.asynchttpclient.netty.handler.HttpHandler - 

Request DefaultFullHttpRequest(decodeResult: success, version: HTTP/1.1, content: EmptyByteBufBE)
GET /session/0e80b72b9fcaa19cc6c0adba6b69ac46/element/4636e943-3ca7-48a8-9260-0ef7099e627e/enabled HTTP/1.1
User-Agent: selenium/4.1.3 (java windows)
Cache-Control: no-cache
Content-Type: application/json; charset=utf-8
host: localhost:55337
accept: */*

Response DefaultHttpResponse(decodeResult: success, version: HTTP/1.1)
HTTP/1.1 200 OK
Content-Type: application/json; charset=utf-8
cache-control: no-cache
content-length: 14

14:17:31.775 [AsyncHttpClient-1-5] DEBUG org.asynchttpclient.netty.channel.ChannelManager - Adding key: http://localhost:55337 for channel [id: 0xc8083c05, L:/127.0.0.1:60703 - R:localhost/127.0.0.1:55337]
14:17:31.777 [Forwarding isElementEnabled on session 0e80b72b9fcaa19cc6c0adba6b69ac46 to remote] DEBUG org.asynchttpclient.netty.request.NettyRequestSender - Using pooled Channel '[id: 0xc8083c05, L:/127.0.0.1:60703 - R:localhost/127.0.0.1:55337]' for 'GET' to 'http://localhost:55337/session/0e80b72b9fcaa19cc6c0adba6b69ac46/element/4636e943-3ca7-48a8-9260-0ef7099e627e/enabled'
14:17:31.777 [Forwarding isElementEnabled on session 0e80b72b9fcaa19cc6c0adba6b69ac46 to remote] DEBUG org.asynchttpclient.netty.request.NettyRequestSender - Using open Channel [id: 0xc8083c05, L:/127.0.0.1:60703 - R:localhost/127.0.0.1:55337] for GET '/session/0e80b72b9fcaa19cc6c0adba6b69ac46/element/4636e943-3ca7-48a8-9260-0ef7099e627e/enabled'
14:17:31.787 [AsyncHttpClient-1-5] DEBUG org.asynchttpclient.netty.handler.HttpHandler - 

Request DefaultFullHttpRequest(decodeResult: success, version: HTTP/1.1, content: EmptyByteBufBE)
GET /session/0e80b72b9fcaa19cc6c0adba6b69ac46/element/4636e943-3ca7-48a8-9260-0ef7099e627e/enabled HTTP/1.1
User-Agent: selenium/4.1.3 (java windows)
Cache-Control: no-cache
Content-Type: application/json; charset=utf-8
host: localhost:55337
accept: */*

Response DefaultHttpResponse(decodeResult: success, version: HTTP/1.1)
HTTP/1.1 200 OK
Content-Type: application/json; charset=utf-8
cache-control: no-cache
content-length: 14

14:17:31.787 [AsyncHttpClient-1-5] DEBUG org.asynchttpclient.netty.channel.ChannelManager - Adding key: http://localhost:55337 for channel [id: 0xc8083c05, L:/127.0.0.1:60703 - R:localhost/127.0.0.1:55337]
14:17:31.789 [Forwarding clickElement on session 0e80b72b9fcaa19cc6c0adba6b69ac46 to remote] DEBUG org.asynchttpclient.netty.request.NettyRequestSender - Using pooled Channel '[id: 0xc8083c05, L:/127.0.0.1:60703 - R:localhost/127.0.0.1:55337]' for 'POST' to 'http://localhost:55337/session/0e80b72b9fcaa19cc6c0adba6b69ac46/element/4636e943-3ca7-48a8-9260-0ef7099e627e/click'
14:17:31.789 [Forwarding clickElement on session 0e80b72b9fcaa19cc6c0adba6b69ac46 to remote] DEBUG org.asynchttpclient.netty.request.NettyRequestSender - Using open Channel [id: 0xc8083c05, L:/127.0.0.1:60703 - R:localhost/127.0.0.1:55337] for POST '/session/0e80b72b9fcaa19cc6c0adba6b69ac46/element/4636e943-3ca7-48a8-9260-0ef7099e627e/click'
14:17:31.902 [AsyncHttpClient-1-1] DEBUG org.asynchttpclient.netty.channel.DefaultChannelPool - Entry count for : http://localhost:60704 : 1
14:17:32.167 [AsyncHttpClient-1-5] DEBUG org.asynchttpclient.netty.handler.HttpHandler - 

Request DefaultHttpRequest(decodeResult: success, version: HTTP/1.1)
POST /session/0e80b72b9fcaa19cc6c0adba6b69ac46/element/4636e943-3ca7-48a8-9260-0ef7099e627e/click HTTP/1.1
User-Agent: selenium/4.1.3 (java windows)
Content-Length: 50
Content-Type: application/json; charset=utf-8
host: localhost:55337
accept: */*

Response DefaultHttpResponse(decodeResult: success, version: HTTP/1.1)
HTTP/1.1 200 OK
Content-Type: application/json; charset=utf-8
cache-control: no-cache
content-length: 14

14:17:32.167 [AsyncHttpClient-1-5] DEBUG org.asynchttpclient.netty.channel.ChannelManager - Adding key: http://localhost:55337 for channel [id: 0xc8083c05, L:/127.0.0.1:60703 - R:localhost/127.0.0.1:55337]
14:17:32.172 [main] DEBUG net.thucydides.core.steps.StepInterceptor - STEP DONE: login
  &amp#27;[32mGiven &amp#27;[0m&amp#27;[32mthe user enters the username &amp#27;[0m&amp#27;[32m&amp#27;[1mmngr398793&amp#27;[0m&amp#27;[32m and password &amp#27;[0m&amp#27;[32m&amp#27;[1mj&amp#27;[0m &amp#27;[90m# cucumber.LoginStepDefs.the_user_enters_the_username_and_password(java.lang.String,java.lang.String)&amp#27;[0m
14:17:32.184 [main] DEBUG net.thucydides.core.steps.StepInterceptor - STARTING STEP: LoginStepDefs.the_error_message_user_is_not_valid_is_displayed - checkInvalid
14:17:32.185 [Forwarding getAlertText on session 0e80b72b9fcaa19cc6c0adba6b69ac46 to remote] DEBUG org.asynchttpclient.netty.request.NettyRequestSender - Using pooled Channel '[id: 0xc8083c05, L:/127.0.0.1:60703 - R:localhost/127.0.0.1:55337]' for 'GET' to 'http://localhost:55337/session/0e80b72b9fcaa19cc6c0adba6b69ac46/alert/text'
14:17:32.185 [Forwarding getAlertText on session 0e80b72b9fcaa19cc6c0adba6b69ac46 to remote] DEBUG org.asynchttpclient.netty.request.NettyRequestSender - Using open Channel [id: 0xc8083c05, L:/127.0.0.1:60703 - R:localhost/127.0.0.1:55337] for GET '/session/0e80b72b9fcaa19cc6c0adba6b69ac46/alert/text'
14:17:32.187 [AsyncHttpClient-1-5] DEBUG org.asynchttpclient.netty.handler.HttpHandler - 

Request DefaultFullHttpRequest(decodeResult: success, version: HTTP/1.1, content: EmptyByteBufBE)
GET /session/0e80b72b9fcaa19cc6c0adba6b69ac46/alert/text HTTP/1.1
User-Agent: selenium/4.1.3 (java windows)
Cache-Control: no-cache
Content-Type: application/json; charset=utf-8
host: localhost:55337
accept: */*

Response DefaultHttpResponse(decodeResult: success, version: HTTP/1.1)
HTTP/1.1 200 OK
Content-Type: application/json; charset=utf-8
cache-control: no-cache
content-length: 29

14:17:32.187 [AsyncHttpClient-1-5] DEBUG org.asynchttpclient.netty.channel.ChannelManager - Adding key: http://localhost:55337 for channel [id: 0xc8083c05, L:/127.0.0.1:60703 - R:localhost/127.0.0.1:55337]
14:17:32.189 [Forwarding getAlertText on session 0e80b72b9fcaa19cc6c0adba6b69ac46 to remote] DEBUG org.asynchttpclient.netty.request.NettyRequestSender - Using pooled Channel '[id: 0xc8083c05, L:/127.0.0.1:60703 - R:localhost/127.0.0.1:55337]' for 'GET' to 'http://localhost:55337/session/0e80b72b9fcaa19cc6c0adba6b69ac46/alert/text'
14:17:32.189 [Forwarding getAlertText on session 0e80b72b9fcaa19cc6c0adba6b69ac46 to remote] DEBUG org.asynchttpclient.netty.request.NettyRequestSender - Using open Channel [id: 0xc8083c05, L:/127.0.0.1:60703 - R:localhost/127.0.0.1:55337] for GET '/session/0e80b72b9fcaa19cc6c0adba6b69ac46/alert/text'
14:17:32.190 [AsyncHttpClient-1-5] DEBUG org.asynchttpclient.netty.handler.HttpHandler - 

Request DefaultFullHttpRequest(decodeResult: success, version: HTTP/1.1, content: EmptyByteBufBE)
GET /session/0e80b72b9fcaa19cc6c0adba6b69ac46/alert/text HTTP/1.1
User-Agent: selenium/4.1.3 (java windows)
Cache-Control: no-cache
Content-Type: application/json; charset=utf-8
host: localhost:55337
accept: */*

Response DefaultHttpResponse(decodeResult: success, version: HTTP/1.1)
HTTP/1.1 200 OK
Content-Type: application/json; charset=utf-8
cache-control: no-cache
content-length: 29

14:17:32.191 [AsyncHttpClient-1-5] DEBUG org.asynchttpclient.netty.channel.ChannelManager - Adding key: http://localhost:55337 for channel [id: 0xc8083c05, L:/127.0.0.1:60703 - R:localhost/127.0.0.1:55337]
14:17:32.194 [main] DEBUG net.thucydides.core.steps.StepInterceptor - STEP DONE: checkInvalid
  &amp#27;[31mThen &amp#27;[0m&amp#27;[31mthe error message &amp#27;[0m&amp#27;[31m&amp#27;[1m'User is wrong'&amp#27;[0m&amp#27;[31m is displayed&amp#27;[0m          &amp#27;[90m# cucumber.LoginStepDefs.the_error_message_user_is_not_valid_is_displayed(java.lang.String)&amp#27;[0m
      &amp#27;[31mjava.lang.AssertionError: The User is wrongis wrong
	at org.hamcrest.MatcherAssert.assertThat(MatcherAssert.java:26)
	at cucumber.LoginStepDefs.the_error_message_user_is_not_valid_is_displayed(LoginStepDefs.java:27)
	at âœ½.the error message 'User is wrong' is displayed(file:///D:/Pratice/serenity_homework/src/test/resources/features.login/login_unsuccess.feature:6)
&amp#27;[0m
14:17:32.211 [Forwarding screenshot on session 0e80b72b9fcaa19cc6c0adba6b69ac46 to remote] DEBUG org.asynchttpclient.netty.request.NettyRequestSender - Using pooled Channel '[id: 0xc8083c05, L:/127.0.0.1:60703 - R:localhost/127.0.0.1:55337]' for 'GET' to 'http://localhost:55337/session/0e80b72b9fcaa19cc6c0adba6b69ac46/screenshot'
14:17:32.211 [Forwarding screenshot on session 0e80b72b9fcaa19cc6c0adba6b69ac46 to remote] DEBUG org.asynchttpclient.netty.request.NettyRequestSender - Using open Channel [id: 0xc8083c05, L:/127.0.0.1:60703 - R:localhost/127.0.0.1:55337] for GET '/session/0e80b72b9fcaa19cc6c0adba6b69ac46/screenshot'
14:17:32.214 [AsyncHttpClient-1-5] DEBUG org.asynchttpclient.netty.handler.HttpHandler - 

Request DefaultFullHttpRequest(decodeResult: success, version: HTTP/1.1, content: EmptyByteBufBE)
GET /session/0e80b72b9fcaa19cc6c0adba6b69ac46/screenshot HTTP/1.1
User-Agent: selenium/4.1.3 (java windows)
Cache-Control: no-cache
Content-Type: application/json; charset=utf-8
host: localhost:55337
accept: */*

Response DefaultHttpResponse(decodeResult: success, version: HTTP/1.1)
HTTP/1.1 500 Internal Server Error
Content-Type: application/json; charset=utf-8
cache-control: no-cache
content-length: 888

14:17:32.215 [AsyncHttpClient-1-5] DEBUG org.asynchttpclient.netty.channel.ChannelManager - Adding key: http://localhost:55337 for channel [id: 0xc8083c05, L:/127.0.0.1:60703 - R:localhost/127.0.0.1:55337]
14:17:32.218 [main] WARN net.thucydides.core.webdriver.WebDriverFacade - Failed to take screenshot (unexpected alert open: {Alert text : User is not valid}
  (Session info: chrome=100.0.4896.88): User is not valid
Build info: version: '4.1.3', revision: '7b1ebf28ef'
System info: host: 'LAPDELL-0226', ip: '192.168.137.230', os.name: 'Windows 10', os.arch: 'amd64', os.version: '10.0', java.version: '1.8.0_321'
Driver info: org.openqa.selenium.chrome.ChromeDriver
Command: [0e80b72b9fcaa19cc6c0adba6b69ac46, screenshot {}]
Capabilities {acceptInsecureCerts: false, browserName: chrome, browserVersion: 100.0.4896.88, chrome: {chromedriverVersion: 100.0.4896.60 (6a5d10861ce8..., userDataDir: C:\Users\DUNG~1.NGU\AppData...}, goog:chromeOptions: {debuggerAddress: localhost:60704}, javascriptEnabled: true, networkConnectionEnabled: false, pageLoadStrategy: normal, platform: WINDOWS, platformName: WINDOWS, proxy: Proxy(), se:cdp: ws://localhost:60704/devtoo..., se:cdpVersion: 100.0.4896.88, setWindowRect: true, strictFileInteractability: false, timeouts: {implicit: 0, pageLoad: 300000, script: 30000}, unhandledPromptBehavior: dismiss and notify, webauthn:extension:credBlob: true, webauthn:extension:largeBlob: true, webauthn:virtualAuthenticators: true}
Session ID: 0e80b72b9fcaa19cc6c0adba6b69ac46)
14:17:32.220 [Forwarding getPageSource on session 0e80b72b9fcaa19cc6c0adba6b69ac46 to remote] DEBUG org.asynchttpclient.netty.request.NettyRequestSender - Using pooled Channel '[id: 0xc8083c05, L:/127.0.0.1:60703 - R:localhost/127.0.0.1:55337]' for 'POST' to 'http://localhost:55337/session/0e80b72b9fcaa19cc6c0adba6b69ac46/execute/sync'
14:17:32.220 [Forwarding getPageSource on session 0e80b72b9fcaa19cc6c0adba6b69ac46 to remote] DEBUG org.asynchttpclient.netty.request.NettyRequestSender - Using open Channel [id: 0xc8083c05, L:/127.0.0.1:60703 - R:localhost/127.0.0.1:55337] for POST '/session/0e80b72b9fcaa19cc6c0adba6b69ac46/execute/sync'
14:17:32.999 [AsyncHttpClient-1-1] DEBUG org.asynchttpclient.netty.channel.DefaultChannelPool - Entry count for : http://localhost:60704 : 1
14:17:33.185 [AsyncHttpClient-1-5] DEBUG org.asynchttpclient.netty.handler.HttpHandler - 

Request DefaultHttpRequest(decodeResult: success, version: HTTP/1.1)
POST /session/0e80b72b9fcaa19cc6c0adba6b69ac46/execute/sync HTTP/1.1
User-Agent: selenium/4.1.3 (java windows)
Content-Length: 176
Content-Type: application/json; charset=utf-8
host: localhost:55337
accept: */*

Response DefaultHttpResponse(decodeResult: success, version: HTTP/1.1)
HTTP/1.1 200 OK
Content-Type: application/json; charset=utf-8
cache-control: no-cache
content-length: 20755

14:17:33.186 [AsyncHttpClient-1-5] DEBUG org.asynchttpclient.netty.channel.ChannelManager - Adding key: http://localhost:55337 for channel [id: 0xc8083c05, L:/127.0.0.1:60703 - R:localhost/127.0.0.1:55337]
14:17:33.204 [Forwarding getCurrentUrl on session 0e80b72b9fcaa19cc6c0adba6b69ac46 to remote] DEBUG org.asynchttpclient.netty.request.NettyRequestSender - Using pooled Channel '[id: 0xc8083c05, L:/127.0.0.1:60703 - R:localhost/127.0.0.1:55337]' for 'GET' to 'http://localhost:55337/session/0e80b72b9fcaa19cc6c0adba6b69ac46/url'
14:17:33.204 [Forwarding getCurrentUrl on session 0e80b72b9fcaa19cc6c0adba6b69ac46 to remote] DEBUG org.asynchttpclient.netty.request.NettyRequestSender - Using open Channel [id: 0xc8083c05, L:/127.0.0.1:60703 - R:localhost/127.0.0.1:55337] for GET '/session/0e80b72b9fcaa19cc6c0adba6b69ac46/url'
14:17:33.210 [AsyncHttpClient-1-5] DEBUG org.asynchttpclient.netty.handler.HttpHandler - 

Request DefaultFullHttpRequest(decodeResult: success, version: HTTP/1.1, content: EmptyByteBufBE)
GET /session/0e80b72b9fcaa19cc6c0adba6b69ac46/url HTTP/1.1
User-Agent: selenium/4.1.3 (java windows)
Cache-Control: no-cache
Content-Type: application/json; charset=utf-8
host: localhost:55337
accept: */*

Response DefaultHttpResponse(decodeResult: success, version: HTTP/1.1)
HTTP/1.1 200 OK
Content-Type: application/json; charset=utf-8
cache-control: no-cache
content-length: 61

14:17:33.210 [AsyncHttpClient-1-5] DEBUG org.asynchttpclient.netty.channel.ChannelManager - Adding key: http://localhost:55337 for channel [id: 0xc8083c05, L:/127.0.0.1:60703 - R:localhost/127.0.0.1:55337]
]]></system-out>
  </testcase>
</testsuite>