<?xml version="1.0" encoding="UTF-8"?>
<testsuite xmlns:xsi="http://www.w3.org/2001/XMLSchema-instance" xsi:noNamespaceSchemaLocation="https://maven.apache.org/surefire/maven-failsafe-plugin/xsd/failsafe-test-report-3.0.xsd" version="3.0" name="runners.Runner" time="155.429" tests="5" errors="1" skipped="0" failures="0">
  <properties>
[...]
</properties>
  <testcase name="user login successful" classname="user login to the page successful" time="57.527">
    <error message="Timed out after 2 seconds. Element not found&#10;For documentation on this error, please visit: https://selenium.dev/exceptions/#no_such_element&#10;Build info: version: &apos;4.1.3&apos;, revision: &apos;7b1ebf28ef&apos;&#10;System info: host: &apos;LAPDELL-0226&apos;, ip: &apos;172.17.19.76&apos;, os.name: &apos;Windows 10&apos;, os.arch: &apos;amd64&apos;, os.version: &apos;10.0&apos;, java.version: &apos;1.8.0_321&apos;&#10;Driver info: driver.version: unknown" type="org.openqa.selenium.NoSuchElementException"><![CDATA[org.openqa.selenium.NoSuchElementException: 
Timed out after 2 seconds. Element not found
For documentation on this error, please visit: https://selenium.dev/exceptions/#no_such_element
Build info: version: '4.1.3', revision: '7b1ebf28ef'
System info: host: 'LAPDELL-0226', ip: '172.17.19.76', os.name: 'Windows 10', os.arch: 'amd64', os.version: '10.0', java.version: '1.8.0_321'
Driver info: driver.version: unknown
]]></error>
    <system-out><![CDATA[12:07:05.167 [main] INFO io.cucumber.core.plugin.SerenityReporter - Running feature from file:///D:/Pratice/serenity_homework/src/test/resources/features.login/login_sucess.feature
12:07:05.170 [main] WARN io.cucumber.core.plugin.SerenityReporter - Feature from file:///D:/Pratice/serenity_homework/src/test/resources/features.login/login_sucess.feature is not under the 'features' directory. Requirements report will not be correctly generated!
12:07:05.309 [main] INFO  - &amp#27;[96m

-------------------------------------------------------------------------------------
     _______. _______ .______       _______ .__   __.  __  .___________.____    ____ 
    /       ||   ____||   _  \     |   ____||  \ |  | |  | |           |\   \  /   / 
   |   (----`|  |__   |  |_)  |    |  |__   |   \|  | |  | `---|  |----` \   \/   /  
    \   \    |   __|  |      /     |   __|  |  . `  | |  |     |  |       \_    _/   
.----)   |   |  |____ |  |\  \----.|  |____ |  |\   | |  |     |  |         |  |     
|_______/    |_______|| _| `._____||_______||__| \__| |__|     |__|         |__|    
                                                                                     
 News and tutorials at http://www.serenity-bdd.info                                  
 Documentation at https://wakaleo.gitbooks.io/the-serenity-book/content/             
 Join the Serenity Community on Gitter: https://gitter.im/serenity-bdd/serenity-core 
 Serenity BDD Support and Training at http://serenity-bdd.info/#/trainingandsupport  
-------------------------------------------------------------------------------------
&amp#27;[0m
12:07:05.311 [main] DEBUG net.thucydides.core.steps.StepEventBus - Test suite started for story net.thucydides.core.model.Story@b5de0373
12:07:05.313 [main] INFO  - Test Suite Started: user login to the page successful
12:07:05.324 [main] INFO io.cucumber.core.plugin.SerenityReporter - Running feature from file:///D:/Pratice/serenity_homework/src/test/resources/features.login/login_unsuccess.feature
12:07:05.325 [main] WARN io.cucumber.core.plugin.SerenityReporter - Feature from file:///D:/Pratice/serenity_homework/src/test/resources/features.login/login_unsuccess.feature is not under the 'features' directory. Requirements report will not be correctly generated!
12:07:05.330 [main] DEBUG net.thucydides.core.steps.StepEventBus - Test suite started for story net.thucydides.core.model.Story@d30bc052
12:07:05.330 [main] INFO  - Test Suite Started: user login to the page unsuccessful
12:07:05.330 [main] INFO io.cucumber.core.plugin.SerenityReporter - Running feature from file:///D:/Pratice/serenity_homework/src/test/resources/features.login/login_sucess.feature
12:07:05.330 [main] WARN io.cucumber.core.plugin.SerenityReporter - Feature from file:///D:/Pratice/serenity_homework/src/test/resources/features.login/login_sucess.feature is not under the 'features' directory. Requirements report will not be correctly generated!
12:07:05.332 [main] DEBUG net.thucydides.core.steps.StepEventBus - Test suite started for story net.thucydides.core.model.Story@b5de0373
12:07:05.333 [main] INFO  - Test Suite Started: user login to the page successful

@unit123
Scenario Outline: user login successful                              &amp#27;[90m# src/test/resources/features.login/login_sucess.feature:9&amp#27;[0m
12:07:05.402 [main] INFO io.cucumber.core.plugin.SerenityReporter - Running feature from file:///D:/Pratice/serenity_homework/src/test/resources/features.login/login_sucess.feature
12:07:05.402 [main] WARN io.cucumber.core.plugin.SerenityReporter - Feature from file:///D:/Pratice/serenity_homework/src/test/resources/features.login/login_sucess.feature is not under the 'features' directory. Requirements report will not be correctly generated!
12:07:05.506 [main] INFO  - 
  _____   ___   ___   _____     ___   _____     _     ___   _____   ___   ___  
 |_   _| | __| / __| |_   _|   / __| |_   _|   /_\   | _ \ |_   _| | __| |   \ 
   | |   | _|  \__ \   | |     \__ \   | |    / _ \  |   /   | |   | _|  | |) |
   |_|   |___| |___/   |_|     |___/   |_|   /_/ \_\ |_|_\   |_|   |___| |___/ 

user login successful(user-login-to-the-page-successful;user-login-successful)
--------------------------------------------------------------------------------
12:07:06.120 [main] DEBUG io.github.bonigarcia.wdm.cache.ResolutionCache - Resolution chrome=101 in cache (valid until 12:13:55 09/05/2022 ICT)
12:07:06.121 [main] DEBUG io.github.bonigarcia.wdm.cache.ResolutionCache - Resolution chrome101=101.0.4951.41 in cache (valid until 22:55:19 09/05/2022 ICT)
12:07:06.122 [main] INFO io.github.bonigarcia.wdm.WebDriverManager - Using chromedriver 101.0.4951.41 (resolved driver for Chrome 101)
12:07:06.140 [main] DEBUG io.github.bonigarcia.wdm.WebDriverManager - Driver chromedriver 101.0.4951.41 found in cache
12:07:06.141 [main] INFO io.github.bonigarcia.wdm.WebDriverManager - Exporting webdriver.chrome.driver as C:\Users\dung.nguyenanh\.cache\selenium\chromedriver\win32\101.0.4951.41\chromedriver.exe
12:07:06.538 [main] DEBUG net.thucydides.core.reflection.ClassFinder - Could not load class .cucumber.CommonStepDefs
12:07:06.538 [main] DEBUG net.thucydides.core.reflection.ClassFinder - Could not load class .cucumber.HomeStepDefs
12:07:06.538 [main] DEBUG net.thucydides.core.reflection.ClassFinder - Could not load class .cucumber.Hooks
12:07:06.538 [main] DEBUG net.thucydides.core.reflection.ClassFinder - Could not load class .cucumber.LoginStepDefs
12:07:06.538 [main] DEBUG net.thucydides.core.reflection.ClassFinder - Could not load class .pages.HomePage
12:07:06.538 [main] DEBUG net.thucydides.core.reflection.ClassFinder - Could not load class .pages.LoginPage
12:07:06.538 [main] DEBUG net.thucydides.core.reflection.ClassFinder - Could not load class .runners.Runner
12:07:06.538 [main] DEBUG net.thucydides.core.reflection.ClassFinder - Could not load class .runners.UnitTestRunner
12:07:06.539 [main] DEBUG net.thucydides.core.reflection.ClassFinder - Could not load class .serenity.CommonStepLibraries
12:07:06.539 [main] DEBUG net.thucydides.core.reflection.ClassFinder - Could not load class .serenity.HomeStepLibraries
12:07:06.539 [main] DEBUG net.thucydides.core.reflection.ClassFinder - Could not load class .serenity.LoginStepLibraries
12:07:06.539 [main] DEBUG net.thucydides.core.reflection.ClassFinder - Could not load class .serenity.test
12:07:06.976 [main] DEBUG io.netty.util.internal.logging.InternalLoggerFactory - Using SLF4J as the default logging framework
12:07:06.978 [main] DEBUG io.netty.util.ResourceLeakDetector - -Dio.netty.leakDetection.level: simple
12:07:06.978 [main] DEBUG io.netty.util.ResourceLeakDetector - -Dio.netty.leakDetection.targetRecords: 4
12:07:06.982 [main] DEBUG io.netty.util.ResourceLeakDetectorFactory - Loaded default ResourceLeakDetector: io.netty.util.ResourceLeakDetector@5de6cf3a
12:07:06.995 [main] DEBUG io.netty.util.internal.PlatformDependent0 - -Dio.netty.noUnsafe: false
12:07:06.995 [main] DEBUG io.netty.util.internal.PlatformDependent0 - Java version: 8
12:07:06.996 [main] DEBUG io.netty.util.internal.PlatformDependent0 - sun.misc.Unsafe.theUnsafe: available
12:07:06.996 [main] DEBUG io.netty.util.internal.PlatformDependent0 - sun.misc.Unsafe.copyMemory: available
12:07:06.998 [main] DEBUG io.netty.util.internal.PlatformDependent0 - java.nio.Buffer.address: available
12:07:06.998 [main] DEBUG io.netty.util.internal.PlatformDependent0 - direct buffer constructor: available
12:07:06.999 [main] DEBUG io.netty.util.internal.PlatformDependent0 - java.nio.Bits.unaligned: available, true
12:07:06.999 [main] DEBUG io.netty.util.internal.PlatformDependent0 - jdk.internal.misc.Unsafe.allocateUninitializedArray(int): unavailable prior to Java9
12:07:06.999 [main] DEBUG io.netty.util.internal.PlatformDependent0 - java.nio.DirectByteBuffer.<init>(long, int): available
12:07:06.999 [main] DEBUG io.netty.util.internal.PlatformDependent - sun.misc.Unsafe: available
12:07:06.999 [main] DEBUG io.netty.util.internal.PlatformDependent - -Dio.netty.tmpdir: C:\Users\DUNG~1.NGU\AppData\Local\Temp (java.io.tmpdir)
12:07:07.000 [main] DEBUG io.netty.util.internal.PlatformDependent - -Dio.netty.bitMode: 64 (sun.arch.data.model)
12:07:07.000 [main] DEBUG io.netty.util.internal.PlatformDependent - Platform: Windows
12:07:07.000 [main] DEBUG io.netty.util.internal.PlatformDependent - -Dio.netty.maxDirectMemory: 5667028992 bytes
12:07:07.000 [main] DEBUG io.netty.util.internal.PlatformDependent - -Dio.netty.uninitializedArrayAllocationThreshold: -1
12:07:07.001 [main] DEBUG io.netty.util.internal.CleanerJava6 - java.nio.ByteBuffer.cleaner(): available
12:07:07.001 [main] DEBUG io.netty.util.internal.PlatformDependent - -Dio.netty.noPreferDirect: false
12:07:07.007 [main] DEBUG io.netty.util.internal.PlatformDependent - org.jctools-core.MpscChunkedArrayQueue: available
12:07:07.023 [main] DEBUG io.netty.util.internal.InternalThreadLocalMap - -Dio.netty.threadLocalMap.stringBuilder.initialSize: 1024
12:07:07.023 [main] DEBUG io.netty.util.internal.InternalThreadLocalMap - -Dio.netty.threadLocalMap.stringBuilder.maxSize: 4096
12:07:07.044 [main] DEBUG io.netty.handler.ssl.JdkSslContext - Default protocols (JDK): [TLSv1.2] 
12:07:07.044 [main] DEBUG io.netty.handler.ssl.JdkSslContext - Default cipher suites (JDK): [TLS_ECDHE_ECDSA_WITH_AES_256_GCM_SHA384, TLS_ECDHE_ECDSA_WITH_AES_128_GCM_SHA256, TLS_ECDHE_RSA_WITH_AES_128_GCM_SHA256, TLS_ECDHE_RSA_WITH_AES_256_GCM_SHA384, TLS_ECDHE_RSA_WITH_AES_128_CBC_SHA, TLS_ECDHE_RSA_WITH_AES_256_CBC_SHA, TLS_RSA_WITH_AES_128_GCM_SHA256, TLS_RSA_WITH_AES_128_CBC_SHA, TLS_RSA_WITH_AES_256_CBC_SHA, TLS_AES_128_GCM_SHA256, TLS_AES_256_GCM_SHA384]
12:07:07.065 [main] DEBUG io.netty.channel.MultithreadEventLoopGroup - -Dio.netty.eventLoopThreads: 16
12:07:07.072 [main] DEBUG io.netty.channel.nio.NioEventLoop - -Dio.netty.noKeySetOptimization: false
12:07:07.072 [main] DEBUG io.netty.channel.nio.NioEventLoop - -Dio.netty.selectorAutoRebuildThreshold: 512
12:07:07.114 [main] DEBUG io.netty.buffer.PooledByteBufAllocator - -Dio.netty.allocator.numHeapArenas: 16
12:07:07.114 [main] DEBUG io.netty.buffer.PooledByteBufAllocator - -Dio.netty.allocator.numDirectArenas: 16
12:07:07.114 [main] DEBUG io.netty.buffer.PooledByteBufAllocator - -Dio.netty.allocator.pageSize: 8192
12:07:07.114 [main] DEBUG io.netty.buffer.PooledByteBufAllocator - -Dio.netty.allocator.maxOrder: 9
12:07:07.114 [main] DEBUG io.netty.buffer.PooledByteBufAllocator - -Dio.netty.allocator.chunkSize: 4194304
12:07:07.114 [main] DEBUG io.netty.buffer.PooledByteBufAllocator - -Dio.netty.allocator.smallCacheSize: 256
12:07:07.114 [main] DEBUG io.netty.buffer.PooledByteBufAllocator - -Dio.netty.allocator.normalCacheSize: 64
12:07:07.114 [main] DEBUG io.netty.buffer.PooledByteBufAllocator - -Dio.netty.allocator.maxCachedBufferCapacity: 32768
12:07:07.114 [main] DEBUG io.netty.buffer.PooledByteBufAllocator - -Dio.netty.allocator.cacheTrimInterval: 8192
12:07:07.114 [main] DEBUG io.netty.buffer.PooledByteBufAllocator - -Dio.netty.allocator.cacheTrimIntervalMillis: 0
12:07:07.114 [main] DEBUG io.netty.buffer.PooledByteBufAllocator - -Dio.netty.allocator.useCacheForAllThreads: false
12:07:07.114 [main] DEBUG io.netty.buffer.PooledByteBufAllocator - -Dio.netty.allocator.maxCachedByteBuffersPerChunk: 1023
12:07:07.123 [main] DEBUG io.netty.buffer.ByteBufUtil - -Dio.netty.allocator.type: pooled
12:07:07.123 [main] DEBUG io.netty.buffer.ByteBufUtil - -Dio.netty.threadLocalDirectBufferSize: 0
12:07:07.123 [main] DEBUG io.netty.buffer.ByteBufUtil - -Dio.netty.maxThreadLocalCharBufferSize: 16384
12:07:07.344 [Forwarding newSession on session null to remote] DEBUG io.netty.channel.DefaultChannelId - -Dio.netty.processId: 35512 (auto-detected)
12:07:07.346 [Forwarding newSession on session null to remote] DEBUG io.netty.util.NetUtil - -Djava.net.preferIPv4Stack: false
12:07:07.347 [Forwarding newSession on session null to remote] DEBUG io.netty.util.NetUtil - -Djava.net.preferIPv6Addresses: false
12:07:07.488 [Forwarding newSession on session null to remote] DEBUG io.netty.util.NetUtilInitializations - Loopback interface: lo (Software Loopback Interface 1, 127.0.0.1)
12:07:07.489 [Forwarding newSession on session null to remote] DEBUG io.netty.util.NetUtil - Failed to get SOMAXCONN from sysctl and file \proc\sys\net\core\somaxconn. Default: 200
12:07:07.675 [Forwarding newSession on session null to remote] DEBUG io.netty.channel.DefaultChannelId - -Dio.netty.machineId: bc:09:1b:ff:fe:5e:eb:29 (auto-detected)
12:07:07.799 [AsyncHttpClient-1-2] DEBUG io.netty.buffer.AbstractByteBuf - -Dio.netty.buffer.checkAccessible: true
12:07:07.800 [AsyncHttpClient-1-2] DEBUG io.netty.buffer.AbstractByteBuf - -Dio.netty.buffer.checkBounds: true
12:07:07.800 [AsyncHttpClient-1-2] DEBUG io.netty.util.ResourceLeakDetectorFactory - Loaded default ResourceLeakDetector: io.netty.util.ResourceLeakDetector@1a876a0c
12:07:08.355 [AsyncHttpClient-1-2] DEBUG org.asynchttpclient.netty.channel.NettyConnectListener - Using new Channel '[id: 0x0cfc242a, L:/172.17.19.76:58368 - R:hub-cloud.browserstack.com/173.234.104.3:80]' for 'POST' to '/wd/hub/session'
12:07:08.404 [AsyncHttpClient-1-2] DEBUG io.netty.util.Recycler - -Dio.netty.recycler.maxCapacityPerThread: 4096
12:07:08.404 [AsyncHttpClient-1-2] DEBUG io.netty.util.Recycler - -Dio.netty.recycler.ratio: 8
12:07:08.404 [AsyncHttpClient-1-2] DEBUG io.netty.util.Recycler - -Dio.netty.recycler.chunkSize: 32
12:07:08.405 [AsyncHttpClient-1-2] DEBUG io.netty.util.Recycler - -Dio.netty.recycler.blocking: false
12:07:12.403 [AsyncHttpClient-1-2] DEBUG io.netty.handler.codec.compression.Brotli - brotli4j not in the classpath; Brotli support will be unavailable.
12:07:12.403 [AsyncHttpClient-1-2] DEBUG org.asynchttpclient.netty.handler.HttpHandler - 

Request DefaultHttpRequest(decodeResult: success, version: HTTP/1.1)
POST /wd/hub/session HTTP/1.1
User-Agent: selenium/4.1.3 (java windows)
traceparent: 00-4bc861a7d1f9fc4735c2c2add57d6843-64424c43fb16a509-01
Content-Length: 511
Content-Type: application/json; charset=utf-8
host: hub-cloud.browserstack.com
authorization: Basic bmd1eW5hbmhkbmdfUUNySERrOm1OVG50OWJnenhBcWJBRVZ3aDZZ
accept: */*

Response DefaultHttpResponse(decodeResult: success, version: HTTP/1.1)
HTTP/1.1 200 OK
Server: nginx
Date: Mon, 09 May 2022 05:07:12 GMT
Content-Type: application/json; charset=utf-8
Transfer-Encoding: chunked
Connection: keep-alive
Source-From: 02
cache-control: no-cache

12:07:12.421 [AsyncHttpClient-1-2] DEBUG org.asynchttpclient.netty.channel.ChannelManager - Adding key: http://hub-cloud.browserstack.com:80 for channel [id: 0x0cfc242a, L:/172.17.19.76:58368 - R:hub-cloud.browserstack.com/173.234.104.3:80]
12:07:12.514 [AsyncHttpClient-1-1] DEBUG org.asynchttpclient.netty.channel.DefaultChannelPool - Entry count for : http://hub-cloud.browserstack.com:80 : 1
12:07:13.619 [AsyncHttpClient-1-1] DEBUG org.asynchttpclient.netty.channel.DefaultChannelPool - Entry count for : http://hub-cloud.browserstack.com:80 : 1
12:07:14.711 [AsyncHttpClient-1-1] DEBUG org.asynchttpclient.netty.channel.DefaultChannelPool - Entry count for : http://hub-cloud.browserstack.com:80 : 1
12:07:15.814 [AsyncHttpClient-1-1] DEBUG org.asynchttpclient.netty.channel.DefaultChannelPool - Entry count for : http://hub-cloud.browserstack.com:80 : 1
12:07:16.872 [AsyncHttpClient-1-4] DEBUG org.asynchttpclient.netty.channel.NettyConnectListener - Trying to recover from failing to connect channel [id: 0xf15fa365] with a retry value of true 
12:07:16.874 [AsyncHttpClient-1-4] DEBUG org.asynchttpclient.netty.request.NettyRequestSender - Trying to recover request DefaultFullHttpRequest(decodeResult: success, version: HTTP/1.1, content: EmptyByteBufBE)
GET /json/version HTTP/1.1
User-Agent: selenium/4.1.3 (java windows)
host: localhost:29426
accept: */*

12:07:16.919 [AsyncHttpClient-1-1] DEBUG org.asynchttpclient.netty.channel.DefaultChannelPool - Entry count for : http://hub-cloud.browserstack.com:80 : 1
12:07:18.017 [AsyncHttpClient-1-1] DEBUG org.asynchttpclient.netty.channel.DefaultChannelPool - Entry count for : http://hub-cloud.browserstack.com:80 : 1
12:07:19.111 [AsyncHttpClient-1-1] DEBUG org.asynchttpclient.netty.channel.DefaultChannelPool - Entry count for : http://hub-cloud.browserstack.com:80 : 1
12:07:20.211 [AsyncHttpClient-1-1] DEBUG org.asynchttpclient.netty.channel.DefaultChannelPool - Entry count for : http://hub-cloud.browserstack.com:80 : 1
12:07:20.967 [AsyncHttpClient-1-6] DEBUG org.asynchttpclient.netty.channel.NettyConnectListener - Trying to recover from failing to connect channel [id: 0x53a0702c] with a retry value of true 
12:07:20.968 [AsyncHttpClient-1-6] DEBUG org.asynchttpclient.netty.request.NettyRequestSender - Trying to recover request DefaultFullHttpRequest(decodeResult: success, version: HTTP/1.1, content: EmptyByteBufBE)
GET /json/version HTTP/1.1
User-Agent: selenium/4.1.3 (java windows)
host: localhost:29426
accept: */*

12:07:21.311 [AsyncHttpClient-1-1] DEBUG org.asynchttpclient.netty.channel.DefaultChannelPool - Entry count for : http://hub-cloud.browserstack.com:80 : 1
12:07:22.414 [AsyncHttpClient-1-1] DEBUG org.asynchttpclient.netty.channel.DefaultChannelPool - Entry count for : http://hub-cloud.browserstack.com:80 : 1
12:07:23.511 [AsyncHttpClient-1-1] DEBUG org.asynchttpclient.netty.channel.DefaultChannelPool - Entry count for : http://hub-cloud.browserstack.com:80 : 1
12:07:24.620 [AsyncHttpClient-1-1] DEBUG org.asynchttpclient.netty.channel.DefaultChannelPool - Entry count for : http://hub-cloud.browserstack.com:80 : 1
12:07:25.052 [AsyncHttpClient-1-8] DEBUG org.asynchttpclient.netty.channel.NettyConnectListener - Trying to recover from failing to connect channel [id: 0xf073e9b0] with a retry value of true 
12:07:25.053 [AsyncHttpClient-1-8] DEBUG org.asynchttpclient.netty.request.NettyRequestSender - Trying to recover request DefaultFullHttpRequest(decodeResult: success, version: HTTP/1.1, content: EmptyByteBufBE)
GET /json/version HTTP/1.1
User-Agent: selenium/4.1.3 (java windows)
host: localhost:29426
accept: */*

12:07:25.711 [AsyncHttpClient-1-1] DEBUG org.asynchttpclient.netty.channel.DefaultChannelPool - Entry count for : http://hub-cloud.browserstack.com:80 : 1
12:07:26.811 [AsyncHttpClient-1-1] DEBUG org.asynchttpclient.netty.channel.DefaultChannelPool - Entry count for : http://hub-cloud.browserstack.com:80 : 1
12:07:27.919 [AsyncHttpClient-1-1] DEBUG org.asynchttpclient.netty.channel.DefaultChannelPool - Entry count for : http://hub-cloud.browserstack.com:80 : 1
12:07:29.011 [AsyncHttpClient-1-1] DEBUG org.asynchttpclient.netty.channel.DefaultChannelPool - Entry count for : http://hub-cloud.browserstack.com:80 : 1
12:07:29.132 [AsyncHttpClient-1-10] DEBUG org.asynchttpclient.netty.channel.NettyConnectListener - Trying to recover from failing to connect channel [id: 0x8d6d99ab] with a retry value of true 
12:07:29.132 [AsyncHttpClient-1-10] DEBUG org.asynchttpclient.netty.request.NettyRequestSender - Trying to recover request DefaultFullHttpRequest(decodeResult: success, version: HTTP/1.1, content: EmptyByteBufBE)
GET /json/version HTTP/1.1
User-Agent: selenium/4.1.3 (java windows)
host: localhost:29426
accept: */*

12:07:30.118 [AsyncHttpClient-1-1] DEBUG org.asynchttpclient.netty.channel.DefaultChannelPool - Entry count for : http://hub-cloud.browserstack.com:80 : 1
12:07:31.214 [AsyncHttpClient-1-1] DEBUG org.asynchttpclient.netty.channel.DefaultChannelPool - Entry count for : http://hub-cloud.browserstack.com:80 : 1
12:07:32.316 [AsyncHttpClient-1-1] DEBUG org.asynchttpclient.netty.channel.DefaultChannelPool - Entry count for : http://hub-cloud.browserstack.com:80 : 1
12:07:33.209 [AsyncHttpClient-1-12] DEBUG org.asynchttpclient.netty.channel.NettyConnectListener - Trying to recover from failing to connect channel [id: 0x2eb99411] with a retry value of true 
12:07:33.209 [AsyncHttpClient-1-12] DEBUG org.asynchttpclient.netty.request.NettyRequestSender - Trying to recover request DefaultFullHttpRequest(decodeResult: success, version: HTTP/1.1, content: EmptyByteBufBE)
GET /json/version HTTP/1.1
User-Agent: selenium/4.1.3 (java windows)
host: localhost:29426
accept: */*

12:07:33.411 [AsyncHttpClient-1-1] DEBUG org.asynchttpclient.netty.channel.DefaultChannelPool - Entry count for : http://hub-cloud.browserstack.com:80 : 1
12:07:34.515 [AsyncHttpClient-1-1] DEBUG org.asynchttpclient.netty.channel.DefaultChannelPool - Entry count for : http://hub-cloud.browserstack.com:80 : 1
12:07:35.611 [AsyncHttpClient-1-1] DEBUG org.asynchttpclient.netty.channel.DefaultChannelPool - Entry count for : http://hub-cloud.browserstack.com:80 : 1
12:07:36.718 [AsyncHttpClient-1-1] DEBUG org.asynchttpclient.netty.channel.DefaultChannelPool - Entry count for : http://hub-cloud.browserstack.com:80 : 1
12:07:37.296 [AsyncHttpClient-1-14] DEBUG org.asynchttpclient.netty.channel.NettyConnectListener - Trying to recover from failing to connect channel [id: 0x9df95dff] with a retry value of false 
12:07:37.297 [AsyncHttpClient-1-14] DEBUG org.asynchttpclient.netty.channel.NettyConnectListener - Failed to recover from connect exception: io.netty.channel.AbstractChannel$AnnotatedConnectException: Connection refused: no further information: localhost/0:0:0:0:0:0:0:1:29426 with channel [id: 0x9df95dff]
12:07:37.303 [AsyncHttpClient-1-14] DEBUG org.asynchttpclient.AsyncCompletionHandler - Connection refused: no further information: localhost/0:0:0:0:0:0:0:1:29426
java.net.ConnectException: Connection refused: no further information: localhost/0:0:0:0:0:0:0:1:29426
	at org.asynchttpclient.netty.channel.NettyConnectListener.onFailure(NettyConnectListener.java:179)
	at org.asynchttpclient.netty.channel.NettyChannelConnector$1.onFailure(NettyChannelConnector.java:108)
	at org.asynchttpclient.netty.SimpleChannelFutureListener.operationComplete(SimpleChannelFutureListener.java:28)
	at org.asynchttpclient.netty.SimpleChannelFutureListener.operationComplete(SimpleChannelFutureListener.java:20)
	at io.netty.util.concurrent.DefaultPromise.notifyListener0(DefaultPromise.java:578)
	at io.netty.util.concurrent.DefaultPromise.notifyListeners0(DefaultPromise.java:571)
	at io.netty.util.concurrent.DefaultPromise.notifyListenersNow(DefaultPromise.java:550)
	at io.netty.util.concurrent.DefaultPromise.notifyListeners(DefaultPromise.java:491)
	at io.netty.util.concurrent.DefaultPromise.setValue0(DefaultPromise.java:616)
	at io.netty.util.concurrent.DefaultPromise.setFailure0(DefaultPromise.java:609)
	at io.netty.util.concurrent.DefaultPromise.tryFailure(DefaultPromise.java:117)
	at io.netty.channel.nio.AbstractNioChannel$AbstractNioUnsafe.fulfillConnectPromise(AbstractNioChannel.java:321)
	at io.netty.channel.nio.AbstractNioChannel$AbstractNioUnsafe.finishConnect(AbstractNioChannel.java:337)
	at io.netty.channel.nio.NioEventLoop.processSelectedKey(NioEventLoop.java:710)
	at io.netty.channel.nio.NioEventLoop.processSelectedKeysOptimized(NioEventLoop.java:658)
	at io.netty.channel.nio.NioEventLoop.processSelectedKeys(NioEventLoop.java:584)
	at io.netty.channel.nio.NioEventLoop.run(NioEventLoop.java:496)
	at io.netty.util.concurrent.SingleThreadEventExecutor$4.run(SingleThreadEventExecutor.java:986)
	at io.netty.util.internal.ThreadExecutorMap$2.run(ThreadExecutorMap.java:74)
	at io.netty.util.concurrent.FastThreadLocalRunnable.run(FastThreadLocalRunnable.java:30)
	at java.lang.Thread.run(Thread.java:750)
Caused by: io.netty.channel.AbstractChannel$AnnotatedConnectException: Connection refused: no further information: localhost/0:0:0:0:0:0:0:1:29426
Caused by: java.net.ConnectException: Connection refused: no further information
	at sun.nio.ch.SocketChannelImpl.checkConnect(Native Method)
	at sun.nio.ch.SocketChannelImpl.finishConnect(SocketChannelImpl.java:715)
	at io.netty.channel.socket.nio.NioSocketChannel.doFinishConnect(NioSocketChannel.java:330)
	at io.netty.channel.nio.AbstractNioChannel$AbstractNioUnsafe.finishConnect(AbstractNioChannel.java:334)
	at io.netty.channel.nio.NioEventLoop.processSelectedKey(NioEventLoop.java:710)
	at io.netty.channel.nio.NioEventLoop.processSelectedKeysOptimized(NioEventLoop.java:658)
	at io.netty.channel.nio.NioEventLoop.processSelectedKeys(NioEventLoop.java:584)
	at io.netty.channel.nio.NioEventLoop.run(NioEventLoop.java:496)
	at io.netty.util.concurrent.SingleThreadEventExecutor$4.run(SingleThreadEventExecutor.java:986)
	at io.netty.util.internal.ThreadExecutorMap$2.run(ThreadExecutorMap.java:74)
	at io.netty.util.concurrent.FastThreadLocalRunnable.run(FastThreadLocalRunnable.java:30)
	at java.lang.Thread.run(Thread.java:750)
12:07:37.825 [AsyncHttpClient-1-1] DEBUG org.asynchttpclient.netty.channel.DefaultChannelPool - Entry count for : http://hub-cloud.browserstack.com:80 : 1
12:07:38.038 [main] DEBUG net.thucydides.core.reflection.ClassFinder - Could not load class .cucumber.CommonStepDefs
12:07:38.038 [main] DEBUG net.thucydides.core.reflection.ClassFinder - Could not load class .cucumber.HomeStepDefs
12:07:38.038 [main] DEBUG net.thucydides.core.reflection.ClassFinder - Could not load class .cucumber.Hooks
12:07:38.038 [main] DEBUG net.thucydides.core.reflection.ClassFinder - Could not load class .cucumber.LoginStepDefs
12:07:38.039 [main] DEBUG net.thucydides.core.reflection.ClassFinder - Could not load class .pages.HomePage
12:07:38.039 [main] DEBUG net.thucydides.core.reflection.ClassFinder - Could not load class .pages.LoginPage
12:07:38.039 [main] DEBUG net.thucydides.core.reflection.ClassFinder - Could not load class .runners.Runner
12:07:38.039 [main] DEBUG net.thucydides.core.reflection.ClassFinder - Could not load class .runners.UnitTestRunner
12:07:38.039 [main] DEBUG net.thucydides.core.reflection.ClassFinder - Could not load class .serenity.CommonStepLibraries
12:07:38.039 [main] DEBUG net.thucydides.core.reflection.ClassFinder - Could not load class .serenity.HomeStepLibraries
12:07:38.039 [main] DEBUG net.thucydides.core.reflection.ClassFinder - Could not load class .serenity.LoginStepLibraries
12:07:38.039 [main] DEBUG net.thucydides.core.reflection.ClassFinder - Could not load class .serenity.test
12:07:38.045 [Forwarding get on session 51820b973f64b8f6be08f4533ad7fecf8b31a6bc to remote] DEBUG org.asynchttpclient.netty.request.NettyRequestSender - Using pooled Channel '[id: 0x0cfc242a, L:/172.17.19.76:58368 - R:hub-cloud.browserstack.com/173.234.104.3:80]' for 'POST' to 'http://nguynanhdng_QCrHDk:mNTnt9bgzxAqbAEVwh6Y@hub-cloud.browserstack.com/wd/hub/session/51820b973f64b8f6be08f4533ad7fecf8b31a6bc/url'
12:07:38.045 [Forwarding get on session 51820b973f64b8f6be08f4533ad7fecf8b31a6bc to remote] DEBUG org.asynchttpclient.netty.request.NettyRequestSender - Using open Channel [id: 0x0cfc242a, L:/172.17.19.76:58368 - R:hub-cloud.browserstack.com/173.234.104.3:80] for POST '/wd/hub/session/51820b973f64b8f6be08f4533ad7fecf8b31a6bc/url'
12:07:42.837 [AsyncHttpClient-1-2] DEBUG org.asynchttpclient.netty.handler.HttpHandler - 

Request DefaultHttpRequest(decodeResult: success, version: HTTP/1.1)
POST /wd/hub/session/51820b973f64b8f6be08f4533ad7fecf8b31a6bc/url HTTP/1.1
User-Agent: selenium/4.1.3 (java windows)
traceparent: 00-d43b9db522bb9c51d38fd6db86dfa340-e206c66544a4f8ce-01
Content-Length: 94
Content-Type: application/json; charset=utf-8
host: hub-cloud.browserstack.com
authorization: Basic bmd1eW5hbmhkbmdfUUNySERrOm1OVG50OWJnenhBcWJBRVZ3aDZZ
accept: */*

Response DefaultHttpResponse(decodeResult: success, version: HTTP/1.1)
HTTP/1.1 200 OK
Server: nginx
Date: Mon, 09 May 2022 05:07:42 GMT
Content-Type: application/json;charset=utf-8
Connection: keep-alive
Source-From: 02
expires: Thu, 01 Jan 1970 00:00:00 GMT
cache-control: no-cache, no-cache
temp-header: 2034-2500191100-1-1652072862.658-rproxy-core-002-dcp-apse2a-prod.browserstack.com
content-length: 14

12:07:42.841 [AsyncHttpClient-1-2] DEBUG org.asynchttpclient.netty.channel.ChannelManager - Adding key: http://hub-cloud.browserstack.com:80 for channel [id: 0x0cfc242a, L:/172.17.19.76:58368 - R:hub-cloud.browserstack.com/173.234.104.3:80]
12:07:42.854 [Forwarding setTimeout on session 51820b973f64b8f6be08f4533ad7fecf8b31a6bc to remote] DEBUG org.asynchttpclient.netty.request.NettyRequestSender - Using pooled Channel '[id: 0x0cfc242a, L:/172.17.19.76:58368 - R:hub-cloud.browserstack.com/173.234.104.3:80]' for 'POST' to 'http://nguynanhdng_QCrHDk:mNTnt9bgzxAqbAEVwh6Y@hub-cloud.browserstack.com/wd/hub/session/51820b973f64b8f6be08f4533ad7fecf8b31a6bc/timeouts'
12:07:42.855 [Forwarding setTimeout on session 51820b973f64b8f6be08f4533ad7fecf8b31a6bc to remote] DEBUG org.asynchttpclient.netty.request.NettyRequestSender - Using open Channel [id: 0x0cfc242a, L:/172.17.19.76:58368 - R:hub-cloud.browserstack.com/173.234.104.3:80] for POST '/wd/hub/session/51820b973f64b8f6be08f4533ad7fecf8b31a6bc/timeouts'
12:07:43.232 [AsyncHttpClient-1-2] DEBUG org.asynchttpclient.netty.handler.HttpHandler - 

Request DefaultHttpRequest(decodeResult: success, version: HTTP/1.1)
POST /wd/hub/session/51820b973f64b8f6be08f4533ad7fecf8b31a6bc/timeouts HTTP/1.1
User-Agent: selenium/4.1.3 (java windows)
traceparent: 00-8f6012239406c00c63344066734e75c8-f563d673cfa30f58-01
Content-Length: 22
Content-Type: application/json; charset=utf-8
host: hub-cloud.browserstack.com
authorization: Basic bmd1eW5hbmhkbmdfUUNySERrOm1OVG50OWJnenhBcWJBRVZ3aDZZ
accept: */*

Response DefaultHttpResponse(decodeResult: success, version: HTTP/1.1)
HTTP/1.1 200 OK
Server: nginx
Date: Mon, 09 May 2022 05:07:43 GMT
Content-Type: application/json;charset=utf-8
Connection: keep-alive
Source-From: 02
expires: Thu, 01 Jan 1970 00:00:00 GMT
cache-control: no-cache, no-cache
temp-header: 3693-5157179478-1-1652072863.057-rproxy-core-001-dcp-apse2a-prod.browserstack.com
content-length: 14

12:07:43.233 [AsyncHttpClient-1-2] DEBUG org.asynchttpclient.netty.channel.ChannelManager - Adding key: http://hub-cloud.browserstack.com:80 for channel [id: 0x0cfc242a, L:/172.17.19.76:58368 - R:hub-cloud.browserstack.com/173.234.104.3:80]
12:07:43.244 [Forwarding getCurrentUrl on session 51820b973f64b8f6be08f4533ad7fecf8b31a6bc to remote] DEBUG org.asynchttpclient.netty.request.NettyRequestSender - Using pooled Channel '[id: 0x0cfc242a, L:/172.17.19.76:58368 - R:hub-cloud.browserstack.com/173.234.104.3:80]' for 'GET' to 'http://nguynanhdng_QCrHDk:mNTnt9bgzxAqbAEVwh6Y@hub-cloud.browserstack.com/wd/hub/session/51820b973f64b8f6be08f4533ad7fecf8b31a6bc/url'
12:07:43.244 [Forwarding getCurrentUrl on session 51820b973f64b8f6be08f4533ad7fecf8b31a6bc to remote] DEBUG org.asynchttpclient.netty.request.NettyRequestSender - Using open Channel [id: 0x0cfc242a, L:/172.17.19.76:58368 - R:hub-cloud.browserstack.com/173.234.104.3:80] for GET '/wd/hub/session/51820b973f64b8f6be08f4533ad7fecf8b31a6bc/url'
12:07:44.176 [AsyncHttpClient-1-2] DEBUG org.asynchttpclient.netty.handler.HttpHandler - 

Request DefaultFullHttpRequest(decodeResult: success, version: HTTP/1.1, content: EmptyByteBufBE)
GET /wd/hub/session/51820b973f64b8f6be08f4533ad7fecf8b31a6bc/url HTTP/1.1
User-Agent: selenium/4.1.3 (java windows)
Cache-Control: no-cache
traceparent: 00-b9cdbf41cb0a961cfd36189f0ae8a712-237dd70d740c44ee-01
Content-Type: application/json; charset=utf-8
host: hub-cloud.browserstack.com
authorization: Basic bmd1eW5hbmhkbmdfUUNySERrOm1OVG50OWJnenhBcWJBRVZ3aDZZ
accept: */*

Response DefaultHttpResponse(decodeResult: success, version: HTTP/1.1)
HTTP/1.1 200 OK
Server: nginx
Date: Mon, 09 May 2022 05:07:43 GMT
Content-Type: application/json;charset=utf-8
Connection: keep-alive
Source-From: 02
expires: Thu, 01 Jan 1970 00:00:00 GMT
cache-control: no-cache, no-cache
temp-header: 2025-2500192196-1-1652072863.690-rproxy-core-002-dcp-apse2a-prod.browserstack.com
content-length: 61

12:07:44.177 [AsyncHttpClient-1-2] DEBUG org.asynchttpclient.netty.channel.ChannelManager - Adding key: http://hub-cloud.browserstack.com:80 for channel [id: 0x0cfc242a, L:/172.17.19.76:58368 - R:hub-cloud.browserstack.com/173.234.104.3:80]
12:07:44.186 [Forwarding getCurrentUrl on session 51820b973f64b8f6be08f4533ad7fecf8b31a6bc to remote] DEBUG org.asynchttpclient.netty.request.NettyRequestSender - Using pooled Channel '[id: 0x0cfc242a, L:/172.17.19.76:58368 - R:hub-cloud.browserstack.com/173.234.104.3:80]' for 'GET' to 'http://nguynanhdng_QCrHDk:mNTnt9bgzxAqbAEVwh6Y@hub-cloud.browserstack.com/wd/hub/session/51820b973f64b8f6be08f4533ad7fecf8b31a6bc/url'
12:07:44.186 [Forwarding getCurrentUrl on session 51820b973f64b8f6be08f4533ad7fecf8b31a6bc to remote] DEBUG org.asynchttpclient.netty.request.NettyRequestSender - Using open Channel [id: 0x0cfc242a, L:/172.17.19.76:58368 - R:hub-cloud.browserstack.com/173.234.104.3:80] for GET '/wd/hub/session/51820b973f64b8f6be08f4533ad7fecf8b31a6bc/url'
12:07:44.524 [AsyncHttpClient-1-2] DEBUG org.asynchttpclient.netty.handler.HttpHandler - 

Request DefaultFullHttpRequest(decodeResult: success, version: HTTP/1.1, content: EmptyByteBufBE)
GET /wd/hub/session/51820b973f64b8f6be08f4533ad7fecf8b31a6bc/url HTTP/1.1
User-Agent: selenium/4.1.3 (java windows)
Cache-Control: no-cache
traceparent: 00-ac0b7b244be89fb0738db07251ace086-f52fb2ff101e3619-01
Content-Type: application/json; charset=utf-8
host: hub-cloud.browserstack.com
authorization: Basic bmd1eW5hbmhkbmdfUUNySERrOm1OVG50OWJnenhBcWJBRVZ3aDZZ
accept: */*

Response DefaultHttpResponse(decodeResult: success, version: HTTP/1.1)
HTTP/1.1 200 OK
Server: nginx
Date: Mon, 09 May 2022 05:07:44 GMT
Content-Type: application/json;charset=utf-8
Connection: keep-alive
Source-From: 02
expires: Thu, 01 Jan 1970 00:00:00 GMT
cache-control: no-cache, no-cache
temp-header: 2029-2500192250-1-1652072864.294-rproxy-core-002-dcp-apse2a-prod.browserstack.com
content-length: 61

12:07:44.525 [AsyncHttpClient-1-2] DEBUG org.asynchttpclient.netty.channel.ChannelManager - Adding key: http://hub-cloud.browserstack.com:80 for channel [id: 0x0cfc242a, L:/172.17.19.76:58368 - R:hub-cloud.browserstack.com/173.234.104.3:80]
12:07:44.547 [Forwarding maximizeCurrentWindow on session 51820b973f64b8f6be08f4533ad7fecf8b31a6bc to remote] DEBUG org.asynchttpclient.netty.request.NettyRequestSender - Using pooled Channel '[id: 0x0cfc242a, L:/172.17.19.76:58368 - R:hub-cloud.browserstack.com/173.234.104.3:80]' for 'POST' to 'http://nguynanhdng_QCrHDk:mNTnt9bgzxAqbAEVwh6Y@hub-cloud.browserstack.com/wd/hub/session/51820b973f64b8f6be08f4533ad7fecf8b31a6bc/window/maximize'
12:07:44.547 [Forwarding maximizeCurrentWindow on session 51820b973f64b8f6be08f4533ad7fecf8b31a6bc to remote] DEBUG org.asynchttpclient.netty.request.NettyRequestSender - Using open Channel [id: 0x0cfc242a, L:/172.17.19.76:58368 - R:hub-cloud.browserstack.com/173.234.104.3:80] for POST '/wd/hub/session/51820b973f64b8f6be08f4533ad7fecf8b31a6bc/window/maximize'
12:07:44.948 [AsyncHttpClient-1-2] DEBUG org.asynchttpclient.netty.handler.HttpHandler - 

Request DefaultHttpRequest(decodeResult: success, version: HTTP/1.1)
POST /wd/hub/session/51820b973f64b8f6be08f4533ad7fecf8b31a6bc/window/maximize HTTP/1.1
User-Agent: selenium/4.1.3 (java windows)
traceparent: 00-b47ebabd5e2e38048d73c61e6496299b-907ceec6571af23d-01
Content-Length: 3
Content-Type: application/json; charset=utf-8
host: hub-cloud.browserstack.com
authorization: Basic bmd1eW5hbmhkbmdfUUNySERrOm1OVG50OWJnenhBcWJBRVZ3aDZZ
accept: */*

Response DefaultHttpResponse(decodeResult: success, version: HTTP/1.1)
HTTP/1.1 200 OK
Server: nginx
Date: Mon, 09 May 2022 05:07:44 GMT
Content-Type: application/json;charset=utf-8
Connection: keep-alive
Source-From: 02
expires: Thu, 01 Jan 1970 00:00:00 GMT
cache-control: no-cache, no-cache
temp-header: 2025-2500192268-1-1652072864.776-rproxy-core-002-dcp-apse2a-prod.browserstack.com
content-length: 52

12:07:44.949 [AsyncHttpClient-1-2] DEBUG org.asynchttpclient.netty.channel.ChannelManager - Adding key: http://hub-cloud.browserstack.com:80 for channel [id: 0x0cfc242a, L:/172.17.19.76:58368 - R:hub-cloud.browserstack.com/173.234.104.3:80]
12:07:45.268 [main] DEBUG net.thucydides.core.steps.StepInterceptor - STARTING STEP: LoginStepDefs.the_user_enters_the_username_and_password - login
12:07:45.297 [Forwarding setTimeout on session 51820b973f64b8f6be08f4533ad7fecf8b31a6bc to remote] DEBUG org.asynchttpclient.netty.request.NettyRequestSender - Using pooled Channel '[id: 0x0cfc242a, L:/172.17.19.76:58368 - R:hub-cloud.browserstack.com/173.234.104.3:80]' for 'POST' to 'http://nguynanhdng_QCrHDk:mNTnt9bgzxAqbAEVwh6Y@hub-cloud.browserstack.com/wd/hub/session/51820b973f64b8f6be08f4533ad7fecf8b31a6bc/timeouts'
12:07:45.297 [Forwarding setTimeout on session 51820b973f64b8f6be08f4533ad7fecf8b31a6bc to remote] DEBUG org.asynchttpclient.netty.request.NettyRequestSender - Using open Channel [id: 0x0cfc242a, L:/172.17.19.76:58368 - R:hub-cloud.browserstack.com/173.234.104.3:80] for POST '/wd/hub/session/51820b973f64b8f6be08f4533ad7fecf8b31a6bc/timeouts'
12:07:45.578 [AsyncHttpClient-1-2] DEBUG org.asynchttpclient.netty.handler.HttpHandler - 

Request DefaultHttpRequest(decodeResult: success, version: HTTP/1.1)
POST /wd/hub/session/51820b973f64b8f6be08f4533ad7fecf8b31a6bc/timeouts HTTP/1.1
User-Agent: selenium/4.1.3 (java windows)
traceparent: 00-86eb70873230d3445d2d89d3ba47d507-c76d08c7630d1705-01
Content-Length: 19
Content-Type: application/json; charset=utf-8
host: hub-cloud.browserstack.com
authorization: Basic bmd1eW5hbmhkbmdfUUNySERrOm1OVG50OWJnenhBcWJBRVZ3aDZZ
accept: */*

Response DefaultHttpResponse(decodeResult: success, version: HTTP/1.1)
HTTP/1.1 200 OK
Server: nginx
Date: Mon, 09 May 2022 05:07:45 GMT
Content-Type: application/json;charset=utf-8
Connection: keep-alive
Source-From: 02
expires: Thu, 01 Jan 1970 00:00:00 GMT
cache-control: no-cache, no-cache
temp-header: 3696-5157179748-1-1652072865.406-rproxy-core-001-dcp-apse2a-prod.browserstack.com
content-length: 14

12:07:45.580 [AsyncHttpClient-1-2] DEBUG org.asynchttpclient.netty.channel.ChannelManager - Adding key: http://hub-cloud.browserstack.com:80 for channel [id: 0x0cfc242a, L:/172.17.19.76:58368 - R:hub-cloud.browserstack.com/173.234.104.3:80]
12:07:45.590 [Forwarding findElement on session 51820b973f64b8f6be08f4533ad7fecf8b31a6bc to remote] DEBUG org.asynchttpclient.netty.request.NettyRequestSender - Using pooled Channel '[id: 0x0cfc242a, L:/172.17.19.76:58368 - R:hub-cloud.browserstack.com/173.234.104.3:80]' for 'POST' to 'http://nguynanhdng_QCrHDk:mNTnt9bgzxAqbAEVwh6Y@hub-cloud.browserstack.com/wd/hub/session/51820b973f64b8f6be08f4533ad7fecf8b31a6bc/element'
12:07:45.590 [Forwarding findElement on session 51820b973f64b8f6be08f4533ad7fecf8b31a6bc to remote] DEBUG org.asynchttpclient.netty.request.NettyRequestSender - Using open Channel [id: 0x0cfc242a, L:/172.17.19.76:58368 - R:hub-cloud.browserstack.com/173.234.104.3:80] for POST '/wd/hub/session/51820b973f64b8f6be08f4533ad7fecf8b31a6bc/element'
12:07:45.882 [AsyncHttpClient-1-2] DEBUG org.asynchttpclient.netty.handler.HttpHandler - 

Request DefaultHttpRequest(decodeResult: success, version: HTTP/1.1)
POST /wd/hub/session/51820b973f64b8f6be08f4533ad7fecf8b31a6bc/element HTTP/1.1
User-Agent: selenium/4.1.3 (java windows)
traceparent: 00-cff677ae7b6c11e02026dfd90ae6afb3-293ae70e0a9f4db3-01
Content-Length: 61
Content-Type: application/json; charset=utf-8
host: hub-cloud.browserstack.com
authorization: Basic bmd1eW5hbmhkbmdfUUNySERrOm1OVG50OWJnenhBcWJBRVZ3aDZZ
accept: */*

Response DefaultHttpResponse(decodeResult: success, version: HTTP/1.1)
HTTP/1.1 200 OK
Server: nginx
Date: Mon, 09 May 2022 05:07:45 GMT
Content-Type: application/json;charset=utf-8
Connection: keep-alive
Source-From: 02
expires: Thu, 01 Jan 1970 00:00:00 GMT
cache-control: no-cache, no-cache
temp-header: 3700-5157179804-1-1652072865.712-rproxy-core-001-dcp-apse2a-prod.browserstack.com
content-length: 88

12:07:45.883 [AsyncHttpClient-1-2] DEBUG org.asynchttpclient.netty.channel.ChannelManager - Adding key: http://hub-cloud.browserstack.com:80 for channel [id: 0x0cfc242a, L:/172.17.19.76:58368 - R:hub-cloud.browserstack.com/173.234.104.3:80]
12:07:45.891 [Forwarding setTimeout on session 51820b973f64b8f6be08f4533ad7fecf8b31a6bc to remote] DEBUG org.asynchttpclient.netty.request.NettyRequestSender - Using pooled Channel '[id: 0x0cfc242a, L:/172.17.19.76:58368 - R:hub-cloud.browserstack.com/173.234.104.3:80]' for 'POST' to 'http://nguynanhdng_QCrHDk:mNTnt9bgzxAqbAEVwh6Y@hub-cloud.browserstack.com/wd/hub/session/51820b973f64b8f6be08f4533ad7fecf8b31a6bc/timeouts'
12:07:45.892 [Forwarding setTimeout on session 51820b973f64b8f6be08f4533ad7fecf8b31a6bc to remote] DEBUG org.asynchttpclient.netty.request.NettyRequestSender - Using open Channel [id: 0x0cfc242a, L:/172.17.19.76:58368 - R:hub-cloud.browserstack.com/173.234.104.3:80] for POST '/wd/hub/session/51820b973f64b8f6be08f4533ad7fecf8b31a6bc/timeouts'
12:07:46.220 [AsyncHttpClient-1-2] DEBUG org.asynchttpclient.netty.handler.HttpHandler - 

Request DefaultHttpRequest(decodeResult: success, version: HTTP/1.1)
POST /wd/hub/session/51820b973f64b8f6be08f4533ad7fecf8b31a6bc/timeouts HTTP/1.1
User-Agent: selenium/4.1.3 (java windows)
traceparent: 00-ed964f63f8adf833d3d2aec143b1de80-679292b2c5213632-01
Content-Length: 22
Content-Type: application/json; charset=utf-8
host: hub-cloud.browserstack.com
authorization: Basic bmd1eW5hbmhkbmdfUUNySERrOm1OVG50OWJnenhBcWJBRVZ3aDZZ
accept: */*

Response DefaultHttpResponse(decodeResult: success, version: HTTP/1.1)
HTTP/1.1 200 OK
Server: nginx
Date: Mon, 09 May 2022 05:07:46 GMT
Content-Type: application/json;charset=utf-8
Connection: keep-alive
Source-From: 02
expires: Thu, 01 Jan 1970 00:00:00 GMT
cache-control: no-cache, no-cache
temp-header: 2024-2500192482-1-1652072866.047-rproxy-core-002-dcp-apse2a-prod.browserstack.com
content-length: 14

12:07:46.221 [AsyncHttpClient-1-2] DEBUG org.asynchttpclient.netty.channel.ChannelManager - Adding key: http://hub-cloud.browserstack.com:80 for channel [id: 0x0cfc242a, L:/172.17.19.76:58368 - R:hub-cloud.browserstack.com/173.234.104.3:80]
12:07:46.264 [Forwarding isElementDisplayed on session 51820b973f64b8f6be08f4533ad7fecf8b31a6bc to remote] DEBUG org.asynchttpclient.netty.request.NettyRequestSender - Using pooled Channel '[id: 0x0cfc242a, L:/172.17.19.76:58368 - R:hub-cloud.browserstack.com/173.234.104.3:80]' for 'POST' to 'http://nguynanhdng_QCrHDk:mNTnt9bgzxAqbAEVwh6Y@hub-cloud.browserstack.com/wd/hub/session/51820b973f64b8f6be08f4533ad7fecf8b31a6bc/execute/sync'
12:07:46.265 [Forwarding isElementDisplayed on session 51820b973f64b8f6be08f4533ad7fecf8b31a6bc to remote] DEBUG org.asynchttpclient.netty.request.NettyRequestSender - Using open Channel [id: 0x0cfc242a, L:/172.17.19.76:58368 - R:hub-cloud.browserstack.com/173.234.104.3:80] for POST '/wd/hub/session/51820b973f64b8f6be08f4533ad7fecf8b31a6bc/execute/sync'
12:07:46.847 [AsyncHttpClient-1-2] DEBUG org.asynchttpclient.netty.handler.HttpHandler - 

Request DefaultHttpRequest(decodeResult: success, version: HTTP/1.1)
POST /wd/hub/session/51820b973f64b8f6be08f4533ad7fecf8b31a6bc/execute/sync HTTP/1.1
User-Agent: selenium/4.1.3 (java windows)
traceparent: 00-c416d371cb9a651ab73d22d497e4be58-3dc68457a2c82fad-01
Content-Length: 48780
Content-Type: application/json; charset=utf-8
host: hub-cloud.browserstack.com
authorization: Basic bmd1eW5hbmhkbmdfUUNySERrOm1OVG50OWJnenhBcWJBRVZ3aDZZ
accept: */*

Response DefaultHttpResponse(decodeResult: success, version: HTTP/1.1)
HTTP/1.1 200 OK
Server: nginx
Date: Mon, 09 May 2022 05:07:46 GMT
Content-Type: application/json;charset=utf-8
Connection: keep-alive
Source-From: 02
expires: Thu, 01 Jan 1970 00:00:00 GMT
cache-control: no-cache, no-cache
temp-header: 3695-5157179962-1-1652072866.637-rproxy-core-001-dcp-apse2a-prod.browserstack.com
content-length: 14

12:07:46.849 [AsyncHttpClient-1-2] DEBUG org.asynchttpclient.netty.channel.ChannelManager - Adding key: http://hub-cloud.browserstack.com:80 for channel [id: 0x0cfc242a, L:/172.17.19.76:58368 - R:hub-cloud.browserstack.com/173.234.104.3:80]
12:07:46.869 [Forwarding clearElement on session 51820b973f64b8f6be08f4533ad7fecf8b31a6bc to remote] DEBUG org.asynchttpclient.netty.request.NettyRequestSender - Using pooled Channel '[id: 0x0cfc242a, L:/172.17.19.76:58368 - R:hub-cloud.browserstack.com/173.234.104.3:80]' for 'POST' to 'http://nguynanhdng_QCrHDk:mNTnt9bgzxAqbAEVwh6Y@hub-cloud.browserstack.com/wd/hub/session/51820b973f64b8f6be08f4533ad7fecf8b31a6bc/element/bf09e94c-6894-4769-ace2-bc7f96e812ac/clear'
12:07:46.869 [Forwarding clearElement on session 51820b973f64b8f6be08f4533ad7fecf8b31a6bc to remote] DEBUG org.asynchttpclient.netty.request.NettyRequestSender - Using open Channel [id: 0x0cfc242a, L:/172.17.19.76:58368 - R:hub-cloud.browserstack.com/173.234.104.3:80] for POST '/wd/hub/session/51820b973f64b8f6be08f4533ad7fecf8b31a6bc/element/bf09e94c-6894-4769-ace2-bc7f96e812ac/clear'
12:07:47.180 [AsyncHttpClient-1-2] DEBUG org.asynchttpclient.netty.handler.HttpHandler - 

Request DefaultHttpRequest(decodeResult: success, version: HTTP/1.1)
POST /wd/hub/session/51820b973f64b8f6be08f4533ad7fecf8b31a6bc/element/bf09e94c-6894-4769-ace2-bc7f96e812ac/clear HTTP/1.1
User-Agent: selenium/4.1.3 (java windows)
traceparent: 00-68f916242d8b15269b24e10555d69901-9b4fb6c645950bbe-01
Content-Length: 50
Content-Type: application/json; charset=utf-8
host: hub-cloud.browserstack.com
authorization: Basic bmd1eW5hbmhkbmdfUUNySERrOm1OVG50OWJnenhBcWJBRVZ3aDZZ
accept: */*

Response DefaultHttpResponse(decodeResult: success, version: HTTP/1.1)
HTTP/1.1 200 OK
Server: nginx
Date: Mon, 09 May 2022 05:07:47 GMT
Content-Type: application/json;charset=utf-8
Connection: keep-alive
Source-From: 02
expires: Thu, 01 Jan 1970 00:00:00 GMT
cache-control: no-cache, no-cache
temp-header: 3691-5157180026-1-1652072867.001-rproxy-core-001-dcp-apse2a-prod.browserstack.com
content-length: 14

12:07:47.181 [AsyncHttpClient-1-2] DEBUG org.asynchttpclient.netty.channel.ChannelManager - Adding key: http://hub-cloud.browserstack.com:80 for channel [id: 0x0cfc242a, L:/172.17.19.76:58368 - R:hub-cloud.browserstack.com/173.234.104.3:80]
12:07:47.192 [Forwarding sendKeysToElement on session 51820b973f64b8f6be08f4533ad7fecf8b31a6bc to remote] DEBUG org.asynchttpclient.netty.request.NettyRequestSender - Using pooled Channel '[id: 0x0cfc242a, L:/172.17.19.76:58368 - R:hub-cloud.browserstack.com/173.234.104.3:80]' for 'POST' to 'http://nguynanhdng_QCrHDk:mNTnt9bgzxAqbAEVwh6Y@hub-cloud.browserstack.com/wd/hub/session/51820b973f64b8f6be08f4533ad7fecf8b31a6bc/element/bf09e94c-6894-4769-ace2-bc7f96e812ac/value'
12:07:47.192 [Forwarding sendKeysToElement on session 51820b973f64b8f6be08f4533ad7fecf8b31a6bc to remote] DEBUG org.asynchttpclient.netty.request.NettyRequestSender - Using open Channel [id: 0x0cfc242a, L:/172.17.19.76:58368 - R:hub-cloud.browserstack.com/173.234.104.3:80] for POST '/wd/hub/session/51820b973f64b8f6be08f4533ad7fecf8b31a6bc/element/bf09e94c-6894-4769-ace2-bc7f96e812ac/value'
12:07:47.517 [AsyncHttpClient-1-2] DEBUG org.asynchttpclient.netty.handler.HttpHandler - 

Request DefaultHttpRequest(decodeResult: success, version: HTTP/1.1)
POST /wd/hub/session/51820b973f64b8f6be08f4533ad7fecf8b31a6bc/element/bf09e94c-6894-4769-ace2-bc7f96e812ac/value HTTP/1.1
User-Agent: selenium/4.1.3 (java windows)
traceparent: 00-d2c63920a9fee756b030a203302e91b5-dec810634291c820-01
Content-Length: 181
Content-Type: application/json; charset=utf-8
host: hub-cloud.browserstack.com
authorization: Basic bmd1eW5hbmhkbmdfUUNySERrOm1OVG50OWJnenhBcWJBRVZ3aDZZ
accept: */*

Response DefaultHttpResponse(decodeResult: success, version: HTTP/1.1)
HTTP/1.1 200 OK
Server: nginx
Date: Mon, 09 May 2022 05:07:47 GMT
Content-Type: application/json;charset=utf-8
Connection: keep-alive
Source-From: 02
expires: Thu, 01 Jan 1970 00:00:00 GMT
cache-control: no-cache, no-cache
temp-header: 2028-2500192768-1-1652072867.350-rproxy-core-002-dcp-apse2a-prod.browserstack.com
content-length: 14

12:07:47.518 [AsyncHttpClient-1-2] DEBUG org.asynchttpclient.netty.channel.ChannelManager - Adding key: http://hub-cloud.browserstack.com:80 for channel [id: 0x0cfc242a, L:/172.17.19.76:58368 - R:hub-cloud.browserstack.com/173.234.104.3:80]
12:07:47.539 [Forwarding setTimeout on session 51820b973f64b8f6be08f4533ad7fecf8b31a6bc to remote] DEBUG org.asynchttpclient.netty.request.NettyRequestSender - Using pooled Channel '[id: 0x0cfc242a, L:/172.17.19.76:58368 - R:hub-cloud.browserstack.com/173.234.104.3:80]' for 'POST' to 'http://nguynanhdng_QCrHDk:mNTnt9bgzxAqbAEVwh6Y@hub-cloud.browserstack.com/wd/hub/session/51820b973f64b8f6be08f4533ad7fecf8b31a6bc/timeouts'
12:07:47.539 [Forwarding setTimeout on session 51820b973f64b8f6be08f4533ad7fecf8b31a6bc to remote] DEBUG org.asynchttpclient.netty.request.NettyRequestSender - Using open Channel [id: 0x0cfc242a, L:/172.17.19.76:58368 - R:hub-cloud.browserstack.com/173.234.104.3:80] for POST '/wd/hub/session/51820b973f64b8f6be08f4533ad7fecf8b31a6bc/timeouts'
12:07:47.887 [AsyncHttpClient-1-2] DEBUG org.asynchttpclient.netty.handler.HttpHandler - 

Request DefaultHttpRequest(decodeResult: success, version: HTTP/1.1)
POST /wd/hub/session/51820b973f64b8f6be08f4533ad7fecf8b31a6bc/timeouts HTTP/1.1
User-Agent: selenium/4.1.3 (java windows)
traceparent: 00-421ddf4a00a9f4d51e6e844267633331-63ab908db65d15a6-01
Content-Length: 19
Content-Type: application/json; charset=utf-8
host: hub-cloud.browserstack.com
authorization: Basic bmd1eW5hbmhkbmdfUUNySERrOm1OVG50OWJnenhBcWJBRVZ3aDZZ
accept: */*

Response DefaultHttpResponse(decodeResult: success, version: HTTP/1.1)
HTTP/1.1 200 OK
Server: nginx
Date: Mon, 09 May 2022 05:07:47 GMT
Content-Type: application/json;charset=utf-8
Connection: keep-alive
Source-From: 02
expires: Thu, 01 Jan 1970 00:00:00 GMT
cache-control: no-cache, no-cache
temp-header: 2030-2500192868-1-1652072867.654-rproxy-core-002-dcp-apse2a-prod.browserstack.com
content-length: 14

12:07:47.888 [AsyncHttpClient-1-2] DEBUG org.asynchttpclient.netty.channel.ChannelManager - Adding key: http://hub-cloud.browserstack.com:80 for channel [id: 0x0cfc242a, L:/172.17.19.76:58368 - R:hub-cloud.browserstack.com/173.234.104.3:80]
12:07:47.895 [Forwarding findElement on session 51820b973f64b8f6be08f4533ad7fecf8b31a6bc to remote] DEBUG org.asynchttpclient.netty.request.NettyRequestSender - Using pooled Channel '[id: 0x0cfc242a, L:/172.17.19.76:58368 - R:hub-cloud.browserstack.com/173.234.104.3:80]' for 'POST' to 'http://nguynanhdng_QCrHDk:mNTnt9bgzxAqbAEVwh6Y@hub-cloud.browserstack.com/wd/hub/session/51820b973f64b8f6be08f4533ad7fecf8b31a6bc/element'
12:07:47.895 [Forwarding findElement on session 51820b973f64b8f6be08f4533ad7fecf8b31a6bc to remote] DEBUG org.asynchttpclient.netty.request.NettyRequestSender - Using open Channel [id: 0x0cfc242a, L:/172.17.19.76:58368 - R:hub-cloud.browserstack.com/173.234.104.3:80] for POST '/wd/hub/session/51820b973f64b8f6be08f4533ad7fecf8b31a6bc/element'
12:07:48.193 [AsyncHttpClient-1-2] DEBUG org.asynchttpclient.netty.handler.HttpHandler - 

Request DefaultHttpRequest(decodeResult: success, version: HTTP/1.1)
POST /wd/hub/session/51820b973f64b8f6be08f4533ad7fecf8b31a6bc/element HTTP/1.1
User-Agent: selenium/4.1.3 (java windows)
traceparent: 00-ef4ec0fca361e44afecf88f38dd04624-aecdb31fcc000e7a-01
Content-Length: 66
Content-Type: application/json; charset=utf-8
host: hub-cloud.browserstack.com
authorization: Basic bmd1eW5hbmhkbmdfUUNySERrOm1OVG50OWJnenhBcWJBRVZ3aDZZ
accept: */*

Response DefaultHttpResponse(decodeResult: success, version: HTTP/1.1)
HTTP/1.1 200 OK
Server: nginx
Date: Mon, 09 May 2022 05:07:48 GMT
Content-Type: application/json;charset=utf-8
Connection: keep-alive
Source-From: 02
expires: Thu, 01 Jan 1970 00:00:00 GMT
cache-control: no-cache, no-cache
temp-header: 3692-5157180258-1-1652072868.015-rproxy-core-001-dcp-apse2a-prod.browserstack.com
content-length: 88

12:07:48.194 [AsyncHttpClient-1-2] DEBUG org.asynchttpclient.netty.channel.ChannelManager - Adding key: http://hub-cloud.browserstack.com:80 for channel [id: 0x0cfc242a, L:/172.17.19.76:58368 - R:hub-cloud.browserstack.com/173.234.104.3:80]
12:07:48.200 [Forwarding setTimeout on session 51820b973f64b8f6be08f4533ad7fecf8b31a6bc to remote] DEBUG org.asynchttpclient.netty.request.NettyRequestSender - Using pooled Channel '[id: 0x0cfc242a, L:/172.17.19.76:58368 - R:hub-cloud.browserstack.com/173.234.104.3:80]' for 'POST' to 'http://nguynanhdng_QCrHDk:mNTnt9bgzxAqbAEVwh6Y@hub-cloud.browserstack.com/wd/hub/session/51820b973f64b8f6be08f4533ad7fecf8b31a6bc/timeouts'
12:07:48.201 [Forwarding setTimeout on session 51820b973f64b8f6be08f4533ad7fecf8b31a6bc to remote] DEBUG org.asynchttpclient.netty.request.NettyRequestSender - Using open Channel [id: 0x0cfc242a, L:/172.17.19.76:58368 - R:hub-cloud.browserstack.com/173.234.104.3:80] for POST '/wd/hub/session/51820b973f64b8f6be08f4533ad7fecf8b31a6bc/timeouts'
12:07:48.473 [AsyncHttpClient-1-2] DEBUG org.asynchttpclient.netty.handler.HttpHandler - 

Request DefaultHttpRequest(decodeResult: success, version: HTTP/1.1)
POST /wd/hub/session/51820b973f64b8f6be08f4533ad7fecf8b31a6bc/timeouts HTTP/1.1
User-Agent: selenium/4.1.3 (java windows)
traceparent: 00-19737d69265a236d97cc7c73a58e32b2-d8e8d3e51780397a-01
Content-Length: 22
Content-Type: application/json; charset=utf-8
host: hub-cloud.browserstack.com
authorization: Basic bmd1eW5hbmhkbmdfUUNySERrOm1OVG50OWJnenhBcWJBRVZ3aDZZ
accept: */*

Response DefaultHttpResponse(decodeResult: success, version: HTTP/1.1)
HTTP/1.1 200 OK
Server: nginx
Date: Mon, 09 May 2022 05:07:48 GMT
Content-Type: application/json;charset=utf-8
Connection: keep-alive
Source-From: 02
expires: Thu, 01 Jan 1970 00:00:00 GMT
cache-control: no-cache, no-cache
temp-header: 3695-5157180326-1-1652072868.301-rproxy-core-001-dcp-apse2a-prod.browserstack.com
content-length: 14

12:07:48.474 [AsyncHttpClient-1-2] DEBUG org.asynchttpclient.netty.channel.ChannelManager - Adding key: http://hub-cloud.browserstack.com:80 for channel [id: 0x0cfc242a, L:/172.17.19.76:58368 - R:hub-cloud.browserstack.com/173.234.104.3:80]
12:07:48.492 [Forwarding isElementDisplayed on session 51820b973f64b8f6be08f4533ad7fecf8b31a6bc to remote] DEBUG org.asynchttpclient.netty.request.NettyRequestSender - Using pooled Channel '[id: 0x0cfc242a, L:/172.17.19.76:58368 - R:hub-cloud.browserstack.com/173.234.104.3:80]' for 'POST' to 'http://nguynanhdng_QCrHDk:mNTnt9bgzxAqbAEVwh6Y@hub-cloud.browserstack.com/wd/hub/session/51820b973f64b8f6be08f4533ad7fecf8b31a6bc/execute/sync'
12:07:48.493 [Forwarding isElementDisplayed on session 51820b973f64b8f6be08f4533ad7fecf8b31a6bc to remote] DEBUG org.asynchttpclient.netty.request.NettyRequestSender - Using open Channel [id: 0x0cfc242a, L:/172.17.19.76:58368 - R:hub-cloud.browserstack.com/173.234.104.3:80] for POST '/wd/hub/session/51820b973f64b8f6be08f4533ad7fecf8b31a6bc/execute/sync'
12:07:48.847 [AsyncHttpClient-1-2] DEBUG org.asynchttpclient.netty.handler.HttpHandler - 

Request DefaultHttpRequest(decodeResult: success, version: HTTP/1.1)
POST /wd/hub/session/51820b973f64b8f6be08f4533ad7fecf8b31a6bc/execute/sync HTTP/1.1
User-Agent: selenium/4.1.3 (java windows)
traceparent: 00-8b10cefc97f9bb480e7572c72554a222-9ae6876593e20dee-01
Content-Length: 48780
Content-Type: application/json; charset=utf-8
host: hub-cloud.browserstack.com
authorization: Basic bmd1eW5hbmhkbmdfUUNySERrOm1OVG50OWJnenhBcWJBRVZ3aDZZ
accept: */*

Response DefaultHttpResponse(decodeResult: success, version: HTTP/1.1)
HTTP/1.1 200 OK
Server: nginx
Date: Mon, 09 May 2022 05:07:48 GMT
Content-Type: application/json;charset=utf-8
Connection: keep-alive
Source-From: 02
expires: Thu, 01 Jan 1970 00:00:00 GMT
cache-control: no-cache, no-cache
temp-header: 3694-5157180396-1-1652072868.631-rproxy-core-001-dcp-apse2a-prod.browserstack.com
content-length: 14

12:07:48.848 [AsyncHttpClient-1-2] DEBUG org.asynchttpclient.netty.channel.ChannelManager - Adding key: http://hub-cloud.browserstack.com:80 for channel [id: 0x0cfc242a, L:/172.17.19.76:58368 - R:hub-cloud.browserstack.com/173.234.104.3:80]
12:07:48.858 [Forwarding clearElement on session 51820b973f64b8f6be08f4533ad7fecf8b31a6bc to remote] DEBUG org.asynchttpclient.netty.request.NettyRequestSender - Using pooled Channel '[id: 0x0cfc242a, L:/172.17.19.76:58368 - R:hub-cloud.browserstack.com/173.234.104.3:80]' for 'POST' to 'http://nguynanhdng_QCrHDk:mNTnt9bgzxAqbAEVwh6Y@hub-cloud.browserstack.com/wd/hub/session/51820b973f64b8f6be08f4533ad7fecf8b31a6bc/element/0d623494-3145-4b3a-a6e5-91ef49ecbfa1/clear'
12:07:48.859 [Forwarding clearElement on session 51820b973f64b8f6be08f4533ad7fecf8b31a6bc to remote] DEBUG org.asynchttpclient.netty.request.NettyRequestSender - Using open Channel [id: 0x0cfc242a, L:/172.17.19.76:58368 - R:hub-cloud.browserstack.com/173.234.104.3:80] for POST '/wd/hub/session/51820b973f64b8f6be08f4533ad7fecf8b31a6bc/element/0d623494-3145-4b3a-a6e5-91ef49ecbfa1/clear'
12:07:49.207 [AsyncHttpClient-1-2] DEBUG org.asynchttpclient.netty.handler.HttpHandler - 

Request DefaultHttpRequest(decodeResult: success, version: HTTP/1.1)
POST /wd/hub/session/51820b973f64b8f6be08f4533ad7fecf8b31a6bc/element/0d623494-3145-4b3a-a6e5-91ef49ecbfa1/clear HTTP/1.1
User-Agent: selenium/4.1.3 (java windows)
traceparent: 00-c9c989df62498b3c7a7fdb7ab97d53dc-e4375a2ca93cbfa7-01
Content-Length: 50
Content-Type: application/json; charset=utf-8
host: hub-cloud.browserstack.com
authorization: Basic bmd1eW5hbmhkbmdfUUNySERrOm1OVG50OWJnenhBcWJBRVZ3aDZZ
accept: */*

Response DefaultHttpResponse(decodeResult: success, version: HTTP/1.1)
HTTP/1.1 200 OK
Server: nginx
Date: Mon, 09 May 2022 05:07:48 GMT
Content-Type: application/json;charset=utf-8
Connection: keep-alive
Source-From: 02
expires: Thu, 01 Jan 1970 00:00:00 GMT
cache-control: no-cache, no-cache
temp-header: 2029-2500193154-1-1652072868.987-rproxy-core-002-dcp-apse2a-prod.browserstack.com
content-length: 14

12:07:49.208 [AsyncHttpClient-1-2] DEBUG org.asynchttpclient.netty.channel.ChannelManager - Adding key: http://hub-cloud.browserstack.com:80 for channel [id: 0x0cfc242a, L:/172.17.19.76:58368 - R:hub-cloud.browserstack.com/173.234.104.3:80]
12:07:49.215 [Forwarding sendKeysToElement on session 51820b973f64b8f6be08f4533ad7fecf8b31a6bc to remote] DEBUG org.asynchttpclient.netty.request.NettyRequestSender - Using pooled Channel '[id: 0x0cfc242a, L:/172.17.19.76:58368 - R:hub-cloud.browserstack.com/173.234.104.3:80]' for 'POST' to 'http://nguynanhdng_QCrHDk:mNTnt9bgzxAqbAEVwh6Y@hub-cloud.browserstack.com/wd/hub/session/51820b973f64b8f6be08f4533ad7fecf8b31a6bc/element/0d623494-3145-4b3a-a6e5-91ef49ecbfa1/value'
12:07:49.215 [Forwarding sendKeysToElement on session 51820b973f64b8f6be08f4533ad7fecf8b31a6bc to remote] DEBUG org.asynchttpclient.netty.request.NettyRequestSender - Using open Channel [id: 0x0cfc242a, L:/172.17.19.76:58368 - R:hub-cloud.browserstack.com/173.234.104.3:80] for POST '/wd/hub/session/51820b973f64b8f6be08f4533ad7fecf8b31a6bc/element/0d623494-3145-4b3a-a6e5-91ef49ecbfa1/value'
12:07:49.554 [AsyncHttpClient-1-2] DEBUG org.asynchttpclient.netty.handler.HttpHandler - 

Request DefaultHttpRequest(decodeResult: success, version: HTTP/1.1)
POST /wd/hub/session/51820b973f64b8f6be08f4533ad7fecf8b31a6bc/element/0d623494-3145-4b3a-a6e5-91ef49ecbfa1/value HTTP/1.1
User-Agent: selenium/4.1.3 (java windows)
traceparent: 00-07f271989d3438de4d64436d75e810dc-d9f5e426e00b768b-01
Content-Length: 151
Content-Type: application/json; charset=utf-8
host: hub-cloud.browserstack.com
authorization: Basic bmd1eW5hbmhkbmdfUUNySERrOm1OVG50OWJnenhBcWJBRVZ3aDZZ
accept: */*

Response DefaultHttpResponse(decodeResult: success, version: HTTP/1.1)
HTTP/1.1 200 OK
Server: nginx
Date: Mon, 09 May 2022 05:07:49 GMT
Content-Type: application/json;charset=utf-8
Connection: keep-alive
Source-From: 02
expires: Thu, 01 Jan 1970 00:00:00 GMT
cache-control: no-cache, no-cache
temp-header: 2034-2500193238-1-1652072869.386-rproxy-core-002-dcp-apse2a-prod.browserstack.com
content-length: 14

12:07:49.555 [AsyncHttpClient-1-2] DEBUG org.asynchttpclient.netty.channel.ChannelManager - Adding key: http://hub-cloud.browserstack.com:80 for channel [id: 0x0cfc242a, L:/172.17.19.76:58368 - R:hub-cloud.browserstack.com/173.234.104.3:80]
12:07:49.571 [Forwarding setTimeout on session 51820b973f64b8f6be08f4533ad7fecf8b31a6bc to remote] DEBUG org.asynchttpclient.netty.request.NettyRequestSender - Using pooled Channel '[id: 0x0cfc242a, L:/172.17.19.76:58368 - R:hub-cloud.browserstack.com/173.234.104.3:80]' for 'POST' to 'http://nguynanhdng_QCrHDk:mNTnt9bgzxAqbAEVwh6Y@hub-cloud.browserstack.com/wd/hub/session/51820b973f64b8f6be08f4533ad7fecf8b31a6bc/timeouts'
12:07:49.571 [Forwarding setTimeout on session 51820b973f64b8f6be08f4533ad7fecf8b31a6bc to remote] DEBUG org.asynchttpclient.netty.request.NettyRequestSender - Using open Channel [id: 0x0cfc242a, L:/172.17.19.76:58368 - R:hub-cloud.browserstack.com/173.234.104.3:80] for POST '/wd/hub/session/51820b973f64b8f6be08f4533ad7fecf8b31a6bc/timeouts'
12:07:49.846 [AsyncHttpClient-1-2] DEBUG org.asynchttpclient.netty.handler.HttpHandler - 

Request DefaultHttpRequest(decodeResult: success, version: HTTP/1.1)
POST /wd/hub/session/51820b973f64b8f6be08f4533ad7fecf8b31a6bc/timeouts HTTP/1.1
User-Agent: selenium/4.1.3 (java windows)
traceparent: 00-c12795c98ccf9694481eaf0da6b99bd4-599265afab1595d0-01
Content-Length: 19
Content-Type: application/json; charset=utf-8
host: hub-cloud.browserstack.com
authorization: Basic bmd1eW5hbmhkbmdfUUNySERrOm1OVG50OWJnenhBcWJBRVZ3aDZZ
accept: */*

Response DefaultHttpResponse(decodeResult: success, version: HTTP/1.1)
HTTP/1.1 200 OK
Server: nginx
Date: Mon, 09 May 2022 05:07:49 GMT
Content-Type: application/json;charset=utf-8
Connection: keep-alive
Source-From: 02
expires: Thu, 01 Jan 1970 00:00:00 GMT
cache-control: no-cache, no-cache
temp-header: 3698-5157180594-1-1652072869.672-rproxy-core-001-dcp-apse2a-prod.browserstack.com
content-length: 14

12:07:49.847 [AsyncHttpClient-1-2] DEBUG org.asynchttpclient.netty.channel.ChannelManager - Adding key: http://hub-cloud.browserstack.com:80 for channel [id: 0x0cfc242a, L:/172.17.19.76:58368 - R:hub-cloud.browserstack.com/173.234.104.3:80]
12:07:49.853 [Forwarding findElement on session 51820b973f64b8f6be08f4533ad7fecf8b31a6bc to remote] DEBUG org.asynchttpclient.netty.request.NettyRequestSender - Using pooled Channel '[id: 0x0cfc242a, L:/172.17.19.76:58368 - R:hub-cloud.browserstack.com/173.234.104.3:80]' for 'POST' to 'http://nguynanhdng_QCrHDk:mNTnt9bgzxAqbAEVwh6Y@hub-cloud.browserstack.com/wd/hub/session/51820b973f64b8f6be08f4533ad7fecf8b31a6bc/element'
12:07:49.854 [Forwarding findElement on session 51820b973f64b8f6be08f4533ad7fecf8b31a6bc to remote] DEBUG org.asynchttpclient.netty.request.NettyRequestSender - Using open Channel [id: 0x0cfc242a, L:/172.17.19.76:58368 - R:hub-cloud.browserstack.com/173.234.104.3:80] for POST '/wd/hub/session/51820b973f64b8f6be08f4533ad7fecf8b31a6bc/element'
12:07:50.295 [AsyncHttpClient-1-2] DEBUG org.asynchttpclient.netty.handler.HttpHandler - 

Request DefaultHttpRequest(decodeResult: success, version: HTTP/1.1)
POST /wd/hub/session/51820b973f64b8f6be08f4533ad7fecf8b31a6bc/element HTTP/1.1
User-Agent: selenium/4.1.3 (java windows)
traceparent: 00-cd1efb78eca5dc5ead1f4aab035e93f4-ee6502799a6b723c-01
Content-Length: 64
Content-Type: application/json; charset=utf-8
host: hub-cloud.browserstack.com
authorization: Basic bmd1eW5hbmhkbmdfUUNySERrOm1OVG50OWJnenhBcWJBRVZ3aDZZ
accept: */*

Response DefaultHttpResponse(decodeResult: success, version: HTTP/1.1)
HTTP/1.1 200 OK
Server: nginx
Date: Mon, 09 May 2022 05:07:49 GMT
Content-Type: application/json;charset=utf-8
Connection: keep-alive
Source-From: 02
expires: Thu, 01 Jan 1970 00:00:00 GMT
cache-control: no-cache, no-cache
temp-header: 2030-2500193393-1-1652072869.971-rproxy-core-002-dcp-apse2a-prod.browserstack.com
content-length: 88

12:07:50.297 [AsyncHttpClient-1-2] DEBUG org.asynchttpclient.netty.channel.ChannelManager - Adding key: http://hub-cloud.browserstack.com:80 for channel [id: 0x0cfc242a, L:/172.17.19.76:58368 - R:hub-cloud.browserstack.com/173.234.104.3:80]
12:07:50.301 [Forwarding setTimeout on session 51820b973f64b8f6be08f4533ad7fecf8b31a6bc to remote] DEBUG org.asynchttpclient.netty.request.NettyRequestSender - Using pooled Channel '[id: 0x0cfc242a, L:/172.17.19.76:58368 - R:hub-cloud.browserstack.com/173.234.104.3:80]' for 'POST' to 'http://nguynanhdng_QCrHDk:mNTnt9bgzxAqbAEVwh6Y@hub-cloud.browserstack.com/wd/hub/session/51820b973f64b8f6be08f4533ad7fecf8b31a6bc/timeouts'
12:07:50.301 [Forwarding setTimeout on session 51820b973f64b8f6be08f4533ad7fecf8b31a6bc to remote] DEBUG org.asynchttpclient.netty.request.NettyRequestSender - Using open Channel [id: 0x0cfc242a, L:/172.17.19.76:58368 - R:hub-cloud.browserstack.com/173.234.104.3:80] for POST '/wd/hub/session/51820b973f64b8f6be08f4533ad7fecf8b31a6bc/timeouts'
12:07:50.626 [AsyncHttpClient-1-2] DEBUG org.asynchttpclient.netty.handler.HttpHandler - 

Request DefaultHttpRequest(decodeResult: success, version: HTTP/1.1)
POST /wd/hub/session/51820b973f64b8f6be08f4533ad7fecf8b31a6bc/timeouts HTTP/1.1
User-Agent: selenium/4.1.3 (java windows)
traceparent: 00-e2b361a3304278bddacc808adaefc568-7f8bca3051cecd57-01
Content-Length: 22
Content-Type: application/json; charset=utf-8
host: hub-cloud.browserstack.com
authorization: Basic bmd1eW5hbmhkbmdfUUNySERrOm1OVG50OWJnenhBcWJBRVZ3aDZZ
accept: */*

Response DefaultHttpResponse(decodeResult: success, version: HTTP/1.1)
HTTP/1.1 200 OK
Server: nginx
Date: Mon, 09 May 2022 05:07:50 GMT
Content-Type: application/json;charset=utf-8
Connection: keep-alive
Source-From: 02
expires: Thu, 01 Jan 1970 00:00:00 GMT
cache-control: no-cache, no-cache
temp-header: 3700-5157180730-1-1652072870.416-rproxy-core-001-dcp-apse2a-prod.browserstack.com
content-length: 14

12:07:50.628 [AsyncHttpClient-1-2] DEBUG org.asynchttpclient.netty.channel.ChannelManager - Adding key: http://hub-cloud.browserstack.com:80 for channel [id: 0x0cfc242a, L:/172.17.19.76:58368 - R:hub-cloud.browserstack.com/173.234.104.3:80]
12:07:50.640 [Forwarding isElementDisplayed on session 51820b973f64b8f6be08f4533ad7fecf8b31a6bc to remote] DEBUG org.asynchttpclient.netty.request.NettyRequestSender - Using pooled Channel '[id: 0x0cfc242a, L:/172.17.19.76:58368 - R:hub-cloud.browserstack.com/173.234.104.3:80]' for 'POST' to 'http://nguynanhdng_QCrHDk:mNTnt9bgzxAqbAEVwh6Y@hub-cloud.browserstack.com/wd/hub/session/51820b973f64b8f6be08f4533ad7fecf8b31a6bc/execute/sync'
12:07:50.641 [Forwarding isElementDisplayed on session 51820b973f64b8f6be08f4533ad7fecf8b31a6bc to remote] DEBUG org.asynchttpclient.netty.request.NettyRequestSender - Using open Channel [id: 0x0cfc242a, L:/172.17.19.76:58368 - R:hub-cloud.browserstack.com/173.234.104.3:80] for POST '/wd/hub/session/51820b973f64b8f6be08f4533ad7fecf8b31a6bc/execute/sync'
12:07:50.925 [AsyncHttpClient-1-2] DEBUG org.asynchttpclient.netty.handler.HttpHandler - 

Request DefaultHttpRequest(decodeResult: success, version: HTTP/1.1)
POST /wd/hub/session/51820b973f64b8f6be08f4533ad7fecf8b31a6bc/execute/sync HTTP/1.1
User-Agent: selenium/4.1.3 (java windows)
traceparent: 00-145bbcc6add236d00863aed2e1816bae-17866a0a5cefb5ef-01
Content-Length: 48780
Content-Type: application/json; charset=utf-8
host: hub-cloud.browserstack.com
authorization: Basic bmd1eW5hbmhkbmdfUUNySERrOm1OVG50OWJnenhBcWJBRVZ3aDZZ
accept: */*

Response DefaultHttpResponse(decodeResult: success, version: HTTP/1.1)
HTTP/1.1 200 OK
Server: nginx
Date: Mon, 09 May 2022 05:07:50 GMT
Content-Type: application/json;charset=utf-8
Connection: keep-alive
Source-From: 02
expires: Thu, 01 Jan 1970 00:00:00 GMT
cache-control: no-cache, no-cache
temp-header: 2027-2500193646-1-1652072870.759-rproxy-core-002-dcp-apse2a-prod.browserstack.com
content-length: 14

12:07:50.926 [AsyncHttpClient-1-2] DEBUG org.asynchttpclient.netty.channel.ChannelManager - Adding key: http://hub-cloud.browserstack.com:80 for channel [id: 0x0cfc242a, L:/172.17.19.76:58368 - R:hub-cloud.browserstack.com/173.234.104.3:80]
12:07:50.940 [Forwarding getElementTagName on session 51820b973f64b8f6be08f4533ad7fecf8b31a6bc to remote] DEBUG org.asynchttpclient.netty.request.NettyRequestSender - Using pooled Channel '[id: 0x0cfc242a, L:/172.17.19.76:58368 - R:hub-cloud.browserstack.com/173.234.104.3:80]' for 'GET' to 'http://nguynanhdng_QCrHDk:mNTnt9bgzxAqbAEVwh6Y@hub-cloud.browserstack.com/wd/hub/session/51820b973f64b8f6be08f4533ad7fecf8b31a6bc/element/d4fe0fba-f4be-484b-848a-2e3922747117/name'
12:07:50.940 [Forwarding getElementTagName on session 51820b973f64b8f6be08f4533ad7fecf8b31a6bc to remote] DEBUG org.asynchttpclient.netty.request.NettyRequestSender - Using open Channel [id: 0x0cfc242a, L:/172.17.19.76:58368 - R:hub-cloud.browserstack.com/173.234.104.3:80] for GET '/wd/hub/session/51820b973f64b8f6be08f4533ad7fecf8b31a6bc/element/d4fe0fba-f4be-484b-848a-2e3922747117/name'
12:07:51.275 [AsyncHttpClient-1-2] DEBUG org.asynchttpclient.netty.handler.HttpHandler - 

Request DefaultFullHttpRequest(decodeResult: success, version: HTTP/1.1, content: EmptyByteBufBE)
GET /wd/hub/session/51820b973f64b8f6be08f4533ad7fecf8b31a6bc/element/d4fe0fba-f4be-484b-848a-2e3922747117/name HTTP/1.1
User-Agent: selenium/4.1.3 (java windows)
Cache-Control: no-cache
traceparent: 00-2ae85359e9ec51a89230b9447435b10f-c7949bfaf20e2bd0-01
Content-Type: application/json; charset=utf-8
host: hub-cloud.browserstack.com
authorization: Basic bmd1eW5hbmhkbmdfUUNySERrOm1OVG50OWJnenhBcWJBRVZ3aDZZ
accept: */*

Response DefaultHttpResponse(decodeResult: success, version: HTTP/1.1)
HTTP/1.1 200 OK
Server: nginx
Date: Mon, 09 May 2022 05:07:51 GMT
Content-Type: application/json;charset=utf-8
Connection: keep-alive
Source-From: 02
expires: Thu, 01 Jan 1970 00:00:00 GMT
cache-control: no-cache, no-cache
temp-header: 2027-2500193790-1-1652072871.103-rproxy-core-002-dcp-apse2a-prod.browserstack.com
content-length: 17

12:07:51.276 [AsyncHttpClient-1-2] DEBUG org.asynchttpclient.netty.channel.ChannelManager - Adding key: http://hub-cloud.browserstack.com:80 for channel [id: 0x0cfc242a, L:/172.17.19.76:58368 - R:hub-cloud.browserstack.com/173.234.104.3:80]
12:07:51.282 [Forwarding getElementTagName on session 51820b973f64b8f6be08f4533ad7fecf8b31a6bc to remote] DEBUG org.asynchttpclient.netty.request.NettyRequestSender - Using pooled Channel '[id: 0x0cfc242a, L:/172.17.19.76:58368 - R:hub-cloud.browserstack.com/173.234.104.3:80]' for 'GET' to 'http://nguynanhdng_QCrHDk:mNTnt9bgzxAqbAEVwh6Y@hub-cloud.browserstack.com/wd/hub/session/51820b973f64b8f6be08f4533ad7fecf8b31a6bc/element/d4fe0fba-f4be-484b-848a-2e3922747117/name'
12:07:51.282 [Forwarding getElementTagName on session 51820b973f64b8f6be08f4533ad7fecf8b31a6bc to remote] DEBUG org.asynchttpclient.netty.request.NettyRequestSender - Using open Channel [id: 0x0cfc242a, L:/172.17.19.76:58368 - R:hub-cloud.browserstack.com/173.234.104.3:80] for GET '/wd/hub/session/51820b973f64b8f6be08f4533ad7fecf8b31a6bc/element/d4fe0fba-f4be-484b-848a-2e3922747117/name'
12:07:51.558 [AsyncHttpClient-1-2] DEBUG org.asynchttpclient.netty.handler.HttpHandler - 

Request DefaultFullHttpRequest(decodeResult: success, version: HTTP/1.1, content: EmptyByteBufBE)
GET /wd/hub/session/51820b973f64b8f6be08f4533ad7fecf8b31a6bc/element/d4fe0fba-f4be-484b-848a-2e3922747117/name HTTP/1.1
User-Agent: selenium/4.1.3 (java windows)
Cache-Control: no-cache
traceparent: 00-3576b9bcfb9877728c6c31dea26aa387-e58b7fd9bc9378a5-01
Content-Type: application/json; charset=utf-8
host: hub-cloud.browserstack.com
authorization: Basic bmd1eW5hbmhkbmdfUUNySERrOm1OVG50OWJnenhBcWJBRVZ3aDZZ
accept: */*

Response DefaultHttpResponse(decodeResult: success, version: HTTP/1.1)
HTTP/1.1 200 OK
Server: nginx
Date: Mon, 09 May 2022 05:07:51 GMT
Content-Type: application/json;charset=utf-8
Connection: keep-alive
Source-From: 02
expires: Thu, 01 Jan 1970 00:00:00 GMT
cache-control: no-cache, no-cache
temp-header: 3699-5157180885-1-1652072871.390-rproxy-core-001-dcp-apse2a-prod.browserstack.com
content-length: 17

12:07:51.560 [AsyncHttpClient-1-2] DEBUG org.asynchttpclient.netty.channel.ChannelManager - Adding key: http://hub-cloud.browserstack.com:80 for channel [id: 0x0cfc242a, L:/172.17.19.76:58368 - R:hub-cloud.browserstack.com/173.234.104.3:80]
12:07:51.567 [Forwarding isElementEnabled on session 51820b973f64b8f6be08f4533ad7fecf8b31a6bc to remote] DEBUG org.asynchttpclient.netty.request.NettyRequestSender - Using pooled Channel '[id: 0x0cfc242a, L:/172.17.19.76:58368 - R:hub-cloud.browserstack.com/173.234.104.3:80]' for 'GET' to 'http://nguynanhdng_QCrHDk:mNTnt9bgzxAqbAEVwh6Y@hub-cloud.browserstack.com/wd/hub/session/51820b973f64b8f6be08f4533ad7fecf8b31a6bc/element/d4fe0fba-f4be-484b-848a-2e3922747117/enabled'
12:07:51.568 [Forwarding isElementEnabled on session 51820b973f64b8f6be08f4533ad7fecf8b31a6bc to remote] DEBUG org.asynchttpclient.netty.request.NettyRequestSender - Using open Channel [id: 0x0cfc242a, L:/172.17.19.76:58368 - R:hub-cloud.browserstack.com/173.234.104.3:80] for GET '/wd/hub/session/51820b973f64b8f6be08f4533ad7fecf8b31a6bc/element/d4fe0fba-f4be-484b-848a-2e3922747117/enabled'
12:07:51.885 [AsyncHttpClient-1-2] DEBUG org.asynchttpclient.netty.handler.HttpHandler - 

Request DefaultFullHttpRequest(decodeResult: success, version: HTTP/1.1, content: EmptyByteBufBE)
GET /wd/hub/session/51820b973f64b8f6be08f4533ad7fecf8b31a6bc/element/d4fe0fba-f4be-484b-848a-2e3922747117/enabled HTTP/1.1
User-Agent: selenium/4.1.3 (java windows)
Cache-Control: no-cache
traceparent: 00-47422cbd9f891920a76daebcd9ea22d2-1231d39f9329bc4c-01
Content-Type: application/json; charset=utf-8
host: hub-cloud.browserstack.com
authorization: Basic bmd1eW5hbmhkbmdfUUNySERrOm1OVG50OWJnenhBcWJBRVZ3aDZZ
accept: */*

Response DefaultHttpResponse(decodeResult: success, version: HTTP/1.1)
HTTP/1.1 200 OK
Server: nginx
Date: Mon, 09 May 2022 05:07:51 GMT
Content-Type: application/json;charset=utf-8
Connection: keep-alive
Source-From: 02
expires: Thu, 01 Jan 1970 00:00:00 GMT
cache-control: no-cache, no-cache
temp-header: 2034-2500193996-1-1652072871.670-rproxy-core-002-dcp-apse2a-prod.browserstack.com
content-length: 14

12:07:51.886 [AsyncHttpClient-1-2] DEBUG org.asynchttpclient.netty.channel.ChannelManager - Adding key: http://hub-cloud.browserstack.com:80 for channel [id: 0x0cfc242a, L:/172.17.19.76:58368 - R:hub-cloud.browserstack.com/173.234.104.3:80]
12:07:51.890 [Forwarding isElementEnabled on session 51820b973f64b8f6be08f4533ad7fecf8b31a6bc to remote] DEBUG org.asynchttpclient.netty.request.NettyRequestSender - Using pooled Channel '[id: 0x0cfc242a, L:/172.17.19.76:58368 - R:hub-cloud.browserstack.com/173.234.104.3:80]' for 'GET' to 'http://nguynanhdng_QCrHDk:mNTnt9bgzxAqbAEVwh6Y@hub-cloud.browserstack.com/wd/hub/session/51820b973f64b8f6be08f4533ad7fecf8b31a6bc/element/d4fe0fba-f4be-484b-848a-2e3922747117/enabled'
12:07:51.891 [Forwarding isElementEnabled on session 51820b973f64b8f6be08f4533ad7fecf8b31a6bc to remote] DEBUG org.asynchttpclient.netty.request.NettyRequestSender - Using open Channel [id: 0x0cfc242a, L:/172.17.19.76:58368 - R:hub-cloud.browserstack.com/173.234.104.3:80] for GET '/wd/hub/session/51820b973f64b8f6be08f4533ad7fecf8b31a6bc/element/d4fe0fba-f4be-484b-848a-2e3922747117/enabled'
12:07:52.161 [AsyncHttpClient-1-2] DEBUG org.asynchttpclient.netty.handler.HttpHandler - 

Request DefaultFullHttpRequest(decodeResult: success, version: HTTP/1.1, content: EmptyByteBufBE)
GET /wd/hub/session/51820b973f64b8f6be08f4533ad7fecf8b31a6bc/element/d4fe0fba-f4be-484b-848a-2e3922747117/enabled HTTP/1.1
User-Agent: selenium/4.1.3 (java windows)
Cache-Control: no-cache
traceparent: 00-d7ce75f1b033be04d458da922c560820-8a6c0d650496467e-01
Content-Type: application/json; charset=utf-8
host: hub-cloud.browserstack.com
authorization: Basic bmd1eW5hbmhkbmdfUUNySERrOm1OVG50OWJnenhBcWJBRVZ3aDZZ
accept: */*

Response DefaultHttpResponse(decodeResult: success, version: HTTP/1.1)
HTTP/1.1 200 OK
Server: nginx
Date: Mon, 09 May 2022 05:07:51 GMT
Content-Type: application/json;charset=utf-8
Connection: keep-alive
Source-From: 02
expires: Thu, 01 Jan 1970 00:00:00 GMT
cache-control: no-cache, no-cache
temp-header: 2031-2500194100-1-1652072871.996-rproxy-core-002-dcp-apse2a-prod.browserstack.com
content-length: 14

12:07:52.162 [AsyncHttpClient-1-2] DEBUG org.asynchttpclient.netty.channel.ChannelManager - Adding key: http://hub-cloud.browserstack.com:80 for channel [id: 0x0cfc242a, L:/172.17.19.76:58368 - R:hub-cloud.browserstack.com/173.234.104.3:80]
12:07:52.168 [Forwarding clickElement on session 51820b973f64b8f6be08f4533ad7fecf8b31a6bc to remote] DEBUG org.asynchttpclient.netty.request.NettyRequestSender - Using pooled Channel '[id: 0x0cfc242a, L:/172.17.19.76:58368 - R:hub-cloud.browserstack.com/173.234.104.3:80]' for 'POST' to 'http://nguynanhdng_QCrHDk:mNTnt9bgzxAqbAEVwh6Y@hub-cloud.browserstack.com/wd/hub/session/51820b973f64b8f6be08f4533ad7fecf8b31a6bc/element/d4fe0fba-f4be-484b-848a-2e3922747117/click'
12:07:52.169 [Forwarding clickElement on session 51820b973f64b8f6be08f4533ad7fecf8b31a6bc to remote] DEBUG org.asynchttpclient.netty.request.NettyRequestSender - Using open Channel [id: 0x0cfc242a, L:/172.17.19.76:58368 - R:hub-cloud.browserstack.com/173.234.104.3:80] for POST '/wd/hub/session/51820b973f64b8f6be08f4533ad7fecf8b31a6bc/element/d4fe0fba-f4be-484b-848a-2e3922747117/click'
12:07:53.585 [AsyncHttpClient-1-2] DEBUG org.asynchttpclient.netty.handler.HttpHandler - 

Request DefaultHttpRequest(decodeResult: success, version: HTTP/1.1)
POST /wd/hub/session/51820b973f64b8f6be08f4533ad7fecf8b31a6bc/element/d4fe0fba-f4be-484b-848a-2e3922747117/click HTTP/1.1
User-Agent: selenium/4.1.3 (java windows)
traceparent: 00-e9d83931b1096306d45c33104c68f8e7-baa1ba9ee28c3454-01
Content-Length: 50
Content-Type: application/json; charset=utf-8
host: hub-cloud.browserstack.com
authorization: Basic bmd1eW5hbmhkbmdfUUNySERrOm1OVG50OWJnenhBcWJBRVZ3aDZZ
accept: */*

Response DefaultHttpResponse(decodeResult: success, version: HTTP/1.1)
HTTP/1.1 200 OK
Server: nginx
Date: Mon, 09 May 2022 05:07:53 GMT
Content-Type: application/json;charset=utf-8
Connection: keep-alive
Source-From: 02
expires: Thu, 01 Jan 1970 00:00:00 GMT
cache-control: no-cache, no-cache
temp-header: 2034-2500194193-1-1652072873.084-rproxy-core-002-dcp-apse2a-prod.browserstack.com
content-length: 14

[...]
HTTP/1.1 200 OK
Server: nginx
Date: Mon, 09 May 2022 05:09:33 GMT
Content-Type: application/json;charset=utf-8
Connection: keep-alive
Source-From: 02
expires: Thu, 01 Jan 1970 00:00:00 GMT
cache-control: no-cache, no-cache
temp-header: 3693-5157203167-1-1652072973.762-rproxy-core-001-dcp-apse2a-prod.browserstack.com
content-length: 14

12:09:33.989 [AsyncHttpClient-1-11] DEBUG org.asynchttpclient.netty.channel.ChannelManager - Adding key: http://hub-cloud.browserstack.com:80 for channel [id: 0x0bf79eb8, L:/172.17.19.76:52213 - R:hub-cloud.browserstack.com/173.234.104.3:80]
12:09:33.993 [Forwarding getElementTagName on session 6c4657cb1aa1a7910e56123c8d086d97ebbbf03a to remote] DEBUG org.asynchttpclient.netty.request.NettyRequestSender - Using pooled Channel '[id: 0x0bf79eb8, L:/172.17.19.76:52213 - R:hub-cloud.browserstack.com/173.234.104.3:80]' for 'GET' to 'http://nguynanhdng_QCrHDk:mNTnt9bgzxAqbAEVwh6Y@hub-cloud.browserstack.com/wd/hub/session/6c4657cb1aa1a7910e56123c8d086d97ebbbf03a/element/51cd61b4-7ea9-4796-891d-051d2af5fe43/name'
12:09:33.993 [Forwarding getElementTagName on session 6c4657cb1aa1a7910e56123c8d086d97ebbbf03a to remote] DEBUG org.asynchttpclient.netty.request.NettyRequestSender - Using open Channel [id: 0x0bf79eb8, L:/172.17.19.76:52213 - R:hub-cloud.browserstack.com/173.234.104.3:80] for GET '/wd/hub/session/6c4657cb1aa1a7910e56123c8d086d97ebbbf03a/element/51cd61b4-7ea9-4796-891d-051d2af5fe43/name'
12:09:34.286 [AsyncHttpClient-1-11] DEBUG org.asynchttpclient.netty.handler.HttpHandler - 

Request DefaultFullHttpRequest(decodeResult: success, version: HTTP/1.1, content: EmptyByteBufBE)
GET /wd/hub/session/6c4657cb1aa1a7910e56123c8d086d97ebbbf03a/element/51cd61b4-7ea9-4796-891d-051d2af5fe43/name HTTP/1.1
User-Agent: selenium/4.1.3 (java windows)
Cache-Control: no-cache
traceparent: 00-5b97cda987f8e013ba33e4db029e0e92-bfd8e01ebfe52ede-01
Content-Type: application/json; charset=utf-8
host: hub-cloud.browserstack.com
authorization: Basic bmd1eW5hbmhkbmdfUUNySERrOm1OVG50OWJnenhBcWJBRVZ3aDZZ
accept: */*

Response DefaultHttpResponse(decodeResult: success, version: HTTP/1.1)
HTTP/1.1 200 OK
Server: nginx
Date: Mon, 09 May 2022 05:09:34 GMT
Content-Type: application/json;charset=utf-8
Connection: keep-alive
Source-From: 02
expires: Thu, 01 Jan 1970 00:00:00 GMT
cache-control: no-cache, no-cache
temp-header: 3694-5157203190-1-1652072974.119-rproxy-core-001-dcp-apse2a-prod.browserstack.com
content-length: 17

12:09:34.287 [AsyncHttpClient-1-11] DEBUG org.asynchttpclient.netty.channel.ChannelManager - Adding key: http://hub-cloud.browserstack.com:80 for channel [id: 0x0bf79eb8, L:/172.17.19.76:52213 - R:hub-cloud.browserstack.com/173.234.104.3:80]
12:09:34.290 [Forwarding getElementTagName on session 6c4657cb1aa1a7910e56123c8d086d97ebbbf03a to remote] DEBUG org.asynchttpclient.netty.request.NettyRequestSender - Using pooled Channel '[id: 0x0bf79eb8, L:/172.17.19.76:52213 - R:hub-cloud.browserstack.com/173.234.104.3:80]' for 'GET' to 'http://nguynanhdng_QCrHDk:mNTnt9bgzxAqbAEVwh6Y@hub-cloud.browserstack.com/wd/hub/session/6c4657cb1aa1a7910e56123c8d086d97ebbbf03a/element/51cd61b4-7ea9-4796-891d-051d2af5fe43/name'
12:09:34.290 [Forwarding getElementTagName on session 6c4657cb1aa1a7910e56123c8d086d97ebbbf03a to remote] DEBUG org.asynchttpclient.netty.request.NettyRequestSender - Using open Channel [id: 0x0bf79eb8, L:/172.17.19.76:52213 - R:hub-cloud.browserstack.com/173.234.104.3:80] for GET '/wd/hub/session/6c4657cb1aa1a7910e56123c8d086d97ebbbf03a/element/51cd61b4-7ea9-4796-891d-051d2af5fe43/name'
12:09:34.547 [AsyncHttpClient-1-11] DEBUG org.asynchttpclient.netty.handler.HttpHandler - 

Request DefaultFullHttpRequest(decodeResult: success, version: HTTP/1.1, content: EmptyByteBufBE)
GET /wd/hub/session/6c4657cb1aa1a7910e56123c8d086d97ebbbf03a/element/51cd61b4-7ea9-4796-891d-051d2af5fe43/name HTTP/1.1
User-Agent: selenium/4.1.3 (java windows)
Cache-Control: no-cache
traceparent: 00-cda252484ee52e9cae7e82cce3de269e-f51fa142c96018a2-01
Content-Type: application/json; charset=utf-8
host: hub-cloud.browserstack.com
authorization: Basic bmd1eW5hbmhkbmdfUUNySERrOm1OVG50OWJnenhBcWJBRVZ3aDZZ
accept: */*

Response DefaultHttpResponse(decodeResult: success, version: HTTP/1.1)
HTTP/1.1 200 OK
Server: nginx
Date: Mon, 09 May 2022 05:09:34 GMT
Content-Type: application/json;charset=utf-8
Connection: keep-alive
Source-From: 02
expires: Thu, 01 Jan 1970 00:00:00 GMT
cache-control: no-cache, no-cache
temp-header: 3690-5157203211-1-1652072974.386-rproxy-core-001-dcp-apse2a-prod.browserstack.com
content-length: 17

12:09:34.548 [AsyncHttpClient-1-11] DEBUG org.asynchttpclient.netty.channel.ChannelManager - Adding key: http://hub-cloud.browserstack.com:80 for channel [id: 0x0bf79eb8, L:/172.17.19.76:52213 - R:hub-cloud.browserstack.com/173.234.104.3:80]
12:09:34.552 [Forwarding isElementEnabled on session 6c4657cb1aa1a7910e56123c8d086d97ebbbf03a to remote] DEBUG org.asynchttpclient.netty.request.NettyRequestSender - Using pooled Channel '[id: 0x0bf79eb8, L:/172.17.19.76:52213 - R:hub-cloud.browserstack.com/173.234.104.3:80]' for 'GET' to 'http://nguynanhdng_QCrHDk:mNTnt9bgzxAqbAEVwh6Y@hub-cloud.browserstack.com/wd/hub/session/6c4657cb1aa1a7910e56123c8d086d97ebbbf03a/element/51cd61b4-7ea9-4796-891d-051d2af5fe43/enabled'
12:09:34.552 [Forwarding isElementEnabled on session 6c4657cb1aa1a7910e56123c8d086d97ebbbf03a to remote] DEBUG org.asynchttpclient.netty.request.NettyRequestSender - Using open Channel [id: 0x0bf79eb8, L:/172.17.19.76:52213 - R:hub-cloud.browserstack.com/173.234.104.3:80] for GET '/wd/hub/session/6c4657cb1aa1a7910e56123c8d086d97ebbbf03a/element/51cd61b4-7ea9-4796-891d-051d2af5fe43/enabled'
12:09:34.819 [AsyncHttpClient-1-11] DEBUG org.asynchttpclient.netty.handler.HttpHandler - 

Request DefaultFullHttpRequest(decodeResult: success, version: HTTP/1.1, content: EmptyByteBufBE)
GET /wd/hub/session/6c4657cb1aa1a7910e56123c8d086d97ebbbf03a/element/51cd61b4-7ea9-4796-891d-051d2af5fe43/enabled HTTP/1.1
User-Agent: selenium/4.1.3 (java windows)
Cache-Control: no-cache
traceparent: 00-85f3c49f454696ae4415bc23e55cb455-3a8a1f4d25a96a68-01
Content-Type: application/json; charset=utf-8
host: hub-cloud.browserstack.com
authorization: Basic bmd1eW5hbmhkbmdfUUNySERrOm1OVG50OWJnenhBcWJBRVZ3aDZZ
accept: */*

Response DefaultHttpResponse(decodeResult: success, version: HTTP/1.1)
HTTP/1.1 200 OK
Server: nginx
Date: Mon, 09 May 2022 05:09:34 GMT
Content-Type: application/json;charset=utf-8
Connection: keep-alive
Source-From: 02
expires: Thu, 01 Jan 1970 00:00:00 GMT
cache-control: no-cache, no-cache
temp-header: 2027-2500209343-1-1652072974.641-rproxy-core-002-dcp-apse2a-prod.browserstack.com
content-length: 14

12:09:34.819 [AsyncHttpClient-1-11] DEBUG org.asynchttpclient.netty.channel.ChannelManager - Adding key: http://hub-cloud.browserstack.com:80 for channel [id: 0x0bf79eb8, L:/172.17.19.76:52213 - R:hub-cloud.browserstack.com/173.234.104.3:80]
12:09:34.821 [Forwarding isElementEnabled on session 6c4657cb1aa1a7910e56123c8d086d97ebbbf03a to remote] DEBUG org.asynchttpclient.netty.request.NettyRequestSender - Using pooled Channel '[id: 0x0bf79eb8, L:/172.17.19.76:52213 - R:hub-cloud.browserstack.com/173.234.104.3:80]' for 'GET' to 'http://nguynanhdng_QCrHDk:mNTnt9bgzxAqbAEVwh6Y@hub-cloud.browserstack.com/wd/hub/session/6c4657cb1aa1a7910e56123c8d086d97ebbbf03a/element/51cd61b4-7ea9-4796-891d-051d2af5fe43/enabled'
12:09:34.821 [Forwarding isElementEnabled on session 6c4657cb1aa1a7910e56123c8d086d97ebbbf03a to remote] DEBUG org.asynchttpclient.netty.request.NettyRequestSender - Using open Channel [id: 0x0bf79eb8, L:/172.17.19.76:52213 - R:hub-cloud.browserstack.com/173.234.104.3:80] for GET '/wd/hub/session/6c4657cb1aa1a7910e56123c8d086d97ebbbf03a/element/51cd61b4-7ea9-4796-891d-051d2af5fe43/enabled'
12:09:35.076 [AsyncHttpClient-1-11] DEBUG org.asynchttpclient.netty.handler.HttpHandler - 

Request DefaultFullHttpRequest(decodeResult: success, version: HTTP/1.1, content: EmptyByteBufBE)
GET /wd/hub/session/6c4657cb1aa1a7910e56123c8d086d97ebbbf03a/element/51cd61b4-7ea9-4796-891d-051d2af5fe43/enabled HTTP/1.1
User-Agent: selenium/4.1.3 (java windows)
Cache-Control: no-cache
traceparent: 00-ec1098317ec368d1a0017ff64fb8820b-c3944acfde8e4e76-01
Content-Type: application/json; charset=utf-8
host: hub-cloud.browserstack.com
authorization: Basic bmd1eW5hbmhkbmdfUUNySERrOm1OVG50OWJnenhBcWJBRVZ3aDZZ
accept: */*

Response DefaultHttpResponse(decodeResult: success, version: HTTP/1.1)
HTTP/1.1 200 OK
Server: nginx
Date: Mon, 09 May 2022 05:09:34 GMT
Content-Type: application/json;charset=utf-8
Connection: keep-alive
Source-From: 02
expires: Thu, 01 Jan 1970 00:00:00 GMT
cache-control: no-cache, no-cache
temp-header: 3689-5157203291-1-1652072974.910-rproxy-core-001-dcp-apse2a-prod.browserstack.com
content-length: 14

12:09:35.076 [AsyncHttpClient-1-11] DEBUG org.asynchttpclient.netty.channel.ChannelManager - Adding key: http://hub-cloud.browserstack.com:80 for channel [id: 0x0bf79eb8, L:/172.17.19.76:52213 - R:hub-cloud.browserstack.com/173.234.104.3:80]
12:09:35.080 [Forwarding clickElement on session 6c4657cb1aa1a7910e56123c8d086d97ebbbf03a to remote] DEBUG org.asynchttpclient.netty.request.NettyRequestSender - Using pooled Channel '[id: 0x0bf79eb8, L:/172.17.19.76:52213 - R:hub-cloud.browserstack.com/173.234.104.3:80]' for 'POST' to 'http://nguynanhdng_QCrHDk:mNTnt9bgzxAqbAEVwh6Y@hub-cloud.browserstack.com/wd/hub/session/6c4657cb1aa1a7910e56123c8d086d97ebbbf03a/element/51cd61b4-7ea9-4796-891d-051d2af5fe43/click'
12:09:35.080 [Forwarding clickElement on session 6c4657cb1aa1a7910e56123c8d086d97ebbbf03a to remote] DEBUG org.asynchttpclient.netty.request.NettyRequestSender - Using open Channel [id: 0x0bf79eb8, L:/172.17.19.76:52213 - R:hub-cloud.browserstack.com/173.234.104.3:80] for POST '/wd/hub/session/6c4657cb1aa1a7910e56123c8d086d97ebbbf03a/element/51cd61b4-7ea9-4796-891d-051d2af5fe43/click'
12:09:36.331 [AsyncHttpClient-1-11] DEBUG org.asynchttpclient.netty.handler.HttpHandler - 

Request DefaultHttpRequest(decodeResult: success, version: HTTP/1.1)
POST /wd/hub/session/6c4657cb1aa1a7910e56123c8d086d97ebbbf03a/element/51cd61b4-7ea9-4796-891d-051d2af5fe43/click HTTP/1.1
User-Agent: selenium/4.1.3 (java windows)
traceparent: 00-e0ce456636f206936985f66b23ae21a4-21f648197ccbd8c2-01
Content-Length: 50
Content-Type: application/json; charset=utf-8
host: hub-cloud.browserstack.com
authorization: Basic bmd1eW5hbmhkbmdfUUNySERrOm1OVG50OWJnenhBcWJBRVZ3aDZZ
accept: */*

Response DefaultHttpResponse(decodeResult: success, version: HTTP/1.1)
HTTP/1.1 200 OK
Server: nginx
Date: Mon, 09 May 2022 05:09:36 GMT
Content-Type: application/json;charset=utf-8
Connection: keep-alive
Source-From: 02
expires: Thu, 01 Jan 1970 00:00:00 GMT
cache-control: no-cache, no-cache
temp-header: 3696-5157203376-1-1652072976.053-rproxy-core-001-dcp-apse2a-prod.browserstack.com
content-length: 14

12:09:36.331 [AsyncHttpClient-1-11] DEBUG org.asynchttpclient.netty.channel.ChannelManager - Adding key: http://hub-cloud.browserstack.com:80 for channel [id: 0x0bf79eb8, L:/172.17.19.76:52213 - R:hub-cloud.browserstack.com/173.234.104.3:80]
12:09:36.335 [main] DEBUG net.thucydides.core.steps.StepInterceptor - STEP DONE: login
  &amp#27;[32mGiven &amp#27;[0m&amp#27;[32mthe user enters the username &amp#27;[0m&amp#27;[32m&amp#27;[1mmngr398793&amp#27;[0m&amp#27;[32m and password &amp#27;[0m&amp#27;[32m&amp#27;[1m""&amp#27;[0m &amp#27;[90m# cucumber.LoginStepDefs.the_user_enters_the_username_and_password(java.lang.String,java.lang.String)&amp#27;[0m
12:09:36.340 [main] DEBUG net.thucydides.core.steps.StepInterceptor - STARTING STEP: LoginStepDefs.the_error_message_user_is_not_valid_is_displayed - checkInvalid
12:09:36.341 [Forwarding getAlertText on session 6c4657cb1aa1a7910e56123c8d086d97ebbbf03a to remote] DEBUG org.asynchttpclient.netty.request.NettyRequestSender - Using pooled Channel '[id: 0x0bf79eb8, L:/172.17.19.76:52213 - R:hub-cloud.browserstack.com/173.234.104.3:80]' for 'GET' to 'http://nguynanhdng_QCrHDk:mNTnt9bgzxAqbAEVwh6Y@hub-cloud.browserstack.com/wd/hub/session/6c4657cb1aa1a7910e56123c8d086d97ebbbf03a/alert/text'
12:09:36.341 [Forwarding getAlertText on session 6c4657cb1aa1a7910e56123c8d086d97ebbbf03a to remote] DEBUG org.asynchttpclient.netty.request.NettyRequestSender - Using open Channel [id: 0x0bf79eb8, L:/172.17.19.76:52213 - R:hub-cloud.browserstack.com/173.234.104.3:80] for GET '/wd/hub/session/6c4657cb1aa1a7910e56123c8d086d97ebbbf03a/alert/text'
12:09:36.593 [AsyncHttpClient-1-11] DEBUG org.asynchttpclient.netty.handler.HttpHandler - 

Request DefaultFullHttpRequest(decodeResult: success, version: HTTP/1.1, content: EmptyByteBufBE)
GET /wd/hub/session/6c4657cb1aa1a7910e56123c8d086d97ebbbf03a/alert/text HTTP/1.1
User-Agent: selenium/4.1.3 (java windows)
Cache-Control: no-cache
traceparent: 00-8240e5df023400d5c8d212f6a98e6ddb-b50c453480c05bef-01
Content-Type: application/json; charset=utf-8
host: hub-cloud.browserstack.com
authorization: Basic bmd1eW5hbmhkbmdfUUNySERrOm1OVG50OWJnenhBcWJBRVZ3aDZZ
accept: */*

Response DefaultHttpResponse(decodeResult: success, version: HTTP/1.1)
HTTP/1.1 200 OK
Server: nginx
Date: Mon, 09 May 2022 05:09:36 GMT
Content-Type: application/json;charset=utf-8
Connection: keep-alive
Source-From: 02
expires: Thu, 01 Jan 1970 00:00:00 GMT
cache-control: no-cache, no-cache
temp-header: 3693-5157203679-1-1652072976.427-rproxy-core-001-dcp-apse2a-prod.browserstack.com
content-length: 29

12:09:36.594 [AsyncHttpClient-1-11] DEBUG org.asynchttpclient.netty.channel.ChannelManager - Adding key: http://hub-cloud.browserstack.com:80 for channel [id: 0x0bf79eb8, L:/172.17.19.76:52213 - R:hub-cloud.browserstack.com/173.234.104.3:80]
12:09:36.595 [Forwarding getAlertText on session 6c4657cb1aa1a7910e56123c8d086d97ebbbf03a to remote] DEBUG org.asynchttpclient.netty.request.NettyRequestSender - Using pooled Channel '[id: 0x0bf79eb8, L:/172.17.19.76:52213 - R:hub-cloud.browserstack.com/173.234.104.3:80]' for 'GET' to 'http://nguynanhdng_QCrHDk:mNTnt9bgzxAqbAEVwh6Y@hub-cloud.browserstack.com/wd/hub/session/6c4657cb1aa1a7910e56123c8d086d97ebbbf03a/alert/text'
12:09:36.595 [Forwarding getAlertText on session 6c4657cb1aa1a7910e56123c8d086d97ebbbf03a to remote] DEBUG org.asynchttpclient.netty.request.NettyRequestSender - Using open Channel [id: 0x0bf79eb8, L:/172.17.19.76:52213 - R:hub-cloud.browserstack.com/173.234.104.3:80] for GET '/wd/hub/session/6c4657cb1aa1a7910e56123c8d086d97ebbbf03a/alert/text'
12:09:36.949 [AsyncHttpClient-1-11] DEBUG org.asynchttpclient.netty.handler.HttpHandler - 

Request DefaultFullHttpRequest(decodeResult: success, version: HTTP/1.1, content: EmptyByteBufBE)
GET /wd/hub/session/6c4657cb1aa1a7910e56123c8d086d97ebbbf03a/alert/text HTTP/1.1
User-Agent: selenium/4.1.3 (java windows)
Cache-Control: no-cache
traceparent: 00-fe7d3c944cada195b2f3ade79193aa58-448313cc766ca945-01
Content-Type: application/json; charset=utf-8
host: hub-cloud.browserstack.com
authorization: Basic bmd1eW5hbmhkbmdfUUNySERrOm1OVG50OWJnenhBcWJBRVZ3aDZZ
accept: */*

Response DefaultHttpResponse(decodeResult: success, version: HTTP/1.1)
HTTP/1.1 200 OK
Server: nginx
Date: Mon, 09 May 2022 05:09:36 GMT
Content-Type: application/json;charset=utf-8
Connection: keep-alive
Source-From: 02
expires: Thu, 01 Jan 1970 00:00:00 GMT
cache-control: no-cache, no-cache
temp-header: 3692-5157203743-1-1652072976.674-rproxy-core-001-dcp-apse2a-prod.browserstack.com
content-length: 29

12:09:36.949 [AsyncHttpClient-1-11] DEBUG org.asynchttpclient.netty.channel.ChannelManager - Adding key: http://hub-cloud.browserstack.com:80 for channel [id: 0x0bf79eb8, L:/172.17.19.76:52213 - R:hub-cloud.browserstack.com/173.234.104.3:80]
12:09:36.951 [Forwarding acceptAlert on session 6c4657cb1aa1a7910e56123c8d086d97ebbbf03a to remote] DEBUG org.asynchttpclient.netty.request.NettyRequestSender - Using pooled Channel '[id: 0x0bf79eb8, L:/172.17.19.76:52213 - R:hub-cloud.browserstack.com/173.234.104.3:80]' for 'POST' to 'http://nguynanhdng_QCrHDk:mNTnt9bgzxAqbAEVwh6Y@hub-cloud.browserstack.com/wd/hub/session/6c4657cb1aa1a7910e56123c8d086d97ebbbf03a/alert/accept'
12:09:36.951 [Forwarding acceptAlert on session 6c4657cb1aa1a7910e56123c8d086d97ebbbf03a to remote] DEBUG org.asynchttpclient.netty.request.NettyRequestSender - Using open Channel [id: 0x0bf79eb8, L:/172.17.19.76:52213 - R:hub-cloud.browserstack.com/173.234.104.3:80] for POST '/wd/hub/session/6c4657cb1aa1a7910e56123c8d086d97ebbbf03a/alert/accept'
12:09:37.245 [AsyncHttpClient-1-11] DEBUG org.asynchttpclient.netty.handler.HttpHandler - 

Request DefaultHttpRequest(decodeResult: success, version: HTTP/1.1)
POST /wd/hub/session/6c4657cb1aa1a7910e56123c8d086d97ebbbf03a/alert/accept HTTP/1.1
User-Agent: selenium/4.1.3 (java windows)
traceparent: 00-552dd66c8ca4509f003404b7cd8d3800-88e0fb2afa52dc81-01
Content-Length: 3
Content-Type: application/json; charset=utf-8
host: hub-cloud.browserstack.com
authorization: Basic bmd1eW5hbmhkbmdfUUNySERrOm1OVG50OWJnenhBcWJBRVZ3aDZZ
accept: */*

Response DefaultHttpResponse(decodeResult: success, version: HTTP/1.1)
HTTP/1.1 200 OK
Server: nginx
Date: Mon, 09 May 2022 05:09:37 GMT
Content-Type: application/json;charset=utf-8
Connection: keep-alive
Source-From: 02
expires: Thu, 01 Jan 1970 00:00:00 GMT
cache-control: no-cache, no-cache
temp-header: 3689-5157203829-1-1652072977.055-rproxy-core-001-dcp-apse2a-prod.browserstack.com
content-length: 14

12:09:37.245 [AsyncHttpClient-1-11] DEBUG org.asynchttpclient.netty.channel.ChannelManager - Adding key: http://hub-cloud.browserstack.com:80 for channel [id: 0x0bf79eb8, L:/172.17.19.76:52213 - R:hub-cloud.browserstack.com/173.234.104.3:80]
12:09:37.248 [main] DEBUG net.thucydides.core.steps.StepInterceptor - STEP DONE: checkInvalid
  &amp#27;[32mThen &amp#27;[0m&amp#27;[32mthe error message &amp#27;[0m&amp#27;[32m&amp#27;[1m'User is not valid'&amp#27;[0m&amp#27;[32m is displayed&amp#27;[0m       &amp#27;[90m# cucumber.LoginStepDefs.the_error_message_user_is_not_valid_is_displayed(java.lang.String)&amp#27;[0m
12:09:37.253 [Forwarding quit on session 6c4657cb1aa1a7910e56123c8d086d97ebbbf03a to remote] DEBUG org.asynchttpclient.netty.request.NettyRequestSender - Using pooled Channel '[id: 0x0bf79eb8, L:/172.17.19.76:52213 - R:hub-cloud.browserstack.com/173.234.104.3:80]' for 'DELETE' to 'http://nguynanhdng_QCrHDk:mNTnt9bgzxAqbAEVwh6Y@hub-cloud.browserstack.com/wd/hub/session/6c4657cb1aa1a7910e56123c8d086d97ebbbf03a'
12:09:37.253 [Forwarding quit on session 6c4657cb1aa1a7910e56123c8d086d97ebbbf03a to remote] DEBUG org.asynchttpclient.netty.request.NettyRequestSender - Using open Channel [id: 0x0bf79eb8, L:/172.17.19.76:52213 - R:hub-cloud.browserstack.com/173.234.104.3:80] for DELETE '/wd/hub/session/6c4657cb1aa1a7910e56123c8d086d97ebbbf03a'
12:09:38.904 [AsyncHttpClient-1-11] DEBUG org.asynchttpclient.netty.handler.HttpHandler - 

Request DefaultFullHttpRequest(decodeResult: success, version: HTTP/1.1, content: EmptyByteBufBE)
DELETE /wd/hub/session/6c4657cb1aa1a7910e56123c8d086d97ebbbf03a HTTP/1.1
User-Agent: selenium/4.1.3 (java windows)
traceparent: 00-d70e02fabb2c184309b88bc94704193e-3a889bde9b94a364-01
Content-Type: application/json; charset=utf-8
host: hub-cloud.browserstack.com
authorization: Basic bmd1eW5hbmhkbmdfUUNySERrOm1OVG50OWJnenhBcWJBRVZ3aDZZ
accept: */*

Response DefaultHttpResponse(decodeResult: success, version: HTTP/1.1)
HTTP/1.1 200 OK
Server: nginx
Date: Mon, 09 May 2022 05:09:38 GMT
Content-Type: application/json; charset=utf-8
Transfer-Encoding: chunked
Connection: keep-alive
Source-From: 02
cache-control: no-cache

12:09:38.904 [AsyncHttpClient-1-11] DEBUG org.asynchttpclient.netty.channel.ChannelManager - Adding key: http://hub-cloud.browserstack.com:80 for channel [id: 0x0bf79eb8, L:/172.17.19.76:52213 - R:hub-cloud.browserstack.com/173.234.104.3:80]
]]></system-out>
  </testcase>
</testsuite>